The flag 'directory' used in rule demultiplex is only valid for outputs, not inputs.
The flag 'directory' used in rule demultiplex is only valid for outputs, not inputs.
The flag 'directory' used in rule aggregate_undetermined_filesizes is only valid for outputs, not inputs.
localrules directive specifies rules that are not present in the Snakefile:
	xenograft_check
	check_coverage

Building DAG of jobs...
Using shell: /bin/bash
Provided cluster nodes: 100
Job counts:
	count	jobs
	1	check_complete
	1	convert_illumina_report
	4	demultiplex
	1	split_demultiplex
	1	yield_report
	8

[Mon Jun 27 13:58:53 2022]
localrule check_complete:
    input: /gpfs/project/projects/spike/AG_Borkhardt/Inputs/Raw_Illumina/220622_NB552271_0095_AHWG7LBGXL/RTAComplete.txt
    output: /gpfs/project/projects/spike/AG_Borkhardt/Intermediate/005_check_complete/220622_NB552271_0095_AHWG7LBGXL.complete.txt
    log: /gpfs/project/projects/spike/AG_Borkhardt/Logs/005_check_complete/220622_NB552271_0095_AHWG7LBGXL.log
    jobid: 7
    benchmark: /gpfs/project/projects/spike/AG_Borkhardt/Benchmarks/005_check_complete/220622_NB552271_0095_AHWG7LBGXL.benchmark
    reason: Forced execution
    wildcards: prefix=/gpfs/project/projects/spike/AG_Borkhardt/, run=220622_NB552271_0095_AHWG7LBGXL

[Mon Jun 27 13:59:11 2022]
Finished job 7.
1 of 8 steps (12%) done

[Mon Jun 27 13:59:11 2022]
localrule split_demultiplex:
    input: /gpfs/project/projects/spike/AG_Borkhardt/Inputs/SampleSheetsTemp/220622_NB552271_0095_AHWG7LBGXL_spike.csv, /gpfs/project/projects/spike/AG_Borkhardt/Intermediate/005_check_complete/220622_NB552271_0095_AHWG7LBGXL.complete.txt
    output: /gpfs/project/projects/spike/AG_Borkhardt/Intermediate/024_split_demultiplex/220622_NB552271_0095_AHWG7LBGXL
    log: /gpfs/project/projects/spike/AG_Borkhardt/Logs/024_split_demultiplex/220622_NB552271_0095_AHWG7LBGXL.log
    jobid: 6
    benchmark: /gpfs/project/projects/spike/AG_Borkhardt/Benchmarks/024_split_demultiplex/220622_NB552271_0095_AHWG7LBGXL.benchmark
    reason: Forced execution
    wildcards: prefix=/gpfs/project/projects/spike/AG_Borkhardt/, run=220622_NB552271_0095_AHWG7LBGXL

[Mon Jun 27 13:59:30 2022]
Finished job 6.
2 of 8 steps (25%) done

[Mon Jun 27 13:59:30 2022]
rule demultiplex:
    input: /gpfs/project/projects/spike/AG_Borkhardt/Intermediate/024_split_demultiplex/220622_NB552271_0095_AHWG7LBGXL, /gpfs/project/projects/spike/AG_Borkhardt/Inputs/Raw_Illumina/220622_NB552271_0095_AHWG7LBGXL
    output: /gpfs/project/projects/spike/AG_Borkhardt/Intermediate/025_demultiplex/220622_NB552271_0095_AHWG7LBGXL/part_2
    log: /gpfs/project/projects/spike/AG_Borkhardt/Logs/025_demultiplex/220622_NB552271_0095_AHWG7LBGXL_part_2.log
    jobid: 3
    benchmark: /gpfs/project/projects/spike/AG_Borkhardt/Benchmarks/025_demultiplex/220622_NB552271_0095_AHWG7LBGXL_part_2.benchmark
    reason: Forced execution
    wildcards: prefix=/gpfs/project/projects/spike/AG_Borkhardt/, run=220622_NB552271_0095_AHWG7LBGXL, part=part_2
    threads: 8

module load bcl2fastq/2.20.0 && rowdata=`grep "^\[Data\]$" -n /gpfs/project/projects/spike/AG_Borkhardt/Intermediate/024_split_demultiplex/220622_NB552271_0095_AHWG7LBGXL/samplesheet_part_2.csv | cut -d ":" -f 1` && num_colliding=`tail -n+$rowdata /gpfs/project/projects/spike/AG_Borkhardt/Intermediate/024_split_demultiplex/220622_NB552271_0095_AHWG7LBGXL/samplesheet_part_2.csv | grep "colliding barcode" -c; true` && bcl2fastq --runfolder-dir /gpfs/project/projects/spike/AG_Borkhardt/Inputs/Raw_Illumina/220622_NB552271_0095_AHWG7LBGXL/ --output-dir /gpfs/project/projects/spike/AG_Borkhardt/Intermediate/025_demultiplex/220622_NB552271_0095_AHWG7LBGXL/part_2/ --ignore-missing-bcls --mask-short-adapter-reads 0  --use-bases-mask Y150,I8,Y10,Y150  --sample-sheet /gpfs/project/projects/spike/AG_Borkhardt/Intermediate/024_split_demultiplex/220622_NB552271_0095_AHWG7LBGXL/samplesheet_part_2.csv --loading-threads 8 --processing-threads 8 --writing-threads 8 `if [ "$num_colliding" -ge 1 ]; then echo " --barcode-mismatches 0 "; fi` 2>> /gpfs/project/projects/spike/AG_Borkhardt/Logs/025_demultiplex/220622_NB552271_0095_AHWG7LBGXL_part_2.log 1>&2
Submitted job 3 with external jobid '3597764.hpc-batch'.

[Mon Jun 27 13:59:30 2022]
rule demultiplex:
    input: /gpfs/project/projects/spike/AG_Borkhardt/Intermediate/024_split_demultiplex/220622_NB552271_0095_AHWG7LBGXL, /gpfs/project/projects/spike/AG_Borkhardt/Inputs/Raw_Illumina/220622_NB552271_0095_AHWG7LBGXL
    output: /gpfs/project/projects/spike/AG_Borkhardt/Intermediate/025_demultiplex/220622_NB552271_0095_AHWG7LBGXL/part_3
    log: /gpfs/project/projects/spike/AG_Borkhardt/Logs/025_demultiplex/220622_NB552271_0095_AHWG7LBGXL_part_3.log
    jobid: 4
    benchmark: /gpfs/project/projects/spike/AG_Borkhardt/Benchmarks/025_demultiplex/220622_NB552271_0095_AHWG7LBGXL_part_3.benchmark
    reason: Forced execution
    wildcards: prefix=/gpfs/project/projects/spike/AG_Borkhardt/, run=220622_NB552271_0095_AHWG7LBGXL, part=part_3
    threads: 8

module load bcl2fastq/2.20.0 && rowdata=`grep "^\[Data\]$" -n /gpfs/project/projects/spike/AG_Borkhardt/Intermediate/024_split_demultiplex/220622_NB552271_0095_AHWG7LBGXL/samplesheet_part_3.csv | cut -d ":" -f 1` && num_colliding=`tail -n+$rowdata /gpfs/project/projects/spike/AG_Borkhardt/Intermediate/024_split_demultiplex/220622_NB552271_0095_AHWG7LBGXL/samplesheet_part_3.csv | grep "colliding barcode" -c; true` && bcl2fastq --runfolder-dir /gpfs/project/projects/spike/AG_Borkhardt/Inputs/Raw_Illumina/220622_NB552271_0095_AHWG7LBGXL/ --output-dir /gpfs/project/projects/spike/AG_Borkhardt/Intermediate/025_demultiplex/220622_NB552271_0095_AHWG7LBGXL/part_3/ --ignore-missing-bcls --mask-short-adapter-reads 0  --use-bases-mask Y150,I8,Y10,Y150  --sample-sheet /gpfs/project/projects/spike/AG_Borkhardt/Intermediate/024_split_demultiplex/220622_NB552271_0095_AHWG7LBGXL/samplesheet_part_3.csv --loading-threads 8 --processing-threads 8 --writing-threads 8 `if [ "$num_colliding" -ge 1 ]; then echo " --barcode-mismatches 0 "; fi` 2>> /gpfs/project/projects/spike/AG_Borkhardt/Logs/025_demultiplex/220622_NB552271_0095_AHWG7LBGXL_part_3.log 1>&2
Submitted job 4 with external jobid '3597765.hpc-batch'.

[Mon Jun 27 13:59:30 2022]
rule demultiplex:
    input: /gpfs/project/projects/spike/AG_Borkhardt/Intermediate/024_split_demultiplex/220622_NB552271_0095_AHWG7LBGXL, /gpfs/project/projects/spike/AG_Borkhardt/Inputs/Raw_Illumina/220622_NB552271_0095_AHWG7LBGXL
    output: /gpfs/project/projects/spike/AG_Borkhardt/Intermediate/025_demultiplex/220622_NB552271_0095_AHWG7LBGXL/part_4
    log: /gpfs/project/projects/spike/AG_Borkhardt/Logs/025_demultiplex/220622_NB552271_0095_AHWG7LBGXL_part_4.log
    jobid: 5
    benchmark: /gpfs/project/projects/spike/AG_Borkhardt/Benchmarks/025_demultiplex/220622_NB552271_0095_AHWG7LBGXL_part_4.benchmark
    reason: Forced execution
    wildcards: prefix=/gpfs/project/projects/spike/AG_Borkhardt/, run=220622_NB552271_0095_AHWG7LBGXL, part=part_4
    threads: 8

module load bcl2fastq/2.20.0 && rowdata=`grep "^\[Data\]$" -n /gpfs/project/projects/spike/AG_Borkhardt/Intermediate/024_split_demultiplex/220622_NB552271_0095_AHWG7LBGXL/samplesheet_part_4.csv | cut -d ":" -f 1` && num_colliding=`tail -n+$rowdata /gpfs/project/projects/spike/AG_Borkhardt/Intermediate/024_split_demultiplex/220622_NB552271_0095_AHWG7LBGXL/samplesheet_part_4.csv | grep "colliding barcode" -c; true` && bcl2fastq --runfolder-dir /gpfs/project/projects/spike/AG_Borkhardt/Inputs/Raw_Illumina/220622_NB552271_0095_AHWG7LBGXL/ --output-dir /gpfs/project/projects/spike/AG_Borkhardt/Intermediate/025_demultiplex/220622_NB552271_0095_AHWG7LBGXL/part_4/ --ignore-missing-bcls --mask-short-adapter-reads 0  --use-bases-mask Y150,I8,Y10,Y150  --sample-sheet /gpfs/project/projects/spike/AG_Borkhardt/Intermediate/024_split_demultiplex/220622_NB552271_0095_AHWG7LBGXL/samplesheet_part_4.csv --loading-threads 8 --processing-threads 8 --writing-threads 8 `if [ "$num_colliding" -ge 1 ]; then echo " --barcode-mismatches 0 "; fi` 2>> /gpfs/project/projects/spike/AG_Borkhardt/Logs/025_demultiplex/220622_NB552271_0095_AHWG7LBGXL_part_4.log 1>&2
Submitted job 5 with external jobid '3597766.hpc-batch'.

[Mon Jun 27 13:59:30 2022]
rule demultiplex:
    input: /gpfs/project/projects/spike/AG_Borkhardt/Intermediate/024_split_demultiplex/220622_NB552271_0095_AHWG7LBGXL, /gpfs/project/projects/spike/AG_Borkhardt/Inputs/Raw_Illumina/220622_NB552271_0095_AHWG7LBGXL
    output: /gpfs/project/projects/spike/AG_Borkhardt/Intermediate/025_demultiplex/220622_NB552271_0095_AHWG7LBGXL/part_1
    log: /gpfs/project/projects/spike/AG_Borkhardt/Logs/025_demultiplex/220622_NB552271_0095_AHWG7LBGXL_part_1.log
    jobid: 2
    benchmark: /gpfs/project/projects/spike/AG_Borkhardt/Benchmarks/025_demultiplex/220622_NB552271_0095_AHWG7LBGXL_part_1.benchmark
    reason: Forced execution
    wildcards: prefix=/gpfs/project/projects/spike/AG_Borkhardt/, run=220622_NB552271_0095_AHWG7LBGXL, part=part_1
    threads: 8

module load bcl2fastq/2.20.0 && rowdata=`grep "^\[Data\]$" -n /gpfs/project/projects/spike/AG_Borkhardt/Intermediate/024_split_demultiplex/220622_NB552271_0095_AHWG7LBGXL/samplesheet_part_1.csv | cut -d ":" -f 1` && num_colliding=`tail -n+$rowdata /gpfs/project/projects/spike/AG_Borkhardt/Intermediate/024_split_demultiplex/220622_NB552271_0095_AHWG7LBGXL/samplesheet_part_1.csv | grep "colliding barcode" -c; true` && bcl2fastq --runfolder-dir /gpfs/project/projects/spike/AG_Borkhardt/Inputs/Raw_Illumina/220622_NB552271_0095_AHWG7LBGXL/ --output-dir /gpfs/project/projects/spike/AG_Borkhardt/Intermediate/025_demultiplex/220622_NB552271_0095_AHWG7LBGXL/part_1/ --ignore-missing-bcls --mask-short-adapter-reads 0  --use-bases-mask Y150,I8,Y10,Y150  --sample-sheet /gpfs/project/projects/spike/AG_Borkhardt/Intermediate/024_split_demultiplex/220622_NB552271_0095_AHWG7LBGXL/samplesheet_part_1.csv --loading-threads 8 --processing-threads 8 --writing-threads 8 `if [ "$num_colliding" -ge 1 ]; then echo " --barcode-mismatches 0 "; fi` 2>> /gpfs/project/projects/spike/AG_Borkhardt/Logs/025_demultiplex/220622_NB552271_0095_AHWG7LBGXL_part_1.log 1>&2
Submitted job 2 with external jobid '3597767.hpc-batch'.
[Mon Jun 27 13:59:50 2022]
Error in rule demultiplex:
    jobid: 3
    output: /gpfs/project/projects/spike/AG_Borkhardt/Intermediate/025_demultiplex/220622_NB552271_0095_AHWG7LBGXL/part_2
    log: /gpfs/project/projects/spike/AG_Borkhardt/Logs/025_demultiplex/220622_NB552271_0095_AHWG7LBGXL_part_2.log (check log file(s) for error message)
    shell:
        module load bcl2fastq/2.20.0 && rowdata=`grep "^\[Data\]$" -n /gpfs/project/projects/spike/AG_Borkhardt/Intermediate/024_split_demultiplex/220622_NB552271_0095_AHWG7LBGXL/samplesheet_part_2.csv | cut -d ":" -f 1` && num_colliding=`tail -n+$rowdata /gpfs/project/projects/spike/AG_Borkhardt/Intermediate/024_split_demultiplex/220622_NB552271_0095_AHWG7LBGXL/samplesheet_part_2.csv | grep "colliding barcode" -c; true` && bcl2fastq --runfolder-dir /gpfs/project/projects/spike/AG_Borkhardt/Inputs/Raw_Illumina/220622_NB552271_0095_AHWG7LBGXL/ --output-dir /gpfs/project/projects/spike/AG_Borkhardt/Intermediate/025_demultiplex/220622_NB552271_0095_AHWG7LBGXL/part_2/ --ignore-missing-bcls --mask-short-adapter-reads 0  --use-bases-mask Y150,I8,Y10,Y150  --sample-sheet /gpfs/project/projects/spike/AG_Borkhardt/Intermediate/024_split_demultiplex/220622_NB552271_0095_AHWG7LBGXL/samplesheet_part_2.csv --loading-threads 8 --processing-threads 8 --writing-threads 8 `if [ "$num_colliding" -ge 1 ]; then echo " --barcode-mismatches 0 "; fi` 2>> /gpfs/project/projects/spike/AG_Borkhardt/Logs/025_demultiplex/220622_NB552271_0095_AHWG7LBGXL_part_2.log 1>&2
        (one of the commands exited with non-zero exit code; note that snakemake uses bash strict mode!)
    cluster_jobid: 3597764.hpc-batch

Error executing rule demultiplex on cluster (jobid: 3, external: 3597764.hpc-batch, jobscript: /gpfs/project/joj02hit/V7_Nextseq_Hg38/.snakemake/tmp.ouomsd0u/snakejob.demultiplex.3.sh). For error details see the cluster log and the log files of the involved rule(s).
Job failed, going on with independent jobs.
[Mon Jun 27 13:59:52 2022]
Error in rule demultiplex:
    jobid: 4
    output: /gpfs/project/projects/spike/AG_Borkhardt/Intermediate/025_demultiplex/220622_NB552271_0095_AHWG7LBGXL/part_3
    log: /gpfs/project/projects/spike/AG_Borkhardt/Logs/025_demultiplex/220622_NB552271_0095_AHWG7LBGXL_part_3.log (check log file(s) for error message)
    shell:
        module load bcl2fastq/2.20.0 && rowdata=`grep "^\[Data\]$" -n /gpfs/project/projects/spike/AG_Borkhardt/Intermediate/024_split_demultiplex/220622_NB552271_0095_AHWG7LBGXL/samplesheet_part_3.csv | cut -d ":" -f 1` && num_colliding=`tail -n+$rowdata /gpfs/project/projects/spike/AG_Borkhardt/Intermediate/024_split_demultiplex/220622_NB552271_0095_AHWG7LBGXL/samplesheet_part_3.csv | grep "colliding barcode" -c; true` && bcl2fastq --runfolder-dir /gpfs/project/projects/spike/AG_Borkhardt/Inputs/Raw_Illumina/220622_NB552271_0095_AHWG7LBGXL/ --output-dir /gpfs/project/projects/spike/AG_Borkhardt/Intermediate/025_demultiplex/220622_NB552271_0095_AHWG7LBGXL/part_3/ --ignore-missing-bcls --mask-short-adapter-reads 0  --use-bases-mask Y150,I8,Y10,Y150  --sample-sheet /gpfs/project/projects/spike/AG_Borkhardt/Intermediate/024_split_demultiplex/220622_NB552271_0095_AHWG7LBGXL/samplesheet_part_3.csv --loading-threads 8 --processing-threads 8 --writing-threads 8 `if [ "$num_colliding" -ge 1 ]; then echo " --barcode-mismatches 0 "; fi` 2>> /gpfs/project/projects/spike/AG_Borkhardt/Logs/025_demultiplex/220622_NB552271_0095_AHWG7LBGXL_part_3.log 1>&2
        (one of the commands exited with non-zero exit code; note that snakemake uses bash strict mode!)
    cluster_jobid: 3597765.hpc-batch

Error executing rule demultiplex on cluster (jobid: 4, external: 3597765.hpc-batch, jobscript: /gpfs/project/joj02hit/V7_Nextseq_Hg38/.snakemake/tmp.ouomsd0u/snakejob.demultiplex.4.sh). For error details see the cluster log and the log files of the involved rule(s).
Job failed, going on with independent jobs.
[Mon Jun 27 13:59:53 2022]
Error in rule demultiplex:
    jobid: 5
    output: /gpfs/project/projects/spike/AG_Borkhardt/Intermediate/025_demultiplex/220622_NB552271_0095_AHWG7LBGXL/part_4
    log: /gpfs/project/projects/spike/AG_Borkhardt/Logs/025_demultiplex/220622_NB552271_0095_AHWG7LBGXL_part_4.log (check log file(s) for error message)
    shell:
        module load bcl2fastq/2.20.0 && rowdata=`grep "^\[Data\]$" -n /gpfs/project/projects/spike/AG_Borkhardt/Intermediate/024_split_demultiplex/220622_NB552271_0095_AHWG7LBGXL/samplesheet_part_4.csv | cut -d ":" -f 1` && num_colliding=`tail -n+$rowdata /gpfs/project/projects/spike/AG_Borkhardt/Intermediate/024_split_demultiplex/220622_NB552271_0095_AHWG7LBGXL/samplesheet_part_4.csv | grep "colliding barcode" -c; true` && bcl2fastq --runfolder-dir /gpfs/project/projects/spike/AG_Borkhardt/Inputs/Raw_Illumina/220622_NB552271_0095_AHWG7LBGXL/ --output-dir /gpfs/project/projects/spike/AG_Borkhardt/Intermediate/025_demultiplex/220622_NB552271_0095_AHWG7LBGXL/part_4/ --ignore-missing-bcls --mask-short-adapter-reads 0  --use-bases-mask Y150,I8,Y10,Y150  --sample-sheet /gpfs/project/projects/spike/AG_Borkhardt/Intermediate/024_split_demultiplex/220622_NB552271_0095_AHWG7LBGXL/samplesheet_part_4.csv --loading-threads 8 --processing-threads 8 --writing-threads 8 `if [ "$num_colliding" -ge 1 ]; then echo " --barcode-mismatches 0 "; fi` 2>> /gpfs/project/projects/spike/AG_Borkhardt/Logs/025_demultiplex/220622_NB552271_0095_AHWG7LBGXL_part_4.log 1>&2
        (one of the commands exited with non-zero exit code; note that snakemake uses bash strict mode!)
    cluster_jobid: 3597766.hpc-batch

Error executing rule demultiplex on cluster (jobid: 5, external: 3597766.hpc-batch, jobscript: /gpfs/project/joj02hit/V7_Nextseq_Hg38/.snakemake/tmp.ouomsd0u/snakejob.demultiplex.5.sh). For error details see the cluster log and the log files of the involved rule(s).
Job failed, going on with independent jobs.
[Mon Jun 27 13:59:55 2022]
Error in rule demultiplex:
    jobid: 2
    output: /gpfs/project/projects/spike/AG_Borkhardt/Intermediate/025_demultiplex/220622_NB552271_0095_AHWG7LBGXL/part_1
    log: /gpfs/project/projects/spike/AG_Borkhardt/Logs/025_demultiplex/220622_NB552271_0095_AHWG7LBGXL_part_1.log (check log file(s) for error message)
    shell:
        module load bcl2fastq/2.20.0 && rowdata=`grep "^\[Data\]$" -n /gpfs/project/projects/spike/AG_Borkhardt/Intermediate/024_split_demultiplex/220622_NB552271_0095_AHWG7LBGXL/samplesheet_part_1.csv | cut -d ":" -f 1` && num_colliding=`tail -n+$rowdata /gpfs/project/projects/spike/AG_Borkhardt/Intermediate/024_split_demultiplex/220622_NB552271_0095_AHWG7LBGXL/samplesheet_part_1.csv | grep "colliding barcode" -c; true` && bcl2fastq --runfolder-dir /gpfs/project/projects/spike/AG_Borkhardt/Inputs/Raw_Illumina/220622_NB552271_0095_AHWG7LBGXL/ --output-dir /gpfs/project/projects/spike/AG_Borkhardt/Intermediate/025_demultiplex/220622_NB552271_0095_AHWG7LBGXL/part_1/ --ignore-missing-bcls --mask-short-adapter-reads 0  --use-bases-mask Y150,I8,Y10,Y150  --sample-sheet /gpfs/project/projects/spike/AG_Borkhardt/Intermediate/024_split_demultiplex/220622_NB552271_0095_AHWG7LBGXL/samplesheet_part_1.csv --loading-threads 8 --processing-threads 8 --writing-threads 8 `if [ "$num_colliding" -ge 1 ]; then echo " --barcode-mismatches 0 "; fi` 2>> /gpfs/project/projects/spike/AG_Borkhardt/Logs/025_demultiplex/220622_NB552271_0095_AHWG7LBGXL_part_1.log 1>&2
        (one of the commands exited with non-zero exit code; note that snakemake uses bash strict mode!)
    cluster_jobid: 3597767.hpc-batch

Error executing rule demultiplex on cluster (jobid: 2, external: 3597767.hpc-batch, jobscript: /gpfs/project/joj02hit/V7_Nextseq_Hg38/.snakemake/tmp.ouomsd0u/snakejob.demultiplex.2.sh). For error details see the cluster log and the log files of the involved rule(s).
Job failed, going on with independent jobs.
Exiting because a job execution failed. Look above for error message
Complete log: /gpfs/project/joj02hit/V7_Nextseq_Hg38/.snakemake/log/2022-06-27T135836.607352.snakemake.log
