The flag 'directory' used in rule demultiplex is only valid for outputs, not inputs.
The flag 'directory' used in rule demultiplex is only valid for outputs, not inputs.
The flag 'directory' used in rule aggregate_undetermined_filesizes is only valid for outputs, not inputs.
localrules directive specifies rules that are not present in the Snakefile:
	xenograft_check
	check_coverage

Building DAG of jobs...
Using shell: /bin/bash
Provided cluster nodes: 50
Job counts:
	count	jobs
	3	MBC_remove_duplicates
	1	bwa
	3	gatk4_ApplyBQSR
	3	gatk4_BaseRecalibrator
	3	intersect
	9	qualimap
	1	sam_cleanup
	3	samtools_index
	3	samtools_index_sort
	29

[Tue May 17 13:16:48 2022]
rule qualimap:
    input: /gpfs/project/projects/spike/AG_Borkhardt/Intermediate/084_gatk4_ApplyBQSR/Hg38/Keimbahn/KB0472_c.GATK4.Hg38.apBQSR.reCal.UMI.target.nodup.srt.bam, /gpfs/project/projects/spike/AG_Borkhardt/References/Target_Region_Hg38_V7_qualimap.bed
    output: /gpfs/project/projects/spike/AG_Borkhardt/Intermediate/087_qualimap/Hg38/Keimbahn/KB0472_c/qualimapReport.html
    log: /gpfs/project/projects/spike/AG_Borkhardt/Logs/087_qualimap/Hg38/Keimbahn/KB0472_c.log
    jobid: 0
    benchmark: /gpfs/project/projects/spike/AG_Borkhardt/Benchmarks/087_qualimap/Hg38/Keimbahn/KB0472_c.benchmark
    reason: Missing output files: /gpfs/project/projects/spike/AG_Borkhardt/Intermediate/087_qualimap/Hg38/Keimbahn/KB0472_c/qualimapReport.html
    wildcards: prefix=/gpfs/project/projects/spike/AG_Borkhardt/, sample=Keimbahn/KB0472_c
    threads: 6

qualimap bamqc -bam /gpfs/project/projects/spike/AG_Borkhardt/Intermediate/084_gatk4_ApplyBQSR/Hg38/Keimbahn/KB0472_c.GATK4.Hg38.apBQSR.reCal.UMI.target.nodup.srt.bam --feature-file /gpfs/project/projects/spike/AG_Borkhardt/References/Target_Region_Hg38_V7_qualimap.bed --collect-overlap-pairs --genome-gc-distr HUMAN -nr 5000 --java-mem-size=20G -nt 6 -outformat HTML -outdir /gpfs/project/projects/spike/AG_Borkhardt/Intermediate/087_qualimap/Hg38/Keimbahn/KB0472_c/ > /gpfs/project/projects/spike/AG_Borkhardt/Logs/087_qualimap/Hg38/Keimbahn/KB0472_c.log
Submitted job 0 with external jobid '3464028.hpc-batch'.

[Tue May 17 13:16:48 2022]
rule qualimap:
    input: /gpfs/project/projects/spike/AG_Borkhardt/Intermediate/084_gatk4_ApplyBQSR/Hg38/Keimbahn/KB0472_m.GATK4.Hg38.apBQSR.reCal.UMI.target.nodup.srt.bam, /gpfs/project/projects/spike/AG_Borkhardt/References/Target_Region_Hg38_V7_qualimap.bed
    output: /gpfs/project/projects/spike/AG_Borkhardt/Intermediate/087_qualimap/Hg38/Keimbahn/KB0472_m/qualimapReport.html
    log: /gpfs/project/projects/spike/AG_Borkhardt/Logs/087_qualimap/Hg38/Keimbahn/KB0472_m.log
    jobid: 1
    benchmark: /gpfs/project/projects/spike/AG_Borkhardt/Benchmarks/087_qualimap/Hg38/Keimbahn/KB0472_m.benchmark
    reason: Missing output files: /gpfs/project/projects/spike/AG_Borkhardt/Intermediate/087_qualimap/Hg38/Keimbahn/KB0472_m/qualimapReport.html
    wildcards: prefix=/gpfs/project/projects/spike/AG_Borkhardt/, sample=Keimbahn/KB0472_m
    threads: 6

qualimap bamqc -bam /gpfs/project/projects/spike/AG_Borkhardt/Intermediate/084_gatk4_ApplyBQSR/Hg38/Keimbahn/KB0472_m.GATK4.Hg38.apBQSR.reCal.UMI.target.nodup.srt.bam --feature-file /gpfs/project/projects/spike/AG_Borkhardt/References/Target_Region_Hg38_V7_qualimap.bed --collect-overlap-pairs --genome-gc-distr HUMAN -nr 5000 --java-mem-size=20G -nt 6 -outformat HTML -outdir /gpfs/project/projects/spike/AG_Borkhardt/Intermediate/087_qualimap/Hg38/Keimbahn/KB0472_m/ > /gpfs/project/projects/spike/AG_Borkhardt/Logs/087_qualimap/Hg38/Keimbahn/KB0472_m.log
Submitted job 1 with external jobid '3464029.hpc-batch'.

[Tue May 17 13:16:48 2022]
rule qualimap:
    input: /gpfs/project/projects/spike/AG_Borkhardt/Intermediate/084_gatk4_ApplyBQSR/Hg38/Keimbahn/KB0476_m.GATK4.Hg38.apBQSR.reCal.UMI.target.nodup.srt.bam, /gpfs/project/projects/spike/AG_Borkhardt/References/Target_Region_Hg38_V7_qualimap.bed
    output: /gpfs/project/projects/spike/AG_Borkhardt/Intermediate/087_qualimap/Hg38/Keimbahn/KB0476_m/qualimapReport.html
    log: /gpfs/project/projects/spike/AG_Borkhardt/Logs/087_qualimap/Hg38/Keimbahn/KB0476_m.log
    jobid: 2
    benchmark: /gpfs/project/projects/spike/AG_Borkhardt/Benchmarks/087_qualimap/Hg38/Keimbahn/KB0476_m.benchmark
    reason: Missing output files: /gpfs/project/projects/spike/AG_Borkhardt/Intermediate/087_qualimap/Hg38/Keimbahn/KB0476_m/qualimapReport.html
    wildcards: prefix=/gpfs/project/projects/spike/AG_Borkhardt/, sample=Keimbahn/KB0476_m
    threads: 6

qualimap bamqc -bam /gpfs/project/projects/spike/AG_Borkhardt/Intermediate/084_gatk4_ApplyBQSR/Hg38/Keimbahn/KB0476_m.GATK4.Hg38.apBQSR.reCal.UMI.target.nodup.srt.bam --feature-file /gpfs/project/projects/spike/AG_Borkhardt/References/Target_Region_Hg38_V7_qualimap.bed --collect-overlap-pairs --genome-gc-distr HUMAN -nr 5000 --java-mem-size=20G -nt 6 -outformat HTML -outdir /gpfs/project/projects/spike/AG_Borkhardt/Intermediate/087_qualimap/Hg38/Keimbahn/KB0476_m/ > /gpfs/project/projects/spike/AG_Borkhardt/Logs/087_qualimap/Hg38/Keimbahn/KB0476_m.log
Submitted job 2 with external jobid '3464030.hpc-batch'.

[Tue May 17 13:16:49 2022]
rule bwa:
    input: /gpfs/project/projects/spike/AG_Borkhardt/Intermediate/040_trim/Paired/Keimbahn/KB0476_f_R1_UMI.fastq.gz, /gpfs/project/projects/spike/AG_Borkhardt/Intermediate/040_trim/Paired/Keimbahn/KB0476_f_R2_UMI.fastq.gz, /gpfs/project/projects/spike/AG_Borkhardt/References/Homo_sapiens.GRCh38.dna.chromosome.all.fasta, /gpfs/project/projects/spike/AG_Borkhardt/References/Homo_sapiens.GRCh38.dna.chromosome.all.dict, /gpfs/project/projects/spike/AG_Borkhardt/References/Homo_sapiens.GRCh38.dna.chromosome.all.fasta.amb, /gpfs/project/projects/spike/AG_Borkhardt/References/Homo_sapiens.GRCh38.dna.chromosome.all.fasta.ann, /gpfs/project/projects/spike/AG_Borkhardt/References/Homo_sapiens.GRCh38.dna.chromosome.all.fasta.bwt, /gpfs/project/projects/spike/AG_Borkhardt/References/Homo_sapiens.GRCh38.dna.chromosome.all.fasta.fai, /gpfs/project/projects/spike/AG_Borkhardt/References/Homo_sapiens.GRCh38.dna.chromosome.all.fasta.pac, /gpfs/project/projects/spike/AG_Borkhardt/References/Homo_sapiens.GRCh38.dna.chromosome.all.fasta.sa
    output: /gpfs/project/projects/spike/AG_Borkhardt/Intermediate/060_map/Hg38/Keimbahn/KB0476_f.Hg38.sam
    log: /gpfs/project/projects/spike/AG_Borkhardt/Logs/060_map/Keimbahn/KB0476_f.bwa_mem.log
    jobid: 76
    benchmark: /gpfs/project/projects/spike/AG_Borkhardt/Benchmarks/060_map/Keimbahn/KB0476_f.benchmark
    reason: Missing output files: /gpfs/project/projects/spike/AG_Borkhardt/Intermediate/060_map/Hg38/Keimbahn/KB0476_f.Hg38.sam; Updated input files: /gpfs/project/projects/spike/AG_Borkhardt/Intermediate/040_trim/Paired/Keimbahn/KB0476_f_R1_UMI.fastq.gz, /gpfs/project/projects/spike/AG_Borkhardt/Intermediate/040_trim/Paired/Keimbahn/KB0476_f_R2_UMI.fastq.gz
    wildcards: prefix=/gpfs/project/projects/spike/AG_Borkhardt/, sample=Keimbahn/KB0476_f
    threads: 6

bwa mem -t 6 -v 2 -M -R "@RG\tID:220425_NB552271_0084_AHLJWWBGXL\tCN:Department_of_Pediatric_Oncology_Dusseldorf\tPU:HLJWWBGXL\tDT:2022/04/25\tPL:ILLUMINA\tLB:SureSelectHumanAllExonV7\tSM:KB0476_f"  /gpfs/project/projects/spike/AG_Borkhardt/References/Homo_sapiens.GRCh38.dna.chromosome.all.fasta /gpfs/project/projects/spike/AG_Borkhardt/Intermediate/040_trim/Paired/Keimbahn/KB0476_f_R1_UMI.fastq.gz /gpfs/project/projects/spike/AG_Borkhardt/Intermediate/040_trim/Paired/Keimbahn/KB0476_f_R2_UMI.fastq.gz 2> /gpfs/project/projects/spike/AG_Borkhardt/Logs/060_map/Keimbahn/KB0476_f.bwa_mem.log > /gpfs/project/projects/spike/AG_Borkhardt/Intermediate/060_map/Hg38/Keimbahn/KB0476_f.Hg38.sam
Submitted job 76 with external jobid '3464031.hpc-batch'.

[Tue May 17 13:16:49 2022]
rule samtools_index_sort:
    input: /gpfs/project/projects/spike/AG_Borkhardt/Intermediate/060_map/Hg38/Keimbahn/KB0472_f.Hg38.srt.bam
    output: /gpfs/project/projects/spike/AG_Borkhardt/Intermediate/060_map/Hg38/Keimbahn/KB0472_f.Hg38.srt.bai
    log: /gpfs/project/projects/spike/AG_Borkhardt/Logs/060_map/Hg38/Keimbahn/KB0472_f.samtools_view.log
    jobid: 61
    benchmark: /gpfs/project/projects/spike/AG_Borkhardt/Benchmarks/060_map/Hg38/Keimbahn/KB0472_f.benchmark
    reason: Updated input files: /gpfs/project/projects/spike/AG_Borkhardt/Intermediate/060_map/Hg38/Keimbahn/KB0472_f.Hg38.srt.bam
    wildcards: prefix=/gpfs/project/projects/spike/AG_Borkhardt/, sample=Keimbahn/KB0472_f

module load SamTools/1.11; samtools index /gpfs/project/projects/spike/AG_Borkhardt/Intermediate/060_map/Hg38/Keimbahn/KB0472_f.Hg38.srt.bam /gpfs/project/projects/spike/AG_Borkhardt/Intermediate/060_map/Hg38/Keimbahn/KB0472_f.Hg38.srt.bai > /gpfs/project/projects/spike/AG_Borkhardt/Logs/060_map/Hg38/Keimbahn/KB0472_f.samtools_view.log 2>&1
Submitted job 61 with external jobid '3464032.hpc-batch'.

[Tue May 17 13:16:49 2022]
rule qualimap:
    input: /gpfs/project/projects/spike/AG_Borkhardt/Intermediate/084_gatk4_ApplyBQSR/Hg38/Keimbahn/KB0315_c.GATK4.Hg38.apBQSR.reCal.UMI.target.nodup.srt.bam, /gpfs/project/projects/spike/AG_Borkhardt/References/Target_Region_Hg38_V7_qualimap.bed
    output: /gpfs/project/projects/spike/AG_Borkhardt/Intermediate/087_qualimap/Hg38/Keimbahn/KB0315_c/qualimapReport.html
    log: /gpfs/project/projects/spike/AG_Borkhardt/Logs/087_qualimap/Hg38/Keimbahn/KB0315_c.log
    jobid: 5
    benchmark: /gpfs/project/projects/spike/AG_Borkhardt/Benchmarks/087_qualimap/Hg38/Keimbahn/KB0315_c.benchmark
    reason: Missing output files: /gpfs/project/projects/spike/AG_Borkhardt/Intermediate/087_qualimap/Hg38/Keimbahn/KB0315_c/qualimapReport.html
    wildcards: prefix=/gpfs/project/projects/spike/AG_Borkhardt/, sample=Keimbahn/KB0315_c
    threads: 6

qualimap bamqc -bam /gpfs/project/projects/spike/AG_Borkhardt/Intermediate/084_gatk4_ApplyBQSR/Hg38/Keimbahn/KB0315_c.GATK4.Hg38.apBQSR.reCal.UMI.target.nodup.srt.bam --feature-file /gpfs/project/projects/spike/AG_Borkhardt/References/Target_Region_Hg38_V7_qualimap.bed --collect-overlap-pairs --genome-gc-distr HUMAN -nr 5000 --java-mem-size=20G -nt 6 -outformat HTML -outdir /gpfs/project/projects/spike/AG_Borkhardt/Intermediate/087_qualimap/Hg38/Keimbahn/KB0315_c/ > /gpfs/project/projects/spike/AG_Borkhardt/Logs/087_qualimap/Hg38/Keimbahn/KB0315_c.log
Submitted job 5 with external jobid '3464033.hpc-batch'.

[Tue May 17 13:16:49 2022]
rule qualimap:
    input: /gpfs/project/projects/spike/AG_Borkhardt/Intermediate/084_gatk4_ApplyBQSR/Hg38/Keimbahn/KB0476_c.GATK4.Hg38.apBQSR.reCal.UMI.target.nodup.srt.bam, /gpfs/project/projects/spike/AG_Borkhardt/References/Target_Region_Hg38_V7_qualimap.bed
    output: /gpfs/project/projects/spike/AG_Borkhardt/Intermediate/087_qualimap/Hg38/Keimbahn/KB0476_c/qualimapReport.html
    log: /gpfs/project/projects/spike/AG_Borkhardt/Logs/087_qualimap/Hg38/Keimbahn/KB0476_c.log
    jobid: 6
    benchmark: /gpfs/project/projects/spike/AG_Borkhardt/Benchmarks/087_qualimap/Hg38/Keimbahn/KB0476_c.benchmark
    reason: Missing output files: /gpfs/project/projects/spike/AG_Borkhardt/Intermediate/087_qualimap/Hg38/Keimbahn/KB0476_c/qualimapReport.html
    wildcards: prefix=/gpfs/project/projects/spike/AG_Borkhardt/, sample=Keimbahn/KB0476_c
    threads: 6

qualimap bamqc -bam /gpfs/project/projects/spike/AG_Borkhardt/Intermediate/084_gatk4_ApplyBQSR/Hg38/Keimbahn/KB0476_c.GATK4.Hg38.apBQSR.reCal.UMI.target.nodup.srt.bam --feature-file /gpfs/project/projects/spike/AG_Borkhardt/References/Target_Region_Hg38_V7_qualimap.bed --collect-overlap-pairs --genome-gc-distr HUMAN -nr 5000 --java-mem-size=20G -nt 6 -outformat HTML -outdir /gpfs/project/projects/spike/AG_Borkhardt/Intermediate/087_qualimap/Hg38/Keimbahn/KB0476_c/ > /gpfs/project/projects/spike/AG_Borkhardt/Logs/087_qualimap/Hg38/Keimbahn/KB0476_c.log
Submitted job 6 with external jobid '3464034.hpc-batch'.

[Tue May 17 13:16:49 2022]
rule qualimap:
    input: /gpfs/project/projects/spike/AG_Borkhardt/Intermediate/084_gatk4_ApplyBQSR/Hg38/Keimbahn/KB0479_f.GATK4.Hg38.apBQSR.reCal.UMI.target.nodup.srt.bam, /gpfs/project/projects/spike/AG_Borkhardt/References/Target_Region_Hg38_V7_qualimap.bed
    output: /gpfs/project/projects/spike/AG_Borkhardt/Intermediate/087_qualimap/Hg38/Keimbahn/KB0479_f/qualimapReport.html
    log: /gpfs/project/projects/spike/AG_Borkhardt/Logs/087_qualimap/Hg38/Keimbahn/KB0479_f.log
    jobid: 8
    benchmark: /gpfs/project/projects/spike/AG_Borkhardt/Benchmarks/087_qualimap/Hg38/Keimbahn/KB0479_f.benchmark
    reason: Missing output files: /gpfs/project/projects/spike/AG_Borkhardt/Intermediate/087_qualimap/Hg38/Keimbahn/KB0479_f/qualimapReport.html
    wildcards: prefix=/gpfs/project/projects/spike/AG_Borkhardt/, sample=Keimbahn/KB0479_f
    threads: 6

qualimap bamqc -bam /gpfs/project/projects/spike/AG_Borkhardt/Intermediate/084_gatk4_ApplyBQSR/Hg38/Keimbahn/KB0479_f.GATK4.Hg38.apBQSR.reCal.UMI.target.nodup.srt.bam --feature-file /gpfs/project/projects/spike/AG_Borkhardt/References/Target_Region_Hg38_V7_qualimap.bed --collect-overlap-pairs --genome-gc-distr HUMAN -nr 5000 --java-mem-size=20G -nt 6 -outformat HTML -outdir /gpfs/project/projects/spike/AG_Borkhardt/Intermediate/087_qualimap/Hg38/Keimbahn/KB0479_f/ > /gpfs/project/projects/spike/AG_Borkhardt/Logs/087_qualimap/Hg38/Keimbahn/KB0479_f.log
Submitted job 8 with external jobid '3464035.hpc-batch'.

[Tue May 17 13:16:49 2022]
rule samtools_index_sort:
    input: /gpfs/project/projects/spike/AG_Borkhardt/Intermediate/060_map/Hg38/Keimbahn/KB0315_m.Hg38.srt.bam
    output: /gpfs/project/projects/spike/AG_Borkhardt/Intermediate/060_map/Hg38/Keimbahn/KB0315_m.Hg38.srt.bai
    log: /gpfs/project/projects/spike/AG_Borkhardt/Logs/060_map/Hg38/Keimbahn/KB0315_m.samtools_view.log
    jobid: 69
    benchmark: /gpfs/project/projects/spike/AG_Borkhardt/Benchmarks/060_map/Hg38/Keimbahn/KB0315_m.benchmark
    reason: Updated input files: /gpfs/project/projects/spike/AG_Borkhardt/Intermediate/060_map/Hg38/Keimbahn/KB0315_m.Hg38.srt.bam
    wildcards: prefix=/gpfs/project/projects/spike/AG_Borkhardt/, sample=Keimbahn/KB0315_m

module load SamTools/1.11; samtools index /gpfs/project/projects/spike/AG_Borkhardt/Intermediate/060_map/Hg38/Keimbahn/KB0315_m.Hg38.srt.bam /gpfs/project/projects/spike/AG_Borkhardt/Intermediate/060_map/Hg38/Keimbahn/KB0315_m.Hg38.srt.bai > /gpfs/project/projects/spike/AG_Borkhardt/Logs/060_map/Hg38/Keimbahn/KB0315_m.samtools_view.log 2>&1
Submitted job 69 with external jobid '3464036.hpc-batch'.
[Tue May 17 13:17:31 2022]
Error in rule qualimap:
    jobid: 5
    output: /gpfs/project/projects/spike/AG_Borkhardt/Intermediate/087_qualimap/Hg38/Keimbahn/KB0315_c/qualimapReport.html
    log: /gpfs/project/projects/spike/AG_Borkhardt/Logs/087_qualimap/Hg38/Keimbahn/KB0315_c.log (check log file(s) for error message)
    shell:
        qualimap bamqc -bam /gpfs/project/projects/spike/AG_Borkhardt/Intermediate/084_gatk4_ApplyBQSR/Hg38/Keimbahn/KB0315_c.GATK4.Hg38.apBQSR.reCal.UMI.target.nodup.srt.bam --feature-file /gpfs/project/projects/spike/AG_Borkhardt/References/Target_Region_Hg38_V7_qualimap.bed --collect-overlap-pairs --genome-gc-distr HUMAN -nr 5000 --java-mem-size=20G -nt 6 -outformat HTML -outdir /gpfs/project/projects/spike/AG_Borkhardt/Intermediate/087_qualimap/Hg38/Keimbahn/KB0315_c/ > /gpfs/project/projects/spike/AG_Borkhardt/Logs/087_qualimap/Hg38/Keimbahn/KB0315_c.log
        (exited with non-zero exit code)
    cluster_jobid: 3464033.hpc-batch

Error executing rule qualimap on cluster (jobid: 5, external: 3464033.hpc-batch, jobscript: /home/yasinl/V7_Nextseq_Hg38/.snakemake/tmp.nuvfpf6o/snakejob.qualimap.5.sh). For error details see the cluster log and the log files of the involved rule(s).
Job failed, going on with independent jobs.
[Tue May 17 13:17:33 2022]
Error in rule qualimap:
    jobid: 6
    output: /gpfs/project/projects/spike/AG_Borkhardt/Intermediate/087_qualimap/Hg38/Keimbahn/KB0476_c/qualimapReport.html
    log: /gpfs/project/projects/spike/AG_Borkhardt/Logs/087_qualimap/Hg38/Keimbahn/KB0476_c.log (check log file(s) for error message)
    shell:
        qualimap bamqc -bam /gpfs/project/projects/spike/AG_Borkhardt/Intermediate/084_gatk4_ApplyBQSR/Hg38/Keimbahn/KB0476_c.GATK4.Hg38.apBQSR.reCal.UMI.target.nodup.srt.bam --feature-file /gpfs/project/projects/spike/AG_Borkhardt/References/Target_Region_Hg38_V7_qualimap.bed --collect-overlap-pairs --genome-gc-distr HUMAN -nr 5000 --java-mem-size=20G -nt 6 -outformat HTML -outdir /gpfs/project/projects/spike/AG_Borkhardt/Intermediate/087_qualimap/Hg38/Keimbahn/KB0476_c/ > /gpfs/project/projects/spike/AG_Borkhardt/Logs/087_qualimap/Hg38/Keimbahn/KB0476_c.log
        (exited with non-zero exit code)
    cluster_jobid: 3464034.hpc-batch

Error executing rule qualimap on cluster (jobid: 6, external: 3464034.hpc-batch, jobscript: /home/yasinl/V7_Nextseq_Hg38/.snakemake/tmp.nuvfpf6o/snakejob.qualimap.6.sh). For error details see the cluster log and the log files of the involved rule(s).
Job failed, going on with independent jobs.
[Tue May 17 13:17:34 2022]
Error in rule qualimap:
    jobid: 8
    output: /gpfs/project/projects/spike/AG_Borkhardt/Intermediate/087_qualimap/Hg38/Keimbahn/KB0479_f/qualimapReport.html
    log: /gpfs/project/projects/spike/AG_Borkhardt/Logs/087_qualimap/Hg38/Keimbahn/KB0479_f.log (check log file(s) for error message)
    shell:
        qualimap bamqc -bam /gpfs/project/projects/spike/AG_Borkhardt/Intermediate/084_gatk4_ApplyBQSR/Hg38/Keimbahn/KB0479_f.GATK4.Hg38.apBQSR.reCal.UMI.target.nodup.srt.bam --feature-file /gpfs/project/projects/spike/AG_Borkhardt/References/Target_Region_Hg38_V7_qualimap.bed --collect-overlap-pairs --genome-gc-distr HUMAN -nr 5000 --java-mem-size=20G -nt 6 -outformat HTML -outdir /gpfs/project/projects/spike/AG_Borkhardt/Intermediate/087_qualimap/Hg38/Keimbahn/KB0479_f/ > /gpfs/project/projects/spike/AG_Borkhardt/Logs/087_qualimap/Hg38/Keimbahn/KB0479_f.log
        (exited with non-zero exit code)
    cluster_jobid: 3464035.hpc-batch

Error executing rule qualimap on cluster (jobid: 8, external: 3464035.hpc-batch, jobscript: /home/yasinl/V7_Nextseq_Hg38/.snakemake/tmp.nuvfpf6o/snakejob.qualimap.8.sh). For error details see the cluster log and the log files of the involved rule(s).
Job failed, going on with independent jobs.
[Tue May 17 13:17:47 2022]
Error in rule qualimap:
    jobid: 0
    output: /gpfs/project/projects/spike/AG_Borkhardt/Intermediate/087_qualimap/Hg38/Keimbahn/KB0472_c/qualimapReport.html
    log: /gpfs/project/projects/spike/AG_Borkhardt/Logs/087_qualimap/Hg38/Keimbahn/KB0472_c.log (check log file(s) for error message)
    shell:
        qualimap bamqc -bam /gpfs/project/projects/spike/AG_Borkhardt/Intermediate/084_gatk4_ApplyBQSR/Hg38/Keimbahn/KB0472_c.GATK4.Hg38.apBQSR.reCal.UMI.target.nodup.srt.bam --feature-file /gpfs/project/projects/spike/AG_Borkhardt/References/Target_Region_Hg38_V7_qualimap.bed --collect-overlap-pairs --genome-gc-distr HUMAN -nr 5000 --java-mem-size=20G -nt 6 -outformat HTML -outdir /gpfs/project/projects/spike/AG_Borkhardt/Intermediate/087_qualimap/Hg38/Keimbahn/KB0472_c/ > /gpfs/project/projects/spike/AG_Borkhardt/Logs/087_qualimap/Hg38/Keimbahn/KB0472_c.log
        (exited with non-zero exit code)
    cluster_jobid: 3464028.hpc-batch

Error executing rule qualimap on cluster (jobid: 0, external: 3464028.hpc-batch, jobscript: /home/yasinl/V7_Nextseq_Hg38/.snakemake/tmp.nuvfpf6o/snakejob.qualimap.0.sh). For error details see the cluster log and the log files of the involved rule(s).
Job failed, going on with independent jobs.
[Tue May 17 13:17:49 2022]
Error in rule qualimap:
    jobid: 1
    output: /gpfs/project/projects/spike/AG_Borkhardt/Intermediate/087_qualimap/Hg38/Keimbahn/KB0472_m/qualimapReport.html
    log: /gpfs/project/projects/spike/AG_Borkhardt/Logs/087_qualimap/Hg38/Keimbahn/KB0472_m.log (check log file(s) for error message)
    shell:
        qualimap bamqc -bam /gpfs/project/projects/spike/AG_Borkhardt/Intermediate/084_gatk4_ApplyBQSR/Hg38/Keimbahn/KB0472_m.GATK4.Hg38.apBQSR.reCal.UMI.target.nodup.srt.bam --feature-file /gpfs/project/projects/spike/AG_Borkhardt/References/Target_Region_Hg38_V7_qualimap.bed --collect-overlap-pairs --genome-gc-distr HUMAN -nr 5000 --java-mem-size=20G -nt 6 -outformat HTML -outdir /gpfs/project/projects/spike/AG_Borkhardt/Intermediate/087_qualimap/Hg38/Keimbahn/KB0472_m/ > /gpfs/project/projects/spike/AG_Borkhardt/Logs/087_qualimap/Hg38/Keimbahn/KB0472_m.log
        (exited with non-zero exit code)
    cluster_jobid: 3464029.hpc-batch

Error executing rule qualimap on cluster (jobid: 1, external: 3464029.hpc-batch, jobscript: /home/yasinl/V7_Nextseq_Hg38/.snakemake/tmp.nuvfpf6o/snakejob.qualimap.1.sh). For error details see the cluster log and the log files of the involved rule(s).
Job failed, going on with independent jobs.
[Tue May 17 13:17:50 2022]
Error in rule qualimap:
    jobid: 2
    output: /gpfs/project/projects/spike/AG_Borkhardt/Intermediate/087_qualimap/Hg38/Keimbahn/KB0476_m/qualimapReport.html
    log: /gpfs/project/projects/spike/AG_Borkhardt/Logs/087_qualimap/Hg38/Keimbahn/KB0476_m.log (check log file(s) for error message)
    shell:
        qualimap bamqc -bam /gpfs/project/projects/spike/AG_Borkhardt/Intermediate/084_gatk4_ApplyBQSR/Hg38/Keimbahn/KB0476_m.GATK4.Hg38.apBQSR.reCal.UMI.target.nodup.srt.bam --feature-file /gpfs/project/projects/spike/AG_Borkhardt/References/Target_Region_Hg38_V7_qualimap.bed --collect-overlap-pairs --genome-gc-distr HUMAN -nr 5000 --java-mem-size=20G -nt 6 -outformat HTML -outdir /gpfs/project/projects/spike/AG_Borkhardt/Intermediate/087_qualimap/Hg38/Keimbahn/KB0476_m/ > /gpfs/project/projects/spike/AG_Borkhardt/Logs/087_qualimap/Hg38/Keimbahn/KB0476_m.log
        (exited with non-zero exit code)
    cluster_jobid: 3464030.hpc-batch

Error executing rule qualimap on cluster (jobid: 2, external: 3464030.hpc-batch, jobscript: /home/yasinl/V7_Nextseq_Hg38/.snakemake/tmp.nuvfpf6o/snakejob.qualimap.2.sh). For error details see the cluster log and the log files of the involved rule(s).
Job failed, going on with independent jobs.
[Tue May 17 13:20:07 2022]
Finished job 61.
1 of 29 steps (3%) done

[Tue May 17 13:20:07 2022]
rule MBC_remove_duplicates:
    input: /gpfs/project/projects/spike/AG_Borkhardt/Intermediate/060_map/Hg38/Keimbahn/KB0472_f.Hg38.srt.bam, /gpfs/project/projects/spike/AG_Borkhardt/Intermediate/060_map/Hg38/Keimbahn/KB0472_f.Hg38.srt.bai
    output: /gpfs/project/projects/spike/AG_Borkhardt/Intermediate/066_MBC_remove_duplicates/Hg38/Keimbahn/KB0472_f.UMI.nodup.srt.bam
    log: /gpfs/project/projects/spike/AG_Borkhardt/Logs/066_MBC_remove_duplicates/Hg38/Keimbahn/KB0472_f.log
    jobid: 43
    benchmark: /gpfs/project/projects/spike/AG_Borkhardt/Benchmarks/066_MBC_remove_duplicates/Hg38/Keimbahn/KB0472_f.benchmark
    reason: Updated input files: /gpfs/project/projects/spike/AG_Borkhardt/Intermediate/060_map/Hg38/Keimbahn/KB0472_f.Hg38.srt.bam; Input files updated by another job: /gpfs/project/projects/spike/AG_Borkhardt/Intermediate/060_map/Hg38/Keimbahn/KB0472_f.Hg38.srt.bai
    wildcards: prefix=/gpfs/project/projects/spike/AG_Borkhardt/, sample=Keimbahn/KB0472_f

umi_tools dedup -I /gpfs/project/projects/spike/AG_Borkhardt/Intermediate/060_map/Hg38/Keimbahn/KB0472_f.Hg38.srt.bam --paired --unpaired-reads discard --chimeric-pairs discard --output-stats /gpfs/project/projects/spike/AG_Borkhardt/Intermediate/066_MBC_remove_duplicates/Hg38/Keimbahn/KB0472_f. -S /gpfs/project/projects/spike/AG_Borkhardt/Intermediate/066_MBC_remove_duplicates/Hg38/Keimbahn/KB0472_f.UMI.nodup.srt.bam > /gpfs/project/projects/spike/AG_Borkhardt/Logs/066_MBC_remove_duplicates/Hg38/Keimbahn/KB0472_f.log 2>&1
Submitted job 43 with external jobid '3464037.hpc-batch'.
[Tue May 17 13:20:23 2022]
Error in rule samtools_index_sort:
    jobid: 69
    output: /gpfs/project/projects/spike/AG_Borkhardt/Intermediate/060_map/Hg38/Keimbahn/KB0315_m.Hg38.srt.bai
    log: /gpfs/project/projects/spike/AG_Borkhardt/Logs/060_map/Hg38/Keimbahn/KB0315_m.samtools_view.log (check log file(s) for error message)
    shell:
        module load SamTools/1.11; samtools index /gpfs/project/projects/spike/AG_Borkhardt/Intermediate/060_map/Hg38/Keimbahn/KB0315_m.Hg38.srt.bam /gpfs/project/projects/spike/AG_Borkhardt/Intermediate/060_map/Hg38/Keimbahn/KB0315_m.Hg38.srt.bai > /gpfs/project/projects/spike/AG_Borkhardt/Logs/060_map/Hg38/Keimbahn/KB0315_m.samtools_view.log 2>&1
        (exited with non-zero exit code)
    cluster_jobid: 3464036.hpc-batch

Error executing rule samtools_index_sort on cluster (jobid: 69, external: 3464036.hpc-batch, jobscript: /home/yasinl/V7_Nextseq_Hg38/.snakemake/tmp.nuvfpf6o/snakejob.samtools_index_sort.69.sh). For error details see the cluster log and the log files of the involved rule(s).
Job failed, going on with independent jobs.
[Tue May 17 13:23:28 2022]
Error in rule bwa:
    jobid: 76
    output: /gpfs/project/projects/spike/AG_Borkhardt/Intermediate/060_map/Hg38/Keimbahn/KB0476_f.Hg38.sam
    log: /gpfs/project/projects/spike/AG_Borkhardt/Logs/060_map/Keimbahn/KB0476_f.bwa_mem.log (check log file(s) for error message)
    conda-env: /home/yasinl/V7_Nextseq_Hg38/.snakemake/conda/ed8b811a
    shell:
        bwa mem -t 6 -v 2 -M -R "@RG\tID:220425_NB552271_0084_AHLJWWBGXL\tCN:Department_of_Pediatric_Oncology_Dusseldorf\tPU:HLJWWBGXL\tDT:2022/04/25\tPL:ILLUMINA\tLB:SureSelectHumanAllExonV7\tSM:KB0476_f"  /gpfs/project/projects/spike/AG_Borkhardt/References/Homo_sapiens.GRCh38.dna.chromosome.all.fasta /gpfs/project/projects/spike/AG_Borkhardt/Intermediate/040_trim/Paired/Keimbahn/KB0476_f_R1_UMI.fastq.gz /gpfs/project/projects/spike/AG_Borkhardt/Intermediate/040_trim/Paired/Keimbahn/KB0476_f_R2_UMI.fastq.gz 2> /gpfs/project/projects/spike/AG_Borkhardt/Logs/060_map/Keimbahn/KB0476_f.bwa_mem.log > /gpfs/project/projects/spike/AG_Borkhardt/Intermediate/060_map/Hg38/Keimbahn/KB0476_f.Hg38.sam
        (exited with non-zero exit code)
    cluster_jobid: 3464031.hpc-batch

Error executing rule bwa on cluster (jobid: 76, external: 3464031.hpc-batch, jobscript: /home/yasinl/V7_Nextseq_Hg38/.snakemake/tmp.nuvfpf6o/snakejob.bwa.76.sh). For error details see the cluster log and the log files of the involved rule(s).
Job failed, going on with independent jobs.
[Tue May 17 16:09:35 2022]
Finished job 43.
2 of 29 steps (7%) done

[Tue May 17 16:09:35 2022]
rule intersect:
    input: /gpfs/project/projects/spike/AG_Borkhardt/Intermediate/066_MBC_remove_duplicates/Hg38/Keimbahn/KB0472_f.UMI.nodup.srt.bam, /gpfs/project/projects/spike/AG_Borkhardt/References/Covered_region.Hg38_V7.bed
    output: /gpfs/project/projects/spike/AG_Borkhardt/Intermediate/066_MBC_remove_duplicates/Hg38/Keimbahn/KB0472_f.UMI.target.nodup.srt.bam
    log: /gpfs/project/projects/spike/AG_Borkhardt/Logs/066_MBC_remove_duplicates/Hg38/Keimbahn/KB0472_f.intersect.log
    jobid: 25
    benchmark: /gpfs/project/projects/spike/AG_Borkhardt/Benchmarks/066_MBC_remove_duplicates/Hg38/Keimbahn/KB0472_f.intersect.benchmark
    reason: Missing output files: /gpfs/project/projects/spike/AG_Borkhardt/Intermediate/066_MBC_remove_duplicates/Hg38/Keimbahn/KB0472_f.UMI.target.nodup.srt.bam; Input files updated by another job: /gpfs/project/projects/spike/AG_Borkhardt/Intermediate/066_MBC_remove_duplicates/Hg38/Keimbahn/KB0472_f.UMI.nodup.srt.bam
    wildcards: prefix=/gpfs/project/projects/spike/AG_Borkhardt/, sample=Keimbahn/KB0472_f

module load bedtools/2.26.0 ; bedtools intersect -a /gpfs/project/projects/spike/AG_Borkhardt/Intermediate/066_MBC_remove_duplicates/Hg38/Keimbahn/KB0472_f.UMI.nodup.srt.bam -b /gpfs/project/projects/spike/AG_Borkhardt/References/Covered_region.Hg38_V7.bed -wa 2> /gpfs/project/projects/spike/AG_Borkhardt/Logs/066_MBC_remove_duplicates/Hg38/Keimbahn/KB0472_f.intersect.log  > /gpfs/project/projects/spike/AG_Borkhardt/Intermediate/066_MBC_remove_duplicates/Hg38/Keimbahn/KB0472_f.UMI.target.nodup.srt.bam
Submitted job 25 with external jobid '3465504.hpc-batch'.
[Tue May 17 16:42:15 2022]
Finished job 25.
3 of 29 steps (10%) done

[Tue May 17 16:42:15 2022]
rule samtools_index:
    input: /gpfs/project/projects/spike/AG_Borkhardt/Intermediate/066_MBC_remove_duplicates/Hg38/Keimbahn/KB0472_f.UMI.target.nodup.srt.bam
    output: /gpfs/project/projects/spike/AG_Borkhardt/Intermediate/066_MBC_remove_duplicates/Hg38/Keimbahn/KB0472_f.UMI.target.nodup.srt.bai
    log: /gpfs/project/projects/spike/AG_Borkhardt/Logs/066_MBC_remove_duplicates/Hg38/Keimbahn/KB0472_f.samtools_view.log
    jobid: 42
    benchmark: /gpfs/project/projects/spike/AG_Borkhardt/Benchmarks/066_MBC_remove_duplicates/Hg38/Keimbahn/KB0472_f.benchmark
    reason: Missing output files: /gpfs/project/projects/spike/AG_Borkhardt/Intermediate/066_MBC_remove_duplicates/Hg38/Keimbahn/KB0472_f.UMI.target.nodup.srt.bai; Input files updated by another job: /gpfs/project/projects/spike/AG_Borkhardt/Intermediate/066_MBC_remove_duplicates/Hg38/Keimbahn/KB0472_f.UMI.target.nodup.srt.bam
    wildcards: prefix=/gpfs/project/projects/spike/AG_Borkhardt/, sample=Keimbahn/KB0472_f

module load SamTools/1.11; samtools index /gpfs/project/projects/spike/AG_Borkhardt/Intermediate/066_MBC_remove_duplicates/Hg38/Keimbahn/KB0472_f.UMI.target.nodup.srt.bam /gpfs/project/projects/spike/AG_Borkhardt/Intermediate/066_MBC_remove_duplicates/Hg38/Keimbahn/KB0472_f.UMI.target.nodup.srt.bai > /gpfs/project/projects/spike/AG_Borkhardt/Logs/066_MBC_remove_duplicates/Hg38/Keimbahn/KB0472_f.samtools_view.log 2>&1
Submitted job 42 with external jobid '3465532.hpc-batch'.
[Tue May 17 16:44:45 2022]
Error in rule samtools_index:
    jobid: 42
    output: /gpfs/project/projects/spike/AG_Borkhardt/Intermediate/066_MBC_remove_duplicates/Hg38/Keimbahn/KB0472_f.UMI.target.nodup.srt.bai
    log: /gpfs/project/projects/spike/AG_Borkhardt/Logs/066_MBC_remove_duplicates/Hg38/Keimbahn/KB0472_f.samtools_view.log (check log file(s) for error message)
    shell:
        module load SamTools/1.11; samtools index /gpfs/project/projects/spike/AG_Borkhardt/Intermediate/066_MBC_remove_duplicates/Hg38/Keimbahn/KB0472_f.UMI.target.nodup.srt.bam /gpfs/project/projects/spike/AG_Borkhardt/Intermediate/066_MBC_remove_duplicates/Hg38/Keimbahn/KB0472_f.UMI.target.nodup.srt.bai > /gpfs/project/projects/spike/AG_Borkhardt/Logs/066_MBC_remove_duplicates/Hg38/Keimbahn/KB0472_f.samtools_view.log 2>&1
        (exited with non-zero exit code)
    cluster_jobid: 3465532.hpc-batch

Error executing rule samtools_index on cluster (jobid: 42, external: 3465532.hpc-batch, jobscript: /home/yasinl/V7_Nextseq_Hg38/.snakemake/tmp.nuvfpf6o/snakejob.samtools_index.42.sh). For error details see the cluster log and the log files of the involved rule(s).
Job failed, going on with independent jobs.
Exiting because a job execution failed. Look above for error message
Complete log: /home/yasinl/V7_Nextseq_Hg38/.snakemake/log/2022-05-17T131626.527683.snakemake.log
