The flag 'directory' used in rule demultiplex is only valid for outputs, not inputs.
The flag 'directory' used in rule demultiplex is only valid for outputs, not inputs.
The flag 'directory' used in rule aggregate_undetermined_filesizes is only valid for outputs, not inputs.
localrules directive specifies rules that are not present in the Snakefile:
	xenograft_check
	check_coverage

Building DAG of jobs...
Using shell: /bin/bash
Provided cluster nodes: 50
Job counts:
	count	jobs
	1	MBC_remove_duplicates
	1	bwa
	1	gatk4_ApplyBQSR
	1	gatk4_BaseRecalibrator
	1	intersect
	1	qualimap
	1	sam_cleanup
	1	samtools_index
	1	samtools_index_sort
	9

[Wed May 18 14:45:19 2022]
rule bwa:
    input: /gpfs/project/projects/spike/AG_Borkhardt/Intermediate/040_trim/Paired/Keimbahn/KB0476_f_R1_UMI.fastq.gz, /gpfs/project/projects/spike/AG_Borkhardt/Intermediate/040_trim/Paired/Keimbahn/KB0476_f_R2_UMI.fastq.gz, /gpfs/project/projects/spike/AG_Borkhardt/References/Homo_sapiens.GRCh38.dna.chromosome.all.fasta, /gpfs/project/projects/spike/AG_Borkhardt/References/Homo_sapiens.GRCh38.dna.chromosome.all.dict, /gpfs/project/projects/spike/AG_Borkhardt/References/Homo_sapiens.GRCh38.dna.chromosome.all.fasta.amb, /gpfs/project/projects/spike/AG_Borkhardt/References/Homo_sapiens.GRCh38.dna.chromosome.all.fasta.ann, /gpfs/project/projects/spike/AG_Borkhardt/References/Homo_sapiens.GRCh38.dna.chromosome.all.fasta.bwt, /gpfs/project/projects/spike/AG_Borkhardt/References/Homo_sapiens.GRCh38.dna.chromosome.all.fasta.fai, /gpfs/project/projects/spike/AG_Borkhardt/References/Homo_sapiens.GRCh38.dna.chromosome.all.fasta.pac, /gpfs/project/projects/spike/AG_Borkhardt/References/Homo_sapiens.GRCh38.dna.chromosome.all.fasta.sa
    output: /gpfs/project/projects/spike/AG_Borkhardt/Intermediate/060_map/Hg38/Keimbahn/KB0476_f.Hg38.sam
    log: /gpfs/project/projects/spike/AG_Borkhardt/Logs/060_map/Keimbahn/KB0476_f.bwa_mem.log
    jobid: 72
    benchmark: /gpfs/project/projects/spike/AG_Borkhardt/Benchmarks/060_map/Keimbahn/KB0476_f.benchmark
    reason: Updated input files: /gpfs/project/projects/spike/AG_Borkhardt/Intermediate/040_trim/Paired/Keimbahn/KB0476_f_R1_UMI.fastq.gz, /gpfs/project/projects/spike/AG_Borkhardt/Intermediate/040_trim/Paired/Keimbahn/KB0476_f_R2_UMI.fastq.gz
    wildcards: prefix=/gpfs/project/projects/spike/AG_Borkhardt/, sample=Keimbahn/KB0476_f
    threads: 6

bwa mem -t 6 -v 2 -M -R "@RG\tID:220425_NB552271_0084_AHLJWWBGXL\tCN:Department_of_Pediatric_Oncology_Dusseldorf\tPU:HLJWWBGXL\tDT:2022/04/25\tPL:ILLUMINA\tLB:SureSelectHumanAllExonV7\tSM:KB0476_f"  /gpfs/project/projects/spike/AG_Borkhardt/References/Homo_sapiens.GRCh38.dna.chromosome.all.fasta /gpfs/project/projects/spike/AG_Borkhardt/Intermediate/040_trim/Paired/Keimbahn/KB0476_f_R1_UMI.fastq.gz /gpfs/project/projects/spike/AG_Borkhardt/Intermediate/040_trim/Paired/Keimbahn/KB0476_f_R2_UMI.fastq.gz 2> /gpfs/project/projects/spike/AG_Borkhardt/Logs/060_map/Keimbahn/KB0476_f.bwa_mem.log > /gpfs/project/projects/spike/AG_Borkhardt/Intermediate/060_map/Hg38/Keimbahn/KB0476_f.Hg38.sam
Submitted job 72 with external jobid '3467903.hpc-batch'.
[Wed May 18 14:53:03 2022]
Error in rule bwa:
    jobid: 72
    output: /gpfs/project/projects/spike/AG_Borkhardt/Intermediate/060_map/Hg38/Keimbahn/KB0476_f.Hg38.sam
    log: /gpfs/project/projects/spike/AG_Borkhardt/Logs/060_map/Keimbahn/KB0476_f.bwa_mem.log (check log file(s) for error message)
    conda-env: /home/yasinl/V7_Nextseq_Hg38/.snakemake/conda/ed8b811a
    shell:
        bwa mem -t 6 -v 2 -M -R "@RG\tID:220425_NB552271_0084_AHLJWWBGXL\tCN:Department_of_Pediatric_Oncology_Dusseldorf\tPU:HLJWWBGXL\tDT:2022/04/25\tPL:ILLUMINA\tLB:SureSelectHumanAllExonV7\tSM:KB0476_f"  /gpfs/project/projects/spike/AG_Borkhardt/References/Homo_sapiens.GRCh38.dna.chromosome.all.fasta /gpfs/project/projects/spike/AG_Borkhardt/Intermediate/040_trim/Paired/Keimbahn/KB0476_f_R1_UMI.fastq.gz /gpfs/project/projects/spike/AG_Borkhardt/Intermediate/040_trim/Paired/Keimbahn/KB0476_f_R2_UMI.fastq.gz 2> /gpfs/project/projects/spike/AG_Borkhardt/Logs/060_map/Keimbahn/KB0476_f.bwa_mem.log > /gpfs/project/projects/spike/AG_Borkhardt/Intermediate/060_map/Hg38/Keimbahn/KB0476_f.Hg38.sam
        (exited with non-zero exit code)
    cluster_jobid: 3467903.hpc-batch

Error executing rule bwa on cluster (jobid: 72, external: 3467903.hpc-batch, jobscript: /home/yasinl/V7_Nextseq_Hg38/.snakemake/tmp.z8dhg_3t/snakejob.bwa.72.sh). For error details see the cluster log and the log files of the involved rule(s).
Job failed, going on with independent jobs.
Exiting because a job execution failed. Look above for error message
Complete log: /home/yasinl/V7_Nextseq_Hg38/.snakemake/log/2022-05-18T144457.697386.snakemake.log
