The flag 'directory' used in rule demultiplex is only valid for outputs, not inputs.
The flag 'directory' used in rule demultiplex is only valid for outputs, not inputs.
The flag 'directory' used in rule aggregate_undetermined_filesizes is only valid for outputs, not inputs.
localrules directive specifies rules that are not present in the Snakefile:
	xenograft_check
	check_coverage

Building DAG of jobs...
Using shell: /bin/bash
Provided cluster nodes: 50
Job counts:
	count	jobs
	9	MBC_remove_duplicates
	9	bwa
	9	gatk4_ApplyBQSR
	9	gatk4_BaseRecalibrator
	9	intersect
	9	qualimap
	9	sam_cleanup
	9	samtools_index
	9	samtools_index_sort
	9	trim
	90

[Mon May 16 23:14:20 2022]
rule trim:
    input: /gpfs/project/projects/spike/AG_Borkhardt/Intermediate/035_rejoin_samples/Keimbahn/KB0472_f_R1_UMI.fastq.gz, /gpfs/project/projects/spike/AG_Borkhardt/Intermediate/035_rejoin_samples/Keimbahn/KB0472_f_R3_UMI.fastq.gz
    output: /gpfs/project/projects/spike/AG_Borkhardt/Intermediate/040_trim/Paired/Keimbahn/KB0472_f_R1_UMI.fastq.gz, /gpfs/project/projects/spike/AG_Borkhardt/Intermediate/040_trim/Paired/Keimbahn/KB0472_f_R2_UMI.fastq.gz
    log: /gpfs/project/projects/spike/AG_Borkhardt/Logs/040_trim/Keimbahn/KB0472_f.log
    jobid: 86
    benchmark: /gpfs/project/projects/spike/AG_Borkhardt/Benchmarks/040_trim/Keimbahn/KB0472_f.benchmark
    reason: Missing output files: /gpfs/project/projects/spike/AG_Borkhardt/Intermediate/040_trim/Paired/Keimbahn/KB0472_f_R1_UMI.fastq.gz, /gpfs/project/projects/spike/AG_Borkhardt/Intermediate/040_trim/Paired/Keimbahn/KB0472_f_R2_UMI.fastq.gz; Updated input files: /gpfs/project/projects/spike/AG_Borkhardt/Intermediate/035_rejoin_samples/Keimbahn/KB0472_f_R3_UMI.fastq.gz, /gpfs/project/projects/spike/AG_Borkhardt/Intermediate/035_rejoin_samples/Keimbahn/KB0472_f_R1_UMI.fastq.gz
    wildcards: prefix=/gpfs/project/projects/spike/AG_Borkhardt/, sample=Keimbahn/KB0472_f
    threads: 16

mkdir -p `dirname /gpfs/project/projects/spike/AG_Borkhardt/Intermediate/040_trim/Unpaired/Keimbahn/KB0472_f_R1.fastq.gz` 2> /gpfs/project/projects/spike/AG_Borkhardt/Logs/040_trim/Keimbahn/KB0472_f.log & java -Xmx4g -XX:ParallelGCThreads=16 -jar ${CONDA_PREFIX}/share/trimmomatic-0.39-2/trimmomatic.jar PE -threads 16 -phred33 /gpfs/project/projects/spike/AG_Borkhardt/Intermediate/035_rejoin_samples/Keimbahn/KB0472_f_R1_UMI.fastq.gz /gpfs/project/projects/spike/AG_Borkhardt/Intermediate/035_rejoin_samples/Keimbahn/KB0472_f_R3_UMI.fastq.gz /gpfs/project/projects/spike/AG_Borkhardt/Intermediate/040_trim/Paired/Keimbahn/KB0472_f_R1_UMI.fastq.gz /gpfs/project/projects/spike/AG_Borkhardt/Intermediate/040_trim/Unpaired/Keimbahn/KB0472_f_R1.fastq.gz /gpfs/project/projects/spike/AG_Borkhardt/Intermediate/040_trim/Paired/Keimbahn/KB0472_f_R2_UMI.fastq.gz /gpfs/project/projects/spike/AG_Borkhardt/Intermediate/040_trim/Unpaired/Keimbahn/KB0472_f_R2.fastq.gz ILLUMINACLIP:${CONDA_PREFIX}/share/trimmomatic-0.39-1/adapters/TruSeq3-PE.fa:2:30:10 CROP:149 LEADING:10 TRAILING:10 SLIDINGWINDOW:4:15 MINLEN:54 >> /gpfs/project/projects/spike/AG_Borkhardt/Logs/040_trim/Keimbahn/KB0472_f.log 2>&1
Submitted job 86 with external jobid '3461552.hpc-batch'.

[Mon May 16 23:14:20 2022]
rule trim:
    input: /gpfs/project/projects/spike/AG_Borkhardt/Intermediate/035_rejoin_samples/Keimbahn/KB0315_m_R1_UMI.fastq.gz, /gpfs/project/projects/spike/AG_Borkhardt/Intermediate/035_rejoin_samples/Keimbahn/KB0315_m_R3_UMI.fastq.gz
    output: /gpfs/project/projects/spike/AG_Borkhardt/Intermediate/040_trim/Paired/Keimbahn/KB0315_m_R1_UMI.fastq.gz, /gpfs/project/projects/spike/AG_Borkhardt/Intermediate/040_trim/Paired/Keimbahn/KB0315_m_R2_UMI.fastq.gz
    log: /gpfs/project/projects/spike/AG_Borkhardt/Logs/040_trim/Keimbahn/KB0315_m.log
    jobid: 89
    benchmark: /gpfs/project/projects/spike/AG_Borkhardt/Benchmarks/040_trim/Keimbahn/KB0315_m.benchmark
    reason: Missing output files: /gpfs/project/projects/spike/AG_Borkhardt/Intermediate/040_trim/Paired/Keimbahn/KB0315_m_R1_UMI.fastq.gz, /gpfs/project/projects/spike/AG_Borkhardt/Intermediate/040_trim/Paired/Keimbahn/KB0315_m_R2_UMI.fastq.gz; Updated input files: /gpfs/project/projects/spike/AG_Borkhardt/Intermediate/035_rejoin_samples/Keimbahn/KB0315_m_R1_UMI.fastq.gz, /gpfs/project/projects/spike/AG_Borkhardt/Intermediate/035_rejoin_samples/Keimbahn/KB0315_m_R3_UMI.fastq.gz
    wildcards: prefix=/gpfs/project/projects/spike/AG_Borkhardt/, sample=Keimbahn/KB0315_m
    threads: 16

mkdir -p `dirname /gpfs/project/projects/spike/AG_Borkhardt/Intermediate/040_trim/Unpaired/Keimbahn/KB0315_m_R1.fastq.gz` 2> /gpfs/project/projects/spike/AG_Borkhardt/Logs/040_trim/Keimbahn/KB0315_m.log & java -Xmx4g -XX:ParallelGCThreads=16 -jar ${CONDA_PREFIX}/share/trimmomatic-0.39-2/trimmomatic.jar PE -threads 16 -phred33 /gpfs/project/projects/spike/AG_Borkhardt/Intermediate/035_rejoin_samples/Keimbahn/KB0315_m_R1_UMI.fastq.gz /gpfs/project/projects/spike/AG_Borkhardt/Intermediate/035_rejoin_samples/Keimbahn/KB0315_m_R3_UMI.fastq.gz /gpfs/project/projects/spike/AG_Borkhardt/Intermediate/040_trim/Paired/Keimbahn/KB0315_m_R1_UMI.fastq.gz /gpfs/project/projects/spike/AG_Borkhardt/Intermediate/040_trim/Unpaired/Keimbahn/KB0315_m_R1.fastq.gz /gpfs/project/projects/spike/AG_Borkhardt/Intermediate/040_trim/Paired/Keimbahn/KB0315_m_R2_UMI.fastq.gz /gpfs/project/projects/spike/AG_Borkhardt/Intermediate/040_trim/Unpaired/Keimbahn/KB0315_m_R2.fastq.gz ILLUMINACLIP:${CONDA_PREFIX}/share/trimmomatic-0.39-1/adapters/TruSeq3-PE.fa:2:30:10 CROP:149 LEADING:10 TRAILING:10 SLIDINGWINDOW:4:15 MINLEN:54 >> /gpfs/project/projects/spike/AG_Borkhardt/Logs/040_trim/Keimbahn/KB0315_m.log 2>&1
Submitted job 89 with external jobid '3461553.hpc-batch'.

[Mon May 16 23:14:20 2022]
rule trim:
    input: /gpfs/project/projects/spike/AG_Borkhardt/Intermediate/035_rejoin_samples/Keimbahn/KB0472_m_R1_UMI.fastq.gz, /gpfs/project/projects/spike/AG_Borkhardt/Intermediate/035_rejoin_samples/Keimbahn/KB0472_m_R3_UMI.fastq.gz
    output: /gpfs/project/projects/spike/AG_Borkhardt/Intermediate/040_trim/Paired/Keimbahn/KB0472_m_R1_UMI.fastq.gz, /gpfs/project/projects/spike/AG_Borkhardt/Intermediate/040_trim/Paired/Keimbahn/KB0472_m_R2_UMI.fastq.gz
    log: /gpfs/project/projects/spike/AG_Borkhardt/Logs/040_trim/Keimbahn/KB0472_m.log
    jobid: 88
    benchmark: /gpfs/project/projects/spike/AG_Borkhardt/Benchmarks/040_trim/Keimbahn/KB0472_m.benchmark
    reason: Missing output files: /gpfs/project/projects/spike/AG_Borkhardt/Intermediate/040_trim/Paired/Keimbahn/KB0472_m_R1_UMI.fastq.gz, /gpfs/project/projects/spike/AG_Borkhardt/Intermediate/040_trim/Paired/Keimbahn/KB0472_m_R2_UMI.fastq.gz; Updated input files: /gpfs/project/projects/spike/AG_Borkhardt/Intermediate/035_rejoin_samples/Keimbahn/KB0472_m_R1_UMI.fastq.gz, /gpfs/project/projects/spike/AG_Borkhardt/Intermediate/035_rejoin_samples/Keimbahn/KB0472_m_R3_UMI.fastq.gz
    wildcards: prefix=/gpfs/project/projects/spike/AG_Borkhardt/, sample=Keimbahn/KB0472_m
    threads: 16

mkdir -p `dirname /gpfs/project/projects/spike/AG_Borkhardt/Intermediate/040_trim/Unpaired/Keimbahn/KB0472_m_R1.fastq.gz` 2> /gpfs/project/projects/spike/AG_Borkhardt/Logs/040_trim/Keimbahn/KB0472_m.log & java -Xmx4g -XX:ParallelGCThreads=16 -jar ${CONDA_PREFIX}/share/trimmomatic-0.39-2/trimmomatic.jar PE -threads 16 -phred33 /gpfs/project/projects/spike/AG_Borkhardt/Intermediate/035_rejoin_samples/Keimbahn/KB0472_m_R1_UMI.fastq.gz /gpfs/project/projects/spike/AG_Borkhardt/Intermediate/035_rejoin_samples/Keimbahn/KB0472_m_R3_UMI.fastq.gz /gpfs/project/projects/spike/AG_Borkhardt/Intermediate/040_trim/Paired/Keimbahn/KB0472_m_R1_UMI.fastq.gz /gpfs/project/projects/spike/AG_Borkhardt/Intermediate/040_trim/Unpaired/Keimbahn/KB0472_m_R1.fastq.gz /gpfs/project/projects/spike/AG_Borkhardt/Intermediate/040_trim/Paired/Keimbahn/KB0472_m_R2_UMI.fastq.gz /gpfs/project/projects/spike/AG_Borkhardt/Intermediate/040_trim/Unpaired/Keimbahn/KB0472_m_R2.fastq.gz ILLUMINACLIP:${CONDA_PREFIX}/share/trimmomatic-0.39-1/adapters/TruSeq3-PE.fa:2:30:10 CROP:149 LEADING:10 TRAILING:10 SLIDINGWINDOW:4:15 MINLEN:54 >> /gpfs/project/projects/spike/AG_Borkhardt/Logs/040_trim/Keimbahn/KB0472_m.log 2>&1
Submitted job 88 with external jobid '3461554.hpc-batch'.

[Mon May 16 23:14:20 2022]
rule trim:
    input: /gpfs/project/projects/spike/AG_Borkhardt/Intermediate/035_rejoin_samples/Keimbahn/KB0476_c_R1_UMI.fastq.gz, /gpfs/project/projects/spike/AG_Borkhardt/Intermediate/035_rejoin_samples/Keimbahn/KB0476_c_R3_UMI.fastq.gz
    output: /gpfs/project/projects/spike/AG_Borkhardt/Intermediate/040_trim/Paired/Keimbahn/KB0476_c_R1_UMI.fastq.gz, /gpfs/project/projects/spike/AG_Borkhardt/Intermediate/040_trim/Paired/Keimbahn/KB0476_c_R2_UMI.fastq.gz
    log: /gpfs/project/projects/spike/AG_Borkhardt/Logs/040_trim/Keimbahn/KB0476_c.log
    jobid: 87
    benchmark: /gpfs/project/projects/spike/AG_Borkhardt/Benchmarks/040_trim/Keimbahn/KB0476_c.benchmark
    reason: Missing output files: /gpfs/project/projects/spike/AG_Borkhardt/Intermediate/040_trim/Paired/Keimbahn/KB0476_c_R2_UMI.fastq.gz, /gpfs/project/projects/spike/AG_Borkhardt/Intermediate/040_trim/Paired/Keimbahn/KB0476_c_R1_UMI.fastq.gz; Updated input files: /gpfs/project/projects/spike/AG_Borkhardt/Intermediate/035_rejoin_samples/Keimbahn/KB0476_c_R1_UMI.fastq.gz, /gpfs/project/projects/spike/AG_Borkhardt/Intermediate/035_rejoin_samples/Keimbahn/KB0476_c_R3_UMI.fastq.gz
    wildcards: prefix=/gpfs/project/projects/spike/AG_Borkhardt/, sample=Keimbahn/KB0476_c
    threads: 16

mkdir -p `dirname /gpfs/project/projects/spike/AG_Borkhardt/Intermediate/040_trim/Unpaired/Keimbahn/KB0476_c_R1.fastq.gz` 2> /gpfs/project/projects/spike/AG_Borkhardt/Logs/040_trim/Keimbahn/KB0476_c.log & java -Xmx4g -XX:ParallelGCThreads=16 -jar ${CONDA_PREFIX}/share/trimmomatic-0.39-2/trimmomatic.jar PE -threads 16 -phred33 /gpfs/project/projects/spike/AG_Borkhardt/Intermediate/035_rejoin_samples/Keimbahn/KB0476_c_R1_UMI.fastq.gz /gpfs/project/projects/spike/AG_Borkhardt/Intermediate/035_rejoin_samples/Keimbahn/KB0476_c_R3_UMI.fastq.gz /gpfs/project/projects/spike/AG_Borkhardt/Intermediate/040_trim/Paired/Keimbahn/KB0476_c_R1_UMI.fastq.gz /gpfs/project/projects/spike/AG_Borkhardt/Intermediate/040_trim/Unpaired/Keimbahn/KB0476_c_R1.fastq.gz /gpfs/project/projects/spike/AG_Borkhardt/Intermediate/040_trim/Paired/Keimbahn/KB0476_c_R2_UMI.fastq.gz /gpfs/project/projects/spike/AG_Borkhardt/Intermediate/040_trim/Unpaired/Keimbahn/KB0476_c_R2.fastq.gz ILLUMINACLIP:${CONDA_PREFIX}/share/trimmomatic-0.39-1/adapters/TruSeq3-PE.fa:2:30:10 CROP:149 LEADING:10 TRAILING:10 SLIDINGWINDOW:4:15 MINLEN:54 >> /gpfs/project/projects/spike/AG_Borkhardt/Logs/040_trim/Keimbahn/KB0476_c.log 2>&1
Submitted job 87 with external jobid '3461555.hpc-batch'.

[Mon May 16 23:14:20 2022]
rule trim:
    input: /gpfs/project/projects/spike/AG_Borkhardt/Intermediate/035_rejoin_samples/Keimbahn/KB0476_m_R1_UMI.fastq.gz, /gpfs/project/projects/spike/AG_Borkhardt/Intermediate/035_rejoin_samples/Keimbahn/KB0476_m_R3_UMI.fastq.gz
    output: /gpfs/project/projects/spike/AG_Borkhardt/Intermediate/040_trim/Paired/Keimbahn/KB0476_m_R1_UMI.fastq.gz, /gpfs/project/projects/spike/AG_Borkhardt/Intermediate/040_trim/Paired/Keimbahn/KB0476_m_R2_UMI.fastq.gz
    log: /gpfs/project/projects/spike/AG_Borkhardt/Logs/040_trim/Keimbahn/KB0476_m.log
    jobid: 83
    benchmark: /gpfs/project/projects/spike/AG_Borkhardt/Benchmarks/040_trim/Keimbahn/KB0476_m.benchmark
    reason: Missing output files: /gpfs/project/projects/spike/AG_Borkhardt/Intermediate/040_trim/Paired/Keimbahn/KB0476_m_R2_UMI.fastq.gz, /gpfs/project/projects/spike/AG_Borkhardt/Intermediate/040_trim/Paired/Keimbahn/KB0476_m_R1_UMI.fastq.gz; Updated input files: /gpfs/project/projects/spike/AG_Borkhardt/Intermediate/035_rejoin_samples/Keimbahn/KB0476_m_R1_UMI.fastq.gz, /gpfs/project/projects/spike/AG_Borkhardt/Intermediate/035_rejoin_samples/Keimbahn/KB0476_m_R3_UMI.fastq.gz
    wildcards: prefix=/gpfs/project/projects/spike/AG_Borkhardt/, sample=Keimbahn/KB0476_m
    threads: 16

mkdir -p `dirname /gpfs/project/projects/spike/AG_Borkhardt/Intermediate/040_trim/Unpaired/Keimbahn/KB0476_m_R1.fastq.gz` 2> /gpfs/project/projects/spike/AG_Borkhardt/Logs/040_trim/Keimbahn/KB0476_m.log & java -Xmx4g -XX:ParallelGCThreads=16 -jar ${CONDA_PREFIX}/share/trimmomatic-0.39-2/trimmomatic.jar PE -threads 16 -phred33 /gpfs/project/projects/spike/AG_Borkhardt/Intermediate/035_rejoin_samples/Keimbahn/KB0476_m_R1_UMI.fastq.gz /gpfs/project/projects/spike/AG_Borkhardt/Intermediate/035_rejoin_samples/Keimbahn/KB0476_m_R3_UMI.fastq.gz /gpfs/project/projects/spike/AG_Borkhardt/Intermediate/040_trim/Paired/Keimbahn/KB0476_m_R1_UMI.fastq.gz /gpfs/project/projects/spike/AG_Borkhardt/Intermediate/040_trim/Unpaired/Keimbahn/KB0476_m_R1.fastq.gz /gpfs/project/projects/spike/AG_Borkhardt/Intermediate/040_trim/Paired/Keimbahn/KB0476_m_R2_UMI.fastq.gz /gpfs/project/projects/spike/AG_Borkhardt/Intermediate/040_trim/Unpaired/Keimbahn/KB0476_m_R2.fastq.gz ILLUMINACLIP:${CONDA_PREFIX}/share/trimmomatic-0.39-1/adapters/TruSeq3-PE.fa:2:30:10 CROP:149 LEADING:10 TRAILING:10 SLIDINGWINDOW:4:15 MINLEN:54 >> /gpfs/project/projects/spike/AG_Borkhardt/Logs/040_trim/Keimbahn/KB0476_m.log 2>&1
Submitted job 83 with external jobid '3461556.hpc-batch'.

[Mon May 16 23:14:20 2022]
rule trim:
    input: /gpfs/project/projects/spike/AG_Borkhardt/Intermediate/035_rejoin_samples/Keimbahn/KB0476_f_R1_UMI.fastq.gz, /gpfs/project/projects/spike/AG_Borkhardt/Intermediate/035_rejoin_samples/Keimbahn/KB0476_f_R3_UMI.fastq.gz
    output: /gpfs/project/projects/spike/AG_Borkhardt/Intermediate/040_trim/Paired/Keimbahn/KB0476_f_R1_UMI.fastq.gz, /gpfs/project/projects/spike/AG_Borkhardt/Intermediate/040_trim/Paired/Keimbahn/KB0476_f_R2_UMI.fastq.gz
    log: /gpfs/project/projects/spike/AG_Borkhardt/Logs/040_trim/Keimbahn/KB0476_f.log
    jobid: 82
    benchmark: /gpfs/project/projects/spike/AG_Borkhardt/Benchmarks/040_trim/Keimbahn/KB0476_f.benchmark
    reason: Missing output files: /gpfs/project/projects/spike/AG_Borkhardt/Intermediate/040_trim/Paired/Keimbahn/KB0476_f_R2_UMI.fastq.gz, /gpfs/project/projects/spike/AG_Borkhardt/Intermediate/040_trim/Paired/Keimbahn/KB0476_f_R1_UMI.fastq.gz; Updated input files: /gpfs/project/projects/spike/AG_Borkhardt/Intermediate/035_rejoin_samples/Keimbahn/KB0476_f_R3_UMI.fastq.gz, /gpfs/project/projects/spike/AG_Borkhardt/Intermediate/035_rejoin_samples/Keimbahn/KB0476_f_R1_UMI.fastq.gz
    wildcards: prefix=/gpfs/project/projects/spike/AG_Borkhardt/, sample=Keimbahn/KB0476_f
    threads: 16

mkdir -p `dirname /gpfs/project/projects/spike/AG_Borkhardt/Intermediate/040_trim/Unpaired/Keimbahn/KB0476_f_R1.fastq.gz` 2> /gpfs/project/projects/spike/AG_Borkhardt/Logs/040_trim/Keimbahn/KB0476_f.log & java -Xmx4g -XX:ParallelGCThreads=16 -jar ${CONDA_PREFIX}/share/trimmomatic-0.39-2/trimmomatic.jar PE -threads 16 -phred33 /gpfs/project/projects/spike/AG_Borkhardt/Intermediate/035_rejoin_samples/Keimbahn/KB0476_f_R1_UMI.fastq.gz /gpfs/project/projects/spike/AG_Borkhardt/Intermediate/035_rejoin_samples/Keimbahn/KB0476_f_R3_UMI.fastq.gz /gpfs/project/projects/spike/AG_Borkhardt/Intermediate/040_trim/Paired/Keimbahn/KB0476_f_R1_UMI.fastq.gz /gpfs/project/projects/spike/AG_Borkhardt/Intermediate/040_trim/Unpaired/Keimbahn/KB0476_f_R1.fastq.gz /gpfs/project/projects/spike/AG_Borkhardt/Intermediate/040_trim/Paired/Keimbahn/KB0476_f_R2_UMI.fastq.gz /gpfs/project/projects/spike/AG_Borkhardt/Intermediate/040_trim/Unpaired/Keimbahn/KB0476_f_R2.fastq.gz ILLUMINACLIP:${CONDA_PREFIX}/share/trimmomatic-0.39-1/adapters/TruSeq3-PE.fa:2:30:10 CROP:149 LEADING:10 TRAILING:10 SLIDINGWINDOW:4:15 MINLEN:54 >> /gpfs/project/projects/spike/AG_Borkhardt/Logs/040_trim/Keimbahn/KB0476_f.log 2>&1
Submitted job 82 with external jobid '3461557.hpc-batch'.

[Mon May 16 23:14:20 2022]
rule trim:
    input: /gpfs/project/projects/spike/AG_Borkhardt/Intermediate/035_rejoin_samples/Keimbahn/KB0472_c_R1_UMI.fastq.gz, /gpfs/project/projects/spike/AG_Borkhardt/Intermediate/035_rejoin_samples/Keimbahn/KB0472_c_R3_UMI.fastq.gz
    output: /gpfs/project/projects/spike/AG_Borkhardt/Intermediate/040_trim/Paired/Keimbahn/KB0472_c_R1_UMI.fastq.gz, /gpfs/project/projects/spike/AG_Borkhardt/Intermediate/040_trim/Paired/Keimbahn/KB0472_c_R2_UMI.fastq.gz
    log: /gpfs/project/projects/spike/AG_Borkhardt/Logs/040_trim/Keimbahn/KB0472_c.log
    jobid: 81
    benchmark: /gpfs/project/projects/spike/AG_Borkhardt/Benchmarks/040_trim/Keimbahn/KB0472_c.benchmark
    reason: Missing output files: /gpfs/project/projects/spike/AG_Borkhardt/Intermediate/040_trim/Paired/Keimbahn/KB0472_c_R2_UMI.fastq.gz, /gpfs/project/projects/spike/AG_Borkhardt/Intermediate/040_trim/Paired/Keimbahn/KB0472_c_R1_UMI.fastq.gz; Updated input files: /gpfs/project/projects/spike/AG_Borkhardt/Intermediate/035_rejoin_samples/Keimbahn/KB0472_c_R1_UMI.fastq.gz, /gpfs/project/projects/spike/AG_Borkhardt/Intermediate/035_rejoin_samples/Keimbahn/KB0472_c_R3_UMI.fastq.gz
    wildcards: prefix=/gpfs/project/projects/spike/AG_Borkhardt/, sample=Keimbahn/KB0472_c
    threads: 16

mkdir -p `dirname /gpfs/project/projects/spike/AG_Borkhardt/Intermediate/040_trim/Unpaired/Keimbahn/KB0472_c_R1.fastq.gz` 2> /gpfs/project/projects/spike/AG_Borkhardt/Logs/040_trim/Keimbahn/KB0472_c.log & java -Xmx4g -XX:ParallelGCThreads=16 -jar ${CONDA_PREFIX}/share/trimmomatic-0.39-2/trimmomatic.jar PE -threads 16 -phred33 /gpfs/project/projects/spike/AG_Borkhardt/Intermediate/035_rejoin_samples/Keimbahn/KB0472_c_R1_UMI.fastq.gz /gpfs/project/projects/spike/AG_Borkhardt/Intermediate/035_rejoin_samples/Keimbahn/KB0472_c_R3_UMI.fastq.gz /gpfs/project/projects/spike/AG_Borkhardt/Intermediate/040_trim/Paired/Keimbahn/KB0472_c_R1_UMI.fastq.gz /gpfs/project/projects/spike/AG_Borkhardt/Intermediate/040_trim/Unpaired/Keimbahn/KB0472_c_R1.fastq.gz /gpfs/project/projects/spike/AG_Borkhardt/Intermediate/040_trim/Paired/Keimbahn/KB0472_c_R2_UMI.fastq.gz /gpfs/project/projects/spike/AG_Borkhardt/Intermediate/040_trim/Unpaired/Keimbahn/KB0472_c_R2.fastq.gz ILLUMINACLIP:${CONDA_PREFIX}/share/trimmomatic-0.39-1/adapters/TruSeq3-PE.fa:2:30:10 CROP:149 LEADING:10 TRAILING:10 SLIDINGWINDOW:4:15 MINLEN:54 >> /gpfs/project/projects/spike/AG_Borkhardt/Logs/040_trim/Keimbahn/KB0472_c.log 2>&1
Submitted job 81 with external jobid '3461558.hpc-batch'.

[Mon May 16 23:14:20 2022]
rule trim:
    input: /gpfs/project/projects/spike/AG_Borkhardt/Intermediate/035_rejoin_samples/Keimbahn/KB0479_f_R1_UMI.fastq.gz, /gpfs/project/projects/spike/AG_Borkhardt/Intermediate/035_rejoin_samples/Keimbahn/KB0479_f_R3_UMI.fastq.gz
    output: /gpfs/project/projects/spike/AG_Borkhardt/Intermediate/040_trim/Paired/Keimbahn/KB0479_f_R1_UMI.fastq.gz, /gpfs/project/projects/spike/AG_Borkhardt/Intermediate/040_trim/Paired/Keimbahn/KB0479_f_R2_UMI.fastq.gz
    log: /gpfs/project/projects/spike/AG_Borkhardt/Logs/040_trim/Keimbahn/KB0479_f.log
    jobid: 85
    benchmark: /gpfs/project/projects/spike/AG_Borkhardt/Benchmarks/040_trim/Keimbahn/KB0479_f.benchmark
    reason: Missing output files: /gpfs/project/projects/spike/AG_Borkhardt/Intermediate/040_trim/Paired/Keimbahn/KB0479_f_R2_UMI.fastq.gz, /gpfs/project/projects/spike/AG_Borkhardt/Intermediate/040_trim/Paired/Keimbahn/KB0479_f_R1_UMI.fastq.gz; Updated input files: /gpfs/project/projects/spike/AG_Borkhardt/Intermediate/035_rejoin_samples/Keimbahn/KB0479_f_R3_UMI.fastq.gz, /gpfs/project/projects/spike/AG_Borkhardt/Intermediate/035_rejoin_samples/Keimbahn/KB0479_f_R1_UMI.fastq.gz
    wildcards: prefix=/gpfs/project/projects/spike/AG_Borkhardt/, sample=Keimbahn/KB0479_f
    threads: 16

mkdir -p `dirname /gpfs/project/projects/spike/AG_Borkhardt/Intermediate/040_trim/Unpaired/Keimbahn/KB0479_f_R1.fastq.gz` 2> /gpfs/project/projects/spike/AG_Borkhardt/Logs/040_trim/Keimbahn/KB0479_f.log & java -Xmx4g -XX:ParallelGCThreads=16 -jar ${CONDA_PREFIX}/share/trimmomatic-0.39-2/trimmomatic.jar PE -threads 16 -phred33 /gpfs/project/projects/spike/AG_Borkhardt/Intermediate/035_rejoin_samples/Keimbahn/KB0479_f_R1_UMI.fastq.gz /gpfs/project/projects/spike/AG_Borkhardt/Intermediate/035_rejoin_samples/Keimbahn/KB0479_f_R3_UMI.fastq.gz /gpfs/project/projects/spike/AG_Borkhardt/Intermediate/040_trim/Paired/Keimbahn/KB0479_f_R1_UMI.fastq.gz /gpfs/project/projects/spike/AG_Borkhardt/Intermediate/040_trim/Unpaired/Keimbahn/KB0479_f_R1.fastq.gz /gpfs/project/projects/spike/AG_Borkhardt/Intermediate/040_trim/Paired/Keimbahn/KB0479_f_R2_UMI.fastq.gz /gpfs/project/projects/spike/AG_Borkhardt/Intermediate/040_trim/Unpaired/Keimbahn/KB0479_f_R2.fastq.gz ILLUMINACLIP:${CONDA_PREFIX}/share/trimmomatic-0.39-1/adapters/TruSeq3-PE.fa:2:30:10 CROP:149 LEADING:10 TRAILING:10 SLIDINGWINDOW:4:15 MINLEN:54 >> /gpfs/project/projects/spike/AG_Borkhardt/Logs/040_trim/Keimbahn/KB0479_f.log 2>&1
Submitted job 85 with external jobid '3461559.hpc-batch'.

[Mon May 16 23:14:20 2022]
rule trim:
    input: /gpfs/project/projects/spike/AG_Borkhardt/Intermediate/035_rejoin_samples/Keimbahn/KB0315_c_R1_UMI.fastq.gz, /gpfs/project/projects/spike/AG_Borkhardt/Intermediate/035_rejoin_samples/Keimbahn/KB0315_c_R3_UMI.fastq.gz
    output: /gpfs/project/projects/spike/AG_Borkhardt/Intermediate/040_trim/Paired/Keimbahn/KB0315_c_R1_UMI.fastq.gz, /gpfs/project/projects/spike/AG_Borkhardt/Intermediate/040_trim/Paired/Keimbahn/KB0315_c_R2_UMI.fastq.gz
    log: /gpfs/project/projects/spike/AG_Borkhardt/Logs/040_trim/Keimbahn/KB0315_c.log
    jobid: 84
    benchmark: /gpfs/project/projects/spike/AG_Borkhardt/Benchmarks/040_trim/Keimbahn/KB0315_c.benchmark
    reason: Missing output files: /gpfs/project/projects/spike/AG_Borkhardt/Intermediate/040_trim/Paired/Keimbahn/KB0315_c_R1_UMI.fastq.gz, /gpfs/project/projects/spike/AG_Borkhardt/Intermediate/040_trim/Paired/Keimbahn/KB0315_c_R2_UMI.fastq.gz; Updated input files: /gpfs/project/projects/spike/AG_Borkhardt/Intermediate/035_rejoin_samples/Keimbahn/KB0315_c_R3_UMI.fastq.gz, /gpfs/project/projects/spike/AG_Borkhardt/Intermediate/035_rejoin_samples/Keimbahn/KB0315_c_R1_UMI.fastq.gz
    wildcards: prefix=/gpfs/project/projects/spike/AG_Borkhardt/, sample=Keimbahn/KB0315_c
    threads: 16

mkdir -p `dirname /gpfs/project/projects/spike/AG_Borkhardt/Intermediate/040_trim/Unpaired/Keimbahn/KB0315_c_R1.fastq.gz` 2> /gpfs/project/projects/spike/AG_Borkhardt/Logs/040_trim/Keimbahn/KB0315_c.log & java -Xmx4g -XX:ParallelGCThreads=16 -jar ${CONDA_PREFIX}/share/trimmomatic-0.39-2/trimmomatic.jar PE -threads 16 -phred33 /gpfs/project/projects/spike/AG_Borkhardt/Intermediate/035_rejoin_samples/Keimbahn/KB0315_c_R1_UMI.fastq.gz /gpfs/project/projects/spike/AG_Borkhardt/Intermediate/035_rejoin_samples/Keimbahn/KB0315_c_R3_UMI.fastq.gz /gpfs/project/projects/spike/AG_Borkhardt/Intermediate/040_trim/Paired/Keimbahn/KB0315_c_R1_UMI.fastq.gz /gpfs/project/projects/spike/AG_Borkhardt/Intermediate/040_trim/Unpaired/Keimbahn/KB0315_c_R1.fastq.gz /gpfs/project/projects/spike/AG_Borkhardt/Intermediate/040_trim/Paired/Keimbahn/KB0315_c_R2_UMI.fastq.gz /gpfs/project/projects/spike/AG_Borkhardt/Intermediate/040_trim/Unpaired/Keimbahn/KB0315_c_R2.fastq.gz ILLUMINACLIP:${CONDA_PREFIX}/share/trimmomatic-0.39-1/adapters/TruSeq3-PE.fa:2:30:10 CROP:149 LEADING:10 TRAILING:10 SLIDINGWINDOW:4:15 MINLEN:54 >> /gpfs/project/projects/spike/AG_Borkhardt/Logs/040_trim/Keimbahn/KB0315_c.log 2>&1
Submitted job 84 with external jobid '3461560.hpc-batch'.
[Mon May 16 23:14:59 2022]
Error in rule trim:
    jobid: 87
    output: /gpfs/project/projects/spike/AG_Borkhardt/Intermediate/040_trim/Paired/Keimbahn/KB0476_c_R1_UMI.fastq.gz, /gpfs/project/projects/spike/AG_Borkhardt/Intermediate/040_trim/Paired/Keimbahn/KB0476_c_R2_UMI.fastq.gz
    log: /gpfs/project/projects/spike/AG_Borkhardt/Logs/040_trim/Keimbahn/KB0476_c.log (check log file(s) for error message)
    conda-env: /home/yasinl/V7_Nextseq_Hg38/.snakemake/conda/54a2ae2e
    shell:
        mkdir -p `dirname /gpfs/project/projects/spike/AG_Borkhardt/Intermediate/040_trim/Unpaired/Keimbahn/KB0476_c_R1.fastq.gz` 2> /gpfs/project/projects/spike/AG_Borkhardt/Logs/040_trim/Keimbahn/KB0476_c.log & java -Xmx4g -XX:ParallelGCThreads=16 -jar ${CONDA_PREFIX}/share/trimmomatic-0.39-2/trimmomatic.jar PE -threads 16 -phred33 /gpfs/project/projects/spike/AG_Borkhardt/Intermediate/035_rejoin_samples/Keimbahn/KB0476_c_R1_UMI.fastq.gz /gpfs/project/projects/spike/AG_Borkhardt/Intermediate/035_rejoin_samples/Keimbahn/KB0476_c_R3_UMI.fastq.gz /gpfs/project/projects/spike/AG_Borkhardt/Intermediate/040_trim/Paired/Keimbahn/KB0476_c_R1_UMI.fastq.gz /gpfs/project/projects/spike/AG_Borkhardt/Intermediate/040_trim/Unpaired/Keimbahn/KB0476_c_R1.fastq.gz /gpfs/project/projects/spike/AG_Borkhardt/Intermediate/040_trim/Paired/Keimbahn/KB0476_c_R2_UMI.fastq.gz /gpfs/project/projects/spike/AG_Borkhardt/Intermediate/040_trim/Unpaired/Keimbahn/KB0476_c_R2.fastq.gz ILLUMINACLIP:${CONDA_PREFIX}/share/trimmomatic-0.39-1/adapters/TruSeq3-PE.fa:2:30:10 CROP:149 LEADING:10 TRAILING:10 SLIDINGWINDOW:4:15 MINLEN:54 >> /gpfs/project/projects/spike/AG_Borkhardt/Logs/040_trim/Keimbahn/KB0476_c.log 2>&1
        (exited with non-zero exit code)
    cluster_jobid: 3461555.hpc-batch

Error executing rule trim on cluster (jobid: 87, external: 3461555.hpc-batch, jobscript: /home/yasinl/V7_Nextseq_Hg38/.snakemake/tmp.pxwzz20d/snakejob.trim.87.sh). For error details see the cluster log and the log files of the involved rule(s).
Job failed, going on with independent jobs.
[Mon May 16 23:15:04 2022]
Error in rule trim:
    jobid: 81
    output: /gpfs/project/projects/spike/AG_Borkhardt/Intermediate/040_trim/Paired/Keimbahn/KB0472_c_R1_UMI.fastq.gz, /gpfs/project/projects/spike/AG_Borkhardt/Intermediate/040_trim/Paired/Keimbahn/KB0472_c_R2_UMI.fastq.gz
    log: /gpfs/project/projects/spike/AG_Borkhardt/Logs/040_trim/Keimbahn/KB0472_c.log (check log file(s) for error message)
    conda-env: /home/yasinl/V7_Nextseq_Hg38/.snakemake/conda/54a2ae2e
    shell:
        mkdir -p `dirname /gpfs/project/projects/spike/AG_Borkhardt/Intermediate/040_trim/Unpaired/Keimbahn/KB0472_c_R1.fastq.gz` 2> /gpfs/project/projects/spike/AG_Borkhardt/Logs/040_trim/Keimbahn/KB0472_c.log & java -Xmx4g -XX:ParallelGCThreads=16 -jar ${CONDA_PREFIX}/share/trimmomatic-0.39-2/trimmomatic.jar PE -threads 16 -phred33 /gpfs/project/projects/spike/AG_Borkhardt/Intermediate/035_rejoin_samples/Keimbahn/KB0472_c_R1_UMI.fastq.gz /gpfs/project/projects/spike/AG_Borkhardt/Intermediate/035_rejoin_samples/Keimbahn/KB0472_c_R3_UMI.fastq.gz /gpfs/project/projects/spike/AG_Borkhardt/Intermediate/040_trim/Paired/Keimbahn/KB0472_c_R1_UMI.fastq.gz /gpfs/project/projects/spike/AG_Borkhardt/Intermediate/040_trim/Unpaired/Keimbahn/KB0472_c_R1.fastq.gz /gpfs/project/projects/spike/AG_Borkhardt/Intermediate/040_trim/Paired/Keimbahn/KB0472_c_R2_UMI.fastq.gz /gpfs/project/projects/spike/AG_Borkhardt/Intermediate/040_trim/Unpaired/Keimbahn/KB0472_c_R2.fastq.gz ILLUMINACLIP:${CONDA_PREFIX}/share/trimmomatic-0.39-1/adapters/TruSeq3-PE.fa:2:30:10 CROP:149 LEADING:10 TRAILING:10 SLIDINGWINDOW:4:15 MINLEN:54 >> /gpfs/project/projects/spike/AG_Borkhardt/Logs/040_trim/Keimbahn/KB0472_c.log 2>&1
        (exited with non-zero exit code)
    cluster_jobid: 3461558.hpc-batch

Error executing rule trim on cluster (jobid: 81, external: 3461558.hpc-batch, jobscript: /home/yasinl/V7_Nextseq_Hg38/.snakemake/tmp.pxwzz20d/snakejob.trim.81.sh). For error details see the cluster log and the log files of the involved rule(s).
Job failed, going on with independent jobs.
[Mon May 16 23:15:06 2022]
Error in rule trim:
    jobid: 85
    output: /gpfs/project/projects/spike/AG_Borkhardt/Intermediate/040_trim/Paired/Keimbahn/KB0479_f_R1_UMI.fastq.gz, /gpfs/project/projects/spike/AG_Borkhardt/Intermediate/040_trim/Paired/Keimbahn/KB0479_f_R2_UMI.fastq.gz
    log: /gpfs/project/projects/spike/AG_Borkhardt/Logs/040_trim/Keimbahn/KB0479_f.log (check log file(s) for error message)
    conda-env: /home/yasinl/V7_Nextseq_Hg38/.snakemake/conda/54a2ae2e
    shell:
        mkdir -p `dirname /gpfs/project/projects/spike/AG_Borkhardt/Intermediate/040_trim/Unpaired/Keimbahn/KB0479_f_R1.fastq.gz` 2> /gpfs/project/projects/spike/AG_Borkhardt/Logs/040_trim/Keimbahn/KB0479_f.log & java -Xmx4g -XX:ParallelGCThreads=16 -jar ${CONDA_PREFIX}/share/trimmomatic-0.39-2/trimmomatic.jar PE -threads 16 -phred33 /gpfs/project/projects/spike/AG_Borkhardt/Intermediate/035_rejoin_samples/Keimbahn/KB0479_f_R1_UMI.fastq.gz /gpfs/project/projects/spike/AG_Borkhardt/Intermediate/035_rejoin_samples/Keimbahn/KB0479_f_R3_UMI.fastq.gz /gpfs/project/projects/spike/AG_Borkhardt/Intermediate/040_trim/Paired/Keimbahn/KB0479_f_R1_UMI.fastq.gz /gpfs/project/projects/spike/AG_Borkhardt/Intermediate/040_trim/Unpaired/Keimbahn/KB0479_f_R1.fastq.gz /gpfs/project/projects/spike/AG_Borkhardt/Intermediate/040_trim/Paired/Keimbahn/KB0479_f_R2_UMI.fastq.gz /gpfs/project/projects/spike/AG_Borkhardt/Intermediate/040_trim/Unpaired/Keimbahn/KB0479_f_R2.fastq.gz ILLUMINACLIP:${CONDA_PREFIX}/share/trimmomatic-0.39-1/adapters/TruSeq3-PE.fa:2:30:10 CROP:149 LEADING:10 TRAILING:10 SLIDINGWINDOW:4:15 MINLEN:54 >> /gpfs/project/projects/spike/AG_Borkhardt/Logs/040_trim/Keimbahn/KB0479_f.log 2>&1
        (exited with non-zero exit code)
    cluster_jobid: 3461559.hpc-batch

Error executing rule trim on cluster (jobid: 85, external: 3461559.hpc-batch, jobscript: /home/yasinl/V7_Nextseq_Hg38/.snakemake/tmp.pxwzz20d/snakejob.trim.85.sh). For error details see the cluster log and the log files of the involved rule(s).
Job failed, going on with independent jobs.
[Mon May 16 23:15:19 2022]
Error in rule trim:
    jobid: 86
    output: /gpfs/project/projects/spike/AG_Borkhardt/Intermediate/040_trim/Paired/Keimbahn/KB0472_f_R1_UMI.fastq.gz, /gpfs/project/projects/spike/AG_Borkhardt/Intermediate/040_trim/Paired/Keimbahn/KB0472_f_R2_UMI.fastq.gz
    log: /gpfs/project/projects/spike/AG_Borkhardt/Logs/040_trim/Keimbahn/KB0472_f.log (check log file(s) for error message)
    conda-env: /home/yasinl/V7_Nextseq_Hg38/.snakemake/conda/54a2ae2e
    shell:
        mkdir -p `dirname /gpfs/project/projects/spike/AG_Borkhardt/Intermediate/040_trim/Unpaired/Keimbahn/KB0472_f_R1.fastq.gz` 2> /gpfs/project/projects/spike/AG_Borkhardt/Logs/040_trim/Keimbahn/KB0472_f.log & java -Xmx4g -XX:ParallelGCThreads=16 -jar ${CONDA_PREFIX}/share/trimmomatic-0.39-2/trimmomatic.jar PE -threads 16 -phred33 /gpfs/project/projects/spike/AG_Borkhardt/Intermediate/035_rejoin_samples/Keimbahn/KB0472_f_R1_UMI.fastq.gz /gpfs/project/projects/spike/AG_Borkhardt/Intermediate/035_rejoin_samples/Keimbahn/KB0472_f_R3_UMI.fastq.gz /gpfs/project/projects/spike/AG_Borkhardt/Intermediate/040_trim/Paired/Keimbahn/KB0472_f_R1_UMI.fastq.gz /gpfs/project/projects/spike/AG_Borkhardt/Intermediate/040_trim/Unpaired/Keimbahn/KB0472_f_R1.fastq.gz /gpfs/project/projects/spike/AG_Borkhardt/Intermediate/040_trim/Paired/Keimbahn/KB0472_f_R2_UMI.fastq.gz /gpfs/project/projects/spike/AG_Borkhardt/Intermediate/040_trim/Unpaired/Keimbahn/KB0472_f_R2.fastq.gz ILLUMINACLIP:${CONDA_PREFIX}/share/trimmomatic-0.39-1/adapters/TruSeq3-PE.fa:2:30:10 CROP:149 LEADING:10 TRAILING:10 SLIDINGWINDOW:4:15 MINLEN:54 >> /gpfs/project/projects/spike/AG_Borkhardt/Logs/040_trim/Keimbahn/KB0472_f.log 2>&1
        (exited with non-zero exit code)
    cluster_jobid: 3461552.hpc-batch

Error executing rule trim on cluster (jobid: 86, external: 3461552.hpc-batch, jobscript: /home/yasinl/V7_Nextseq_Hg38/.snakemake/tmp.pxwzz20d/snakejob.trim.86.sh). For error details see the cluster log and the log files of the involved rule(s).
Job failed, going on with independent jobs.
[Mon May 16 23:15:21 2022]
Error in rule trim:
    jobid: 89
    output: /gpfs/project/projects/spike/AG_Borkhardt/Intermediate/040_trim/Paired/Keimbahn/KB0315_m_R1_UMI.fastq.gz, /gpfs/project/projects/spike/AG_Borkhardt/Intermediate/040_trim/Paired/Keimbahn/KB0315_m_R2_UMI.fastq.gz
    log: /gpfs/project/projects/spike/AG_Borkhardt/Logs/040_trim/Keimbahn/KB0315_m.log (check log file(s) for error message)
    conda-env: /home/yasinl/V7_Nextseq_Hg38/.snakemake/conda/54a2ae2e
    shell:
        mkdir -p `dirname /gpfs/project/projects/spike/AG_Borkhardt/Intermediate/040_trim/Unpaired/Keimbahn/KB0315_m_R1.fastq.gz` 2> /gpfs/project/projects/spike/AG_Borkhardt/Logs/040_trim/Keimbahn/KB0315_m.log & java -Xmx4g -XX:ParallelGCThreads=16 -jar ${CONDA_PREFIX}/share/trimmomatic-0.39-2/trimmomatic.jar PE -threads 16 -phred33 /gpfs/project/projects/spike/AG_Borkhardt/Intermediate/035_rejoin_samples/Keimbahn/KB0315_m_R1_UMI.fastq.gz /gpfs/project/projects/spike/AG_Borkhardt/Intermediate/035_rejoin_samples/Keimbahn/KB0315_m_R3_UMI.fastq.gz /gpfs/project/projects/spike/AG_Borkhardt/Intermediate/040_trim/Paired/Keimbahn/KB0315_m_R1_UMI.fastq.gz /gpfs/project/projects/spike/AG_Borkhardt/Intermediate/040_trim/Unpaired/Keimbahn/KB0315_m_R1.fastq.gz /gpfs/project/projects/spike/AG_Borkhardt/Intermediate/040_trim/Paired/Keimbahn/KB0315_m_R2_UMI.fastq.gz /gpfs/project/projects/spike/AG_Borkhardt/Intermediate/040_trim/Unpaired/Keimbahn/KB0315_m_R2.fastq.gz ILLUMINACLIP:${CONDA_PREFIX}/share/trimmomatic-0.39-1/adapters/TruSeq3-PE.fa:2:30:10 CROP:149 LEADING:10 TRAILING:10 SLIDINGWINDOW:4:15 MINLEN:54 >> /gpfs/project/projects/spike/AG_Borkhardt/Logs/040_trim/Keimbahn/KB0315_m.log 2>&1
        (exited with non-zero exit code)
    cluster_jobid: 3461553.hpc-batch

Error executing rule trim on cluster (jobid: 89, external: 3461553.hpc-batch, jobscript: /home/yasinl/V7_Nextseq_Hg38/.snakemake/tmp.pxwzz20d/snakejob.trim.89.sh). For error details see the cluster log and the log files of the involved rule(s).
Job failed, going on with independent jobs.
[Mon May 16 23:15:22 2022]
Error in rule trim:
    jobid: 88
    output: /gpfs/project/projects/spike/AG_Borkhardt/Intermediate/040_trim/Paired/Keimbahn/KB0472_m_R1_UMI.fastq.gz, /gpfs/project/projects/spike/AG_Borkhardt/Intermediate/040_trim/Paired/Keimbahn/KB0472_m_R2_UMI.fastq.gz
    log: /gpfs/project/projects/spike/AG_Borkhardt/Logs/040_trim/Keimbahn/KB0472_m.log (check log file(s) for error message)
    conda-env: /home/yasinl/V7_Nextseq_Hg38/.snakemake/conda/54a2ae2e
    shell:
        mkdir -p `dirname /gpfs/project/projects/spike/AG_Borkhardt/Intermediate/040_trim/Unpaired/Keimbahn/KB0472_m_R1.fastq.gz` 2> /gpfs/project/projects/spike/AG_Borkhardt/Logs/040_trim/Keimbahn/KB0472_m.log & java -Xmx4g -XX:ParallelGCThreads=16 -jar ${CONDA_PREFIX}/share/trimmomatic-0.39-2/trimmomatic.jar PE -threads 16 -phred33 /gpfs/project/projects/spike/AG_Borkhardt/Intermediate/035_rejoin_samples/Keimbahn/KB0472_m_R1_UMI.fastq.gz /gpfs/project/projects/spike/AG_Borkhardt/Intermediate/035_rejoin_samples/Keimbahn/KB0472_m_R3_UMI.fastq.gz /gpfs/project/projects/spike/AG_Borkhardt/Intermediate/040_trim/Paired/Keimbahn/KB0472_m_R1_UMI.fastq.gz /gpfs/project/projects/spike/AG_Borkhardt/Intermediate/040_trim/Unpaired/Keimbahn/KB0472_m_R1.fastq.gz /gpfs/project/projects/spike/AG_Borkhardt/Intermediate/040_trim/Paired/Keimbahn/KB0472_m_R2_UMI.fastq.gz /gpfs/project/projects/spike/AG_Borkhardt/Intermediate/040_trim/Unpaired/Keimbahn/KB0472_m_R2.fastq.gz ILLUMINACLIP:${CONDA_PREFIX}/share/trimmomatic-0.39-1/adapters/TruSeq3-PE.fa:2:30:10 CROP:149 LEADING:10 TRAILING:10 SLIDINGWINDOW:4:15 MINLEN:54 >> /gpfs/project/projects/spike/AG_Borkhardt/Logs/040_trim/Keimbahn/KB0472_m.log 2>&1
        (exited with non-zero exit code)
    cluster_jobid: 3461554.hpc-batch

Error executing rule trim on cluster (jobid: 88, external: 3461554.hpc-batch, jobscript: /home/yasinl/V7_Nextseq_Hg38/.snakemake/tmp.pxwzz20d/snakejob.trim.88.sh). For error details see the cluster log and the log files of the involved rule(s).
Job failed, going on with independent jobs.
[Mon May 16 23:15:24 2022]
Error in rule trim:
    jobid: 83
    output: /gpfs/project/projects/spike/AG_Borkhardt/Intermediate/040_trim/Paired/Keimbahn/KB0476_m_R1_UMI.fastq.gz, /gpfs/project/projects/spike/AG_Borkhardt/Intermediate/040_trim/Paired/Keimbahn/KB0476_m_R2_UMI.fastq.gz
    log: /gpfs/project/projects/spike/AG_Borkhardt/Logs/040_trim/Keimbahn/KB0476_m.log (check log file(s) for error message)
    conda-env: /home/yasinl/V7_Nextseq_Hg38/.snakemake/conda/54a2ae2e
    shell:
        mkdir -p `dirname /gpfs/project/projects/spike/AG_Borkhardt/Intermediate/040_trim/Unpaired/Keimbahn/KB0476_m_R1.fastq.gz` 2> /gpfs/project/projects/spike/AG_Borkhardt/Logs/040_trim/Keimbahn/KB0476_m.log & java -Xmx4g -XX:ParallelGCThreads=16 -jar ${CONDA_PREFIX}/share/trimmomatic-0.39-2/trimmomatic.jar PE -threads 16 -phred33 /gpfs/project/projects/spike/AG_Borkhardt/Intermediate/035_rejoin_samples/Keimbahn/KB0476_m_R1_UMI.fastq.gz /gpfs/project/projects/spike/AG_Borkhardt/Intermediate/035_rejoin_samples/Keimbahn/KB0476_m_R3_UMI.fastq.gz /gpfs/project/projects/spike/AG_Borkhardt/Intermediate/040_trim/Paired/Keimbahn/KB0476_m_R1_UMI.fastq.gz /gpfs/project/projects/spike/AG_Borkhardt/Intermediate/040_trim/Unpaired/Keimbahn/KB0476_m_R1.fastq.gz /gpfs/project/projects/spike/AG_Borkhardt/Intermediate/040_trim/Paired/Keimbahn/KB0476_m_R2_UMI.fastq.gz /gpfs/project/projects/spike/AG_Borkhardt/Intermediate/040_trim/Unpaired/Keimbahn/KB0476_m_R2.fastq.gz ILLUMINACLIP:${CONDA_PREFIX}/share/trimmomatic-0.39-1/adapters/TruSeq3-PE.fa:2:30:10 CROP:149 LEADING:10 TRAILING:10 SLIDINGWINDOW:4:15 MINLEN:54 >> /gpfs/project/projects/spike/AG_Borkhardt/Logs/040_trim/Keimbahn/KB0476_m.log 2>&1
        (exited with non-zero exit code)
    cluster_jobid: 3461556.hpc-batch

Error executing rule trim on cluster (jobid: 83, external: 3461556.hpc-batch, jobscript: /home/yasinl/V7_Nextseq_Hg38/.snakemake/tmp.pxwzz20d/snakejob.trim.83.sh). For error details see the cluster log and the log files of the involved rule(s).
Job failed, going on with independent jobs.
[Mon May 16 23:15:26 2022]
Error in rule trim:
    jobid: 82
    output: /gpfs/project/projects/spike/AG_Borkhardt/Intermediate/040_trim/Paired/Keimbahn/KB0476_f_R1_UMI.fastq.gz, /gpfs/project/projects/spike/AG_Borkhardt/Intermediate/040_trim/Paired/Keimbahn/KB0476_f_R2_UMI.fastq.gz
    log: /gpfs/project/projects/spike/AG_Borkhardt/Logs/040_trim/Keimbahn/KB0476_f.log (check log file(s) for error message)
    conda-env: /home/yasinl/V7_Nextseq_Hg38/.snakemake/conda/54a2ae2e
    shell:
        mkdir -p `dirname /gpfs/project/projects/spike/AG_Borkhardt/Intermediate/040_trim/Unpaired/Keimbahn/KB0476_f_R1.fastq.gz` 2> /gpfs/project/projects/spike/AG_Borkhardt/Logs/040_trim/Keimbahn/KB0476_f.log & java -Xmx4g -XX:ParallelGCThreads=16 -jar ${CONDA_PREFIX}/share/trimmomatic-0.39-2/trimmomatic.jar PE -threads 16 -phred33 /gpfs/project/projects/spike/AG_Borkhardt/Intermediate/035_rejoin_samples/Keimbahn/KB0476_f_R1_UMI.fastq.gz /gpfs/project/projects/spike/AG_Borkhardt/Intermediate/035_rejoin_samples/Keimbahn/KB0476_f_R3_UMI.fastq.gz /gpfs/project/projects/spike/AG_Borkhardt/Intermediate/040_trim/Paired/Keimbahn/KB0476_f_R1_UMI.fastq.gz /gpfs/project/projects/spike/AG_Borkhardt/Intermediate/040_trim/Unpaired/Keimbahn/KB0476_f_R1.fastq.gz /gpfs/project/projects/spike/AG_Borkhardt/Intermediate/040_trim/Paired/Keimbahn/KB0476_f_R2_UMI.fastq.gz /gpfs/project/projects/spike/AG_Borkhardt/Intermediate/040_trim/Unpaired/Keimbahn/KB0476_f_R2.fastq.gz ILLUMINACLIP:${CONDA_PREFIX}/share/trimmomatic-0.39-1/adapters/TruSeq3-PE.fa:2:30:10 CROP:149 LEADING:10 TRAILING:10 SLIDINGWINDOW:4:15 MINLEN:54 >> /gpfs/project/projects/spike/AG_Borkhardt/Logs/040_trim/Keimbahn/KB0476_f.log 2>&1
        (exited with non-zero exit code)
    cluster_jobid: 3461557.hpc-batch

Error executing rule trim on cluster (jobid: 82, external: 3461557.hpc-batch, jobscript: /home/yasinl/V7_Nextseq_Hg38/.snakemake/tmp.pxwzz20d/snakejob.trim.82.sh). For error details see the cluster log and the log files of the involved rule(s).
Job failed, going on with independent jobs.
[Mon May 16 23:15:27 2022]
Error in rule trim:
    jobid: 84
    output: /gpfs/project/projects/spike/AG_Borkhardt/Intermediate/040_trim/Paired/Keimbahn/KB0315_c_R1_UMI.fastq.gz, /gpfs/project/projects/spike/AG_Borkhardt/Intermediate/040_trim/Paired/Keimbahn/KB0315_c_R2_UMI.fastq.gz
    log: /gpfs/project/projects/spike/AG_Borkhardt/Logs/040_trim/Keimbahn/KB0315_c.log (check log file(s) for error message)
    conda-env: /home/yasinl/V7_Nextseq_Hg38/.snakemake/conda/54a2ae2e
    shell:
        mkdir -p `dirname /gpfs/project/projects/spike/AG_Borkhardt/Intermediate/040_trim/Unpaired/Keimbahn/KB0315_c_R1.fastq.gz` 2> /gpfs/project/projects/spike/AG_Borkhardt/Logs/040_trim/Keimbahn/KB0315_c.log & java -Xmx4g -XX:ParallelGCThreads=16 -jar ${CONDA_PREFIX}/share/trimmomatic-0.39-2/trimmomatic.jar PE -threads 16 -phred33 /gpfs/project/projects/spike/AG_Borkhardt/Intermediate/035_rejoin_samples/Keimbahn/KB0315_c_R1_UMI.fastq.gz /gpfs/project/projects/spike/AG_Borkhardt/Intermediate/035_rejoin_samples/Keimbahn/KB0315_c_R3_UMI.fastq.gz /gpfs/project/projects/spike/AG_Borkhardt/Intermediate/040_trim/Paired/Keimbahn/KB0315_c_R1_UMI.fastq.gz /gpfs/project/projects/spike/AG_Borkhardt/Intermediate/040_trim/Unpaired/Keimbahn/KB0315_c_R1.fastq.gz /gpfs/project/projects/spike/AG_Borkhardt/Intermediate/040_trim/Paired/Keimbahn/KB0315_c_R2_UMI.fastq.gz /gpfs/project/projects/spike/AG_Borkhardt/Intermediate/040_trim/Unpaired/Keimbahn/KB0315_c_R2.fastq.gz ILLUMINACLIP:${CONDA_PREFIX}/share/trimmomatic-0.39-1/adapters/TruSeq3-PE.fa:2:30:10 CROP:149 LEADING:10 TRAILING:10 SLIDINGWINDOW:4:15 MINLEN:54 >> /gpfs/project/projects/spike/AG_Borkhardt/Logs/040_trim/Keimbahn/KB0315_c.log 2>&1
        (exited with non-zero exit code)
    cluster_jobid: 3461560.hpc-batch

Error executing rule trim on cluster (jobid: 84, external: 3461560.hpc-batch, jobscript: /home/yasinl/V7_Nextseq_Hg38/.snakemake/tmp.pxwzz20d/snakejob.trim.84.sh). For error details see the cluster log and the log files of the involved rule(s).
Job failed, going on with independent jobs.
Exiting because a job execution failed. Look above for error message
Complete log: /home/yasinl/V7_Nextseq_Hg38/.snakemake/log/2022-05-16T231350.038334.snakemake.log
