The flag 'directory' used in rule demultiplex is only valid for outputs, not inputs.
The flag 'directory' used in rule demultiplex is only valid for outputs, not inputs.
The flag 'directory' used in rule aggregate_undetermined_filesizes is only valid for outputs, not inputs.
localrules directive specifies rules that are not present in the Snakefile:
	check_coverage
	xenograft_check

Building DAG of jobs...
Using shell: /usr/bin/bash
Provided cluster nodes: 100
Job counts:
	count	jobs
	1	convert_illumina_report
	1	yield_report
	2

[Fri Apr 22 06:50:38 2022]
localrule yield_report:
    input: /gpfs/project/projects/spike/AG_Borkhardt/Intermediate/025_demultiplex/220321_NB552271_0081_AHLHGHBGXL/part_1, /gpfs/project/projects/spike/AG_Borkhardt/Intermediate/025_demultiplex/220321_NB552271_0081_AHLHGHBGXL/part_2, /gpfs/project/projects/spike/AG_Borkhardt/Intermediate/025_demultiplex/220321_NB552271_0081_AHLHGHBGXL/part_3, /gpfs/project/projects/spike/AG_Borkhardt/Intermediate/025_demultiplex/220321_NB552271_0081_AHLHGHBGXL/part_4
    output: /gpfs/project/projects/spike/AG_Borkhardt/Intermediate/027_yield_report/Reports/220321_NB552271_0081_AHLHGHBGXL.yield_report.html, /gpfs/project/projects/spike/AG_Borkhardt/Intermediate/027_yield_report/Data/220321_NB552271_0081_AHLHGHBGXL.yield_data.csv
    log: /gpfs/project/projects/spike/AG_Borkhardt/Logs/027_yield_report/220321_NB552271_0081_AHLHGHBGXL.log
    jobid: 1
    benchmark: /gpfs/project/projects/spike/AG_Borkhardt/Benchmarks/027_yield_report/220321_NB552271_0081_AHLHGHBGXL.benchmark
    reason: Missing output files: /gpfs/project/projects/spike/AG_Borkhardt/Intermediate/027_yield_report/Reports/220321_NB552271_0081_AHLHGHBGXL.yield_report.html; Updated input files: /gpfs/project/projects/spike/AG_Borkhardt/Intermediate/025_demultiplex/220321_NB552271_0081_AHLHGHBGXL/part_1, /gpfs/project/projects/spike/AG_Borkhardt/Intermediate/025_demultiplex/220321_NB552271_0081_AHLHGHBGXL/part_3, /gpfs/project/projects/spike/AG_Borkhardt/Intermediate/025_demultiplex/220321_NB552271_0081_AHLHGHBGXL/part_2, /gpfs/project/projects/spike/AG_Borkhardt/Intermediate/025_demultiplex/220321_NB552271_0081_AHLHGHBGXL/part_4
    wildcards: prefix=/gpfs/project/projects/spike/AG_Borkhardt/, run=220321_NB552271_0081_AHLHGHBGXL

[Fri Apr 22 06:50:39 2022]
Finished job 1.
1 of 2 steps (50%) done

[Fri Apr 22 06:50:39 2022]
localrule convert_illumina_report:
    input: /gpfs/project/projects/spike/AG_Borkhardt/Intermediate/027_yield_report/Reports/220321_NB552271_0081_AHLHGHBGXL.yield_report.html
    output: /gpfs/project/projects/spike/AG_Borkhardt/Intermediate/030_convert_illumina_report/220321_NB552271_0081_AHLHGHBGXL.yield_report.pdf
    log: /gpfs/project/projects/spike/AG_Borkhardt/Logs/030_convert_illumina_report/220321_NB552271_0081_AHLHGHBGXL.log
    jobid: 0
    benchmark: /gpfs/project/projects/spike/AG_Borkhardt/Benchmarks/030_convert_illumina_report/220321_NB552271_0081_AHLHGHBGXL.benchmark
    reason: Missing output files: /gpfs/project/projects/spike/AG_Borkhardt/Intermediate/030_convert_illumina_report/220321_NB552271_0081_AHLHGHBGXL.yield_report.pdf; Input files updated by another job: /gpfs/project/projects/spike/AG_Borkhardt/Intermediate/027_yield_report/Reports/220321_NB552271_0081_AHLHGHBGXL.yield_report.html
    wildcards: prefix=/gpfs/project/projects/spike/AG_Borkhardt/, run=220321_NB552271_0081_AHLHGHBGXL

wkhtmltopdf --orientation Landscape /gpfs/project/projects/spike/AG_Borkhardt/Intermediate/027_yield_report/Reports/220321_NB552271_0081_AHLHGHBGXL.yield_report.html /gpfs/project/projects/spike/AG_Borkhardt/Intermediate/030_convert_illumina_report/220321_NB552271_0081_AHLHGHBGXL.yield_report.pdf 2> /gpfs/project/projects/spike/AG_Borkhardt/Logs/030_convert_illumina_report/220321_NB552271_0081_AHLHGHBGXL.log &&echo 'suggested recipients:
Layal.Yasin@med.uni-duesseldorf.de
stefan.m.janssen@gmail.com
Alemazkour@med.uni-duesseldorf.de
Frauke.Meyer@med.uni-duesseldorf.de
Daniel.Scholtyssik@med.uni-duesseldorf.de

Hi there,

this is an automated message from spike.

Demultiplexing for flowcell 220321_NB552271_0081_AHLHGHBGXL finished. Please find attached the yield report.

Have a nice day!' | mail -s '[spike] demultiplex report 220321_NB552271_0081_AHLHGHBGXL' -A /gpfs/project/projects/spike/AG_Borkhardt/Intermediate/030_convert_illumina_report/220321_NB552271_0081_AHLHGHBGXL.yield_report.pdf  deyazoubi@gmail.com 2>> /gpfs/project/projects/spike/AG_Borkhardt/Logs/030_convert_illumina_report/220321_NB552271_0081_AHLHGHBGXL.log
Activating conda environment: /home/yasinl/Deya/.snakemake/conda/7ffc80a6
[Fri Apr 22 06:50:45 2022]
Finished job 0.
2 of 2 steps (100%) done
Complete log: /home/yasinl/Deya/.snakemake/log/2022-04-22T065016.400127.snakemake.log
