The flag 'directory' used in rule demultiplex is only valid for outputs, not inputs.
The flag 'directory' used in rule demultiplex is only valid for outputs, not inputs.
The flag 'directory' used in rule aggregate_undetermined_filesizes is only valid for outputs, not inputs.
localrules directive specifies rules that are not present in the Snakefile:
	check_coverage
	xenograft_check

Building DAG of jobs...
Using shell: /bin/bash
Provided cluster nodes: 50
Job counts:
	count	jobs
	9	MBC_remove_duplicates
	9	add_UMI_R1
	8	add_UMI_R3
	9	bwa
	9	gatk4_ApplyBQSR
	9	gatk4_BaseRecalibrator
	9	intersect
	9	qualimap
	9	sam_cleanup
	9	samtools_index
	9	samtools_index_sort
	9	trim
	107

[Thu May 12 03:25:22 2022]
rule add_UMI_R1:
    input: /gpfs/project/projects/spike/AG_Borkhardt/Intermediate/035_rejoin_samples/Keimbahn/KB0315_c_R1.fastq.gz, /gpfs/project/projects/spike/AG_Borkhardt/Intermediate/035_rejoin_samples/Keimbahn/KB0315_c_R2.fastq.gz
    output: /gpfs/project/projects/spike/AG_Borkhardt/Intermediate/035_rejoin_samples/Keimbahn/KB0315_c_R1_UMI.fastq.gz
    log: /gpfs/project/projects/spike/AG_Borkhardt/Logs/035_rejoin_samples/Keimbahn/KB0315_c.log
    jobid: 92
    benchmark: /gpfs/project/projects/spike/AG_Borkhardt/Benchmarks/035_rejoin_samples/Keimbahn/KB0315_c.benchmark
    reason: Missing output files: /gpfs/project/projects/spike/AG_Borkhardt/Intermediate/035_rejoin_samples/Keimbahn/KB0315_c_R1_UMI.fastq.gz
    wildcards: prefix=/gpfs/project/projects/spike/AG_Borkhardt/, sample=Keimbahn/KB0315_c

conda activate /home/yasinl/miniconda3/envs/UMI; sleep 10s;umi_tools extract --bc-pattern=NNNNNNNNNN --stdin /gpfs/project/projects/spike/AG_Borkhardt/Intermediate/035_rejoin_samples/Keimbahn/KB0315_c_R2.fastq.gz --read2-in /gpfs/project/projects/spike/AG_Borkhardt/Intermediate/035_rejoin_samples/Keimbahn/KB0315_c_R1.fastq.gz --stdout /gpfs/project/projects/spike/AG_Borkhardt/Intermediate/035_rejoin_samples/Keimbahn/KB0315_c_R1_UMI.fastq.gz --read2-stdout 2> /gpfs/project/projects/spike/AG_Borkhardt/Logs/035_rejoin_samples/Keimbahn/KB0315_c.log
Submitted job 92 with external jobid '3379556.hpc-batch'.

[Thu May 12 03:25:22 2022]
rule add_UMI_R1:
    input: /gpfs/project/projects/spike/AG_Borkhardt/Intermediate/035_rejoin_samples/Keimbahn/KB0472_c_R1.fastq.gz, /gpfs/project/projects/spike/AG_Borkhardt/Intermediate/035_rejoin_samples/Keimbahn/KB0472_c_R2.fastq.gz
    output: /gpfs/project/projects/spike/AG_Borkhardt/Intermediate/035_rejoin_samples/Keimbahn/KB0472_c_R1_UMI.fastq.gz
    log: /gpfs/project/projects/spike/AG_Borkhardt/Logs/035_rejoin_samples/Keimbahn/KB0472_c.log
    jobid: 90
    benchmark: /gpfs/project/projects/spike/AG_Borkhardt/Benchmarks/035_rejoin_samples/Keimbahn/KB0472_c.benchmark
    reason: Missing output files: /gpfs/project/projects/spike/AG_Borkhardt/Intermediate/035_rejoin_samples/Keimbahn/KB0472_c_R1_UMI.fastq.gz
    wildcards: prefix=/gpfs/project/projects/spike/AG_Borkhardt/, sample=Keimbahn/KB0472_c

conda activate /home/yasinl/miniconda3/envs/UMI; sleep 10s;umi_tools extract --bc-pattern=NNNNNNNNNN --stdin /gpfs/project/projects/spike/AG_Borkhardt/Intermediate/035_rejoin_samples/Keimbahn/KB0472_c_R2.fastq.gz --read2-in /gpfs/project/projects/spike/AG_Borkhardt/Intermediate/035_rejoin_samples/Keimbahn/KB0472_c_R1.fastq.gz --stdout /gpfs/project/projects/spike/AG_Borkhardt/Intermediate/035_rejoin_samples/Keimbahn/KB0472_c_R1_UMI.fastq.gz --read2-stdout 2> /gpfs/project/projects/spike/AG_Borkhardt/Logs/035_rejoin_samples/Keimbahn/KB0472_c.log
Submitted job 90 with external jobid '3379557.hpc-batch'.

[Thu May 12 03:25:22 2022]
rule add_UMI_R1:
    input: /gpfs/project/projects/spike/AG_Borkhardt/Intermediate/035_rejoin_samples/Keimbahn/KB0476_c_R1.fastq.gz, /gpfs/project/projects/spike/AG_Borkhardt/Intermediate/035_rejoin_samples/Keimbahn/KB0476_c_R2.fastq.gz
    output: /gpfs/project/projects/spike/AG_Borkhardt/Intermediate/035_rejoin_samples/Keimbahn/KB0476_c_R1_UMI.fastq.gz
    log: /gpfs/project/projects/spike/AG_Borkhardt/Logs/035_rejoin_samples/Keimbahn/KB0476_c.log
    jobid: 106
    benchmark: /gpfs/project/projects/spike/AG_Borkhardt/Benchmarks/035_rejoin_samples/Keimbahn/KB0476_c.benchmark
    reason: Missing output files: /gpfs/project/projects/spike/AG_Borkhardt/Intermediate/035_rejoin_samples/Keimbahn/KB0476_c_R1_UMI.fastq.gz
    wildcards: prefix=/gpfs/project/projects/spike/AG_Borkhardt/, sample=Keimbahn/KB0476_c

conda activate /home/yasinl/miniconda3/envs/UMI; sleep 10s;umi_tools extract --bc-pattern=NNNNNNNNNN --stdin /gpfs/project/projects/spike/AG_Borkhardt/Intermediate/035_rejoin_samples/Keimbahn/KB0476_c_R2.fastq.gz --read2-in /gpfs/project/projects/spike/AG_Borkhardt/Intermediate/035_rejoin_samples/Keimbahn/KB0476_c_R1.fastq.gz --stdout /gpfs/project/projects/spike/AG_Borkhardt/Intermediate/035_rejoin_samples/Keimbahn/KB0476_c_R1_UMI.fastq.gz --read2-stdout 2> /gpfs/project/projects/spike/AG_Borkhardt/Logs/035_rejoin_samples/Keimbahn/KB0476_c.log
Submitted job 106 with external jobid '3379558.hpc-batch'.

[Thu May 12 03:25:22 2022]
rule add_UMI_R3:
    input: /gpfs/project/projects/spike/AG_Borkhardt/Intermediate/035_rejoin_samples/Keimbahn/KB0472_m_R3.fastq.gz, /gpfs/project/projects/spike/AG_Borkhardt/Intermediate/035_rejoin_samples/Keimbahn/KB0472_m_R2.fastq.gz
    output: /gpfs/project/projects/spike/AG_Borkhardt/Intermediate/035_rejoin_samples/Keimbahn/KB0472_m_R3_UMI.fastq.gz
    log: /gpfs/project/projects/spike/AG_Borkhardt/Logs/035_rejoin_samples/Keimbahn/KB0472_m.log
    jobid: 97
    benchmark: /gpfs/project/projects/spike/AG_Borkhardt/Benchmarks/035_rejoin_samples/Keimbahn/KB0472_m.benchmark
    reason: Missing output files: /gpfs/project/projects/spike/AG_Borkhardt/Intermediate/035_rejoin_samples/Keimbahn/KB0472_m_R3_UMI.fastq.gz
    wildcards: prefix=/gpfs/project/projects/spike/AG_Borkhardt/, sample=Keimbahn/KB0472_m

conda activate /home/yasinl/miniconda3/envs/UMI; sleep 10s;umi_tools extract --bc-pattern=NNNNNNNNNN --stdin /gpfs/project/projects/spike/AG_Borkhardt/Intermediate/035_rejoin_samples/Keimbahn/KB0472_m_R2.fastq.gz --read2-in /gpfs/project/projects/spike/AG_Borkhardt/Intermediate/035_rejoin_samples/Keimbahn/KB0472_m_R3.fastq.gz --stdout /gpfs/project/projects/spike/AG_Borkhardt/Intermediate/035_rejoin_samples/Keimbahn/KB0472_m_R3_UMI.fastq.gz --read2-stdout 2> /gpfs/project/projects/spike/AG_Borkhardt/Logs/035_rejoin_samples/Keimbahn/KB0472_m.log
Submitted job 97 with external jobid '3379559.hpc-batch'.

[Thu May 12 03:25:22 2022]
rule add_UMI_R1:
    input: /gpfs/project/projects/spike/AG_Borkhardt/Intermediate/035_rejoin_samples/Keimbahn/KB0472_f_R1.fastq.gz, /gpfs/project/projects/spike/AG_Borkhardt/Intermediate/035_rejoin_samples/Keimbahn/KB0472_f_R2.fastq.gz
    output: /gpfs/project/projects/spike/AG_Borkhardt/Intermediate/035_rejoin_samples/Keimbahn/KB0472_f_R1_UMI.fastq.gz
    log: /gpfs/project/projects/spike/AG_Borkhardt/Logs/035_rejoin_samples/Keimbahn/KB0472_f.log
    jobid: 94
    benchmark: /gpfs/project/projects/spike/AG_Borkhardt/Benchmarks/035_rejoin_samples/Keimbahn/KB0472_f.benchmark
    reason: Missing output files: /gpfs/project/projects/spike/AG_Borkhardt/Intermediate/035_rejoin_samples/Keimbahn/KB0472_f_R1_UMI.fastq.gz
    wildcards: prefix=/gpfs/project/projects/spike/AG_Borkhardt/, sample=Keimbahn/KB0472_f

conda activate /home/yasinl/miniconda3/envs/UMI; sleep 10s;umi_tools extract --bc-pattern=NNNNNNNNNN --stdin /gpfs/project/projects/spike/AG_Borkhardt/Intermediate/035_rejoin_samples/Keimbahn/KB0472_f_R2.fastq.gz --read2-in /gpfs/project/projects/spike/AG_Borkhardt/Intermediate/035_rejoin_samples/Keimbahn/KB0472_f_R1.fastq.gz --stdout /gpfs/project/projects/spike/AG_Borkhardt/Intermediate/035_rejoin_samples/Keimbahn/KB0472_f_R1_UMI.fastq.gz --read2-stdout 2> /gpfs/project/projects/spike/AG_Borkhardt/Logs/035_rejoin_samples/Keimbahn/KB0472_f.log
Submitted job 94 with external jobid '3379560.hpc-batch'.

[Thu May 12 03:25:22 2022]
rule add_UMI_R3:
    input: /gpfs/project/projects/spike/AG_Borkhardt/Intermediate/035_rejoin_samples/Keimbahn/KB0315_c_R3.fastq.gz, /gpfs/project/projects/spike/AG_Borkhardt/Intermediate/035_rejoin_samples/Keimbahn/KB0315_c_R2.fastq.gz
    output: /gpfs/project/projects/spike/AG_Borkhardt/Intermediate/035_rejoin_samples/Keimbahn/KB0315_c_R3_UMI.fastq.gz
    log: /gpfs/project/projects/spike/AG_Borkhardt/Logs/035_rejoin_samples/Keimbahn/KB0315_c.log
    jobid: 93
    benchmark: /gpfs/project/projects/spike/AG_Borkhardt/Benchmarks/035_rejoin_samples/Keimbahn/KB0315_c.benchmark
    reason: Missing output files: /gpfs/project/projects/spike/AG_Borkhardt/Intermediate/035_rejoin_samples/Keimbahn/KB0315_c_R3_UMI.fastq.gz
    wildcards: prefix=/gpfs/project/projects/spike/AG_Borkhardt/, sample=Keimbahn/KB0315_c

conda activate /home/yasinl/miniconda3/envs/UMI; sleep 10s;umi_tools extract --bc-pattern=NNNNNNNNNN --stdin /gpfs/project/projects/spike/AG_Borkhardt/Intermediate/035_rejoin_samples/Keimbahn/KB0315_c_R2.fastq.gz --read2-in /gpfs/project/projects/spike/AG_Borkhardt/Intermediate/035_rejoin_samples/Keimbahn/KB0315_c_R3.fastq.gz --stdout /gpfs/project/projects/spike/AG_Borkhardt/Intermediate/035_rejoin_samples/Keimbahn/KB0315_c_R3_UMI.fastq.gz --read2-stdout 2> /gpfs/project/projects/spike/AG_Borkhardt/Logs/035_rejoin_samples/Keimbahn/KB0315_c.log
Submitted job 93 with external jobid '3379561.hpc-batch'.

[Thu May 12 03:25:22 2022]
rule add_UMI_R3:
    input: /gpfs/project/projects/spike/AG_Borkhardt/Intermediate/035_rejoin_samples/Keimbahn/KB0472_c_R3.fastq.gz, /gpfs/project/projects/spike/AG_Borkhardt/Intermediate/035_rejoin_samples/Keimbahn/KB0472_c_R2.fastq.gz
    output: /gpfs/project/projects/spike/AG_Borkhardt/Intermediate/035_rejoin_samples/Keimbahn/KB0472_c_R3_UMI.fastq.gz
    log: /gpfs/project/projects/spike/AG_Borkhardt/Logs/035_rejoin_samples/Keimbahn/KB0472_c.log
    jobid: 91
    benchmark: /gpfs/project/projects/spike/AG_Borkhardt/Benchmarks/035_rejoin_samples/Keimbahn/KB0472_c.benchmark
    reason: Missing output files: /gpfs/project/projects/spike/AG_Borkhardt/Intermediate/035_rejoin_samples/Keimbahn/KB0472_c_R3_UMI.fastq.gz
    wildcards: prefix=/gpfs/project/projects/spike/AG_Borkhardt/, sample=Keimbahn/KB0472_c

conda activate /home/yasinl/miniconda3/envs/UMI; sleep 10s;umi_tools extract --bc-pattern=NNNNNNNNNN --stdin /gpfs/project/projects/spike/AG_Borkhardt/Intermediate/035_rejoin_samples/Keimbahn/KB0472_c_R2.fastq.gz --read2-in /gpfs/project/projects/spike/AG_Borkhardt/Intermediate/035_rejoin_samples/Keimbahn/KB0472_c_R3.fastq.gz --stdout /gpfs/project/projects/spike/AG_Borkhardt/Intermediate/035_rejoin_samples/Keimbahn/KB0472_c_R3_UMI.fastq.gz --read2-stdout 2> /gpfs/project/projects/spike/AG_Borkhardt/Logs/035_rejoin_samples/Keimbahn/KB0472_c.log
Submitted job 91 with external jobid '3379562.hpc-batch'.

[Thu May 12 03:25:22 2022]
rule add_UMI_R1:
    input: /gpfs/project/projects/spike/AG_Borkhardt/Intermediate/035_rejoin_samples/Keimbahn/KB0472_m_R1.fastq.gz, /gpfs/project/projects/spike/AG_Borkhardt/Intermediate/035_rejoin_samples/Keimbahn/KB0472_m_R2.fastq.gz
    output: /gpfs/project/projects/spike/AG_Borkhardt/Intermediate/035_rejoin_samples/Keimbahn/KB0472_m_R1_UMI.fastq.gz
    log: /gpfs/project/projects/spike/AG_Borkhardt/Logs/035_rejoin_samples/Keimbahn/KB0472_m.log
    jobid: 96
    benchmark: /gpfs/project/projects/spike/AG_Borkhardt/Benchmarks/035_rejoin_samples/Keimbahn/KB0472_m.benchmark
    reason: Missing output files: /gpfs/project/projects/spike/AG_Borkhardt/Intermediate/035_rejoin_samples/Keimbahn/KB0472_m_R1_UMI.fastq.gz
    wildcards: prefix=/gpfs/project/projects/spike/AG_Borkhardt/, sample=Keimbahn/KB0472_m

conda activate /home/yasinl/miniconda3/envs/UMI; sleep 10s;umi_tools extract --bc-pattern=NNNNNNNNNN --stdin /gpfs/project/projects/spike/AG_Borkhardt/Intermediate/035_rejoin_samples/Keimbahn/KB0472_m_R2.fastq.gz --read2-in /gpfs/project/projects/spike/AG_Borkhardt/Intermediate/035_rejoin_samples/Keimbahn/KB0472_m_R1.fastq.gz --stdout /gpfs/project/projects/spike/AG_Borkhardt/Intermediate/035_rejoin_samples/Keimbahn/KB0472_m_R1_UMI.fastq.gz --read2-stdout 2> /gpfs/project/projects/spike/AG_Borkhardt/Logs/035_rejoin_samples/Keimbahn/KB0472_m.log
Submitted job 96 with external jobid '3379563.hpc-batch'.

[Thu May 12 03:25:22 2022]
rule add_UMI_R3:
    input: /gpfs/project/projects/spike/AG_Borkhardt/Intermediate/035_rejoin_samples/Keimbahn/KB0472_f_R3.fastq.gz, /gpfs/project/projects/spike/AG_Borkhardt/Intermediate/035_rejoin_samples/Keimbahn/KB0472_f_R2.fastq.gz
    output: /gpfs/project/projects/spike/AG_Borkhardt/Intermediate/035_rejoin_samples/Keimbahn/KB0472_f_R3_UMI.fastq.gz
    log: /gpfs/project/projects/spike/AG_Borkhardt/Logs/035_rejoin_samples/Keimbahn/KB0472_f.log
    jobid: 95
    benchmark: /gpfs/project/projects/spike/AG_Borkhardt/Benchmarks/035_rejoin_samples/Keimbahn/KB0472_f.benchmark
    reason: Missing output files: /gpfs/project/projects/spike/AG_Borkhardt/Intermediate/035_rejoin_samples/Keimbahn/KB0472_f_R3_UMI.fastq.gz
    wildcards: prefix=/gpfs/project/projects/spike/AG_Borkhardt/, sample=Keimbahn/KB0472_f

conda activate /home/yasinl/miniconda3/envs/UMI; sleep 10s;umi_tools extract --bc-pattern=NNNNNNNNNN --stdin /gpfs/project/projects/spike/AG_Borkhardt/Intermediate/035_rejoin_samples/Keimbahn/KB0472_f_R2.fastq.gz --read2-in /gpfs/project/projects/spike/AG_Borkhardt/Intermediate/035_rejoin_samples/Keimbahn/KB0472_f_R3.fastq.gz --stdout /gpfs/project/projects/spike/AG_Borkhardt/Intermediate/035_rejoin_samples/Keimbahn/KB0472_f_R3_UMI.fastq.gz --read2-stdout 2> /gpfs/project/projects/spike/AG_Borkhardt/Logs/035_rejoin_samples/Keimbahn/KB0472_f.log
Submitted job 95 with external jobid '3379564.hpc-batch'.

[Thu May 12 03:25:22 2022]
rule add_UMI_R1:
    input: /gpfs/project/projects/spike/AG_Borkhardt/Intermediate/035_rejoin_samples/Keimbahn/KB0476_m_R1.fastq.gz, /gpfs/project/projects/spike/AG_Borkhardt/Intermediate/035_rejoin_samples/Keimbahn/KB0476_m_R2.fastq.gz
    output: /gpfs/project/projects/spike/AG_Borkhardt/Intermediate/035_rejoin_samples/Keimbahn/KB0476_m_R1_UMI.fastq.gz
    log: /gpfs/project/projects/spike/AG_Borkhardt/Logs/035_rejoin_samples/Keimbahn/KB0476_m.log
    jobid: 100
    benchmark: /gpfs/project/projects/spike/AG_Borkhardt/Benchmarks/035_rejoin_samples/Keimbahn/KB0476_m.benchmark
    reason: Missing output files: /gpfs/project/projects/spike/AG_Borkhardt/Intermediate/035_rejoin_samples/Keimbahn/KB0476_m_R1_UMI.fastq.gz
    wildcards: prefix=/gpfs/project/projects/spike/AG_Borkhardt/, sample=Keimbahn/KB0476_m

conda activate /home/yasinl/miniconda3/envs/UMI; sleep 10s;umi_tools extract --bc-pattern=NNNNNNNNNN --stdin /gpfs/project/projects/spike/AG_Borkhardt/Intermediate/035_rejoin_samples/Keimbahn/KB0476_m_R2.fastq.gz --read2-in /gpfs/project/projects/spike/AG_Borkhardt/Intermediate/035_rejoin_samples/Keimbahn/KB0476_m_R1.fastq.gz --stdout /gpfs/project/projects/spike/AG_Borkhardt/Intermediate/035_rejoin_samples/Keimbahn/KB0476_m_R1_UMI.fastq.gz --read2-stdout 2> /gpfs/project/projects/spike/AG_Borkhardt/Logs/035_rejoin_samples/Keimbahn/KB0476_m.log
Submitted job 100 with external jobid '3379565.hpc-batch'.

[Thu May 12 03:25:23 2022]
rule add_UMI_R1:
    input: /gpfs/project/projects/spike/AG_Borkhardt/Intermediate/035_rejoin_samples/Keimbahn/KB0315_m_R1.fastq.gz, /gpfs/project/projects/spike/AG_Borkhardt/Intermediate/035_rejoin_samples/Keimbahn/KB0315_m_R2.fastq.gz
    output: /gpfs/project/projects/spike/AG_Borkhardt/Intermediate/035_rejoin_samples/Keimbahn/KB0315_m_R1_UMI.fastq.gz
    log: /gpfs/project/projects/spike/AG_Borkhardt/Logs/035_rejoin_samples/Keimbahn/KB0315_m.log
    jobid: 98
    benchmark: /gpfs/project/projects/spike/AG_Borkhardt/Benchmarks/035_rejoin_samples/Keimbahn/KB0315_m.benchmark
    reason: Missing output files: /gpfs/project/projects/spike/AG_Borkhardt/Intermediate/035_rejoin_samples/Keimbahn/KB0315_m_R1_UMI.fastq.gz
    wildcards: prefix=/gpfs/project/projects/spike/AG_Borkhardt/, sample=Keimbahn/KB0315_m

conda activate /home/yasinl/miniconda3/envs/UMI; sleep 10s;umi_tools extract --bc-pattern=NNNNNNNNNN --stdin /gpfs/project/projects/spike/AG_Borkhardt/Intermediate/035_rejoin_samples/Keimbahn/KB0315_m_R2.fastq.gz --read2-in /gpfs/project/projects/spike/AG_Borkhardt/Intermediate/035_rejoin_samples/Keimbahn/KB0315_m_R1.fastq.gz --stdout /gpfs/project/projects/spike/AG_Borkhardt/Intermediate/035_rejoin_samples/Keimbahn/KB0315_m_R1_UMI.fastq.gz --read2-stdout 2> /gpfs/project/projects/spike/AG_Borkhardt/Logs/035_rejoin_samples/Keimbahn/KB0315_m.log
Submitted job 98 with external jobid '3379566.hpc-batch'.

[Thu May 12 03:25:23 2022]
rule add_UMI_R3:
    input: /gpfs/project/projects/spike/AG_Borkhardt/Intermediate/035_rejoin_samples/Keimbahn/KB0476_f_R3.fastq.gz, /gpfs/project/projects/spike/AG_Borkhardt/Intermediate/035_rejoin_samples/Keimbahn/KB0476_f_R2.fastq.gz
    output: /gpfs/project/projects/spike/AG_Borkhardt/Intermediate/035_rejoin_samples/Keimbahn/KB0476_f_R3_UMI.fastq.gz
    log: /gpfs/project/projects/spike/AG_Borkhardt/Logs/035_rejoin_samples/Keimbahn/KB0476_f.log
    jobid: 105
    benchmark: /gpfs/project/projects/spike/AG_Borkhardt/Benchmarks/035_rejoin_samples/Keimbahn/KB0476_f.benchmark
    reason: Missing output files: /gpfs/project/projects/spike/AG_Borkhardt/Intermediate/035_rejoin_samples/Keimbahn/KB0476_f_R3_UMI.fastq.gz
    wildcards: prefix=/gpfs/project/projects/spike/AG_Borkhardt/, sample=Keimbahn/KB0476_f

conda activate /home/yasinl/miniconda3/envs/UMI; sleep 10s;umi_tools extract --bc-pattern=NNNNNNNNNN --stdin /gpfs/project/projects/spike/AG_Borkhardt/Intermediate/035_rejoin_samples/Keimbahn/KB0476_f_R2.fastq.gz --read2-in /gpfs/project/projects/spike/AG_Borkhardt/Intermediate/035_rejoin_samples/Keimbahn/KB0476_f_R3.fastq.gz --stdout /gpfs/project/projects/spike/AG_Borkhardt/Intermediate/035_rejoin_samples/Keimbahn/KB0476_f_R3_UMI.fastq.gz --read2-stdout 2> /gpfs/project/projects/spike/AG_Borkhardt/Logs/035_rejoin_samples/Keimbahn/KB0476_f.log
Submitted job 105 with external jobid '3379567.hpc-batch'.

[Thu May 12 03:25:23 2022]
rule add_UMI_R1:
    input: /gpfs/project/projects/spike/AG_Borkhardt/Intermediate/035_rejoin_samples/Keimbahn/KB0479_f_R1.fastq.gz, /gpfs/project/projects/spike/AG_Borkhardt/Intermediate/035_rejoin_samples/Keimbahn/KB0479_f_R2.fastq.gz
    output: /gpfs/project/projects/spike/AG_Borkhardt/Intermediate/035_rejoin_samples/Keimbahn/KB0479_f_R1_UMI.fastq.gz
    log: /gpfs/project/projects/spike/AG_Borkhardt/Logs/035_rejoin_samples/Keimbahn/KB0479_f.log
    jobid: 102
    benchmark: /gpfs/project/projects/spike/AG_Borkhardt/Benchmarks/035_rejoin_samples/Keimbahn/KB0479_f.benchmark
    reason: Missing output files: /gpfs/project/projects/spike/AG_Borkhardt/Intermediate/035_rejoin_samples/Keimbahn/KB0479_f_R1_UMI.fastq.gz
    wildcards: prefix=/gpfs/project/projects/spike/AG_Borkhardt/, sample=Keimbahn/KB0479_f

conda activate /home/yasinl/miniconda3/envs/UMI; sleep 10s;umi_tools extract --bc-pattern=NNNNNNNNNN --stdin /gpfs/project/projects/spike/AG_Borkhardt/Intermediate/035_rejoin_samples/Keimbahn/KB0479_f_R2.fastq.gz --read2-in /gpfs/project/projects/spike/AG_Borkhardt/Intermediate/035_rejoin_samples/Keimbahn/KB0479_f_R1.fastq.gz --stdout /gpfs/project/projects/spike/AG_Borkhardt/Intermediate/035_rejoin_samples/Keimbahn/KB0479_f_R1_UMI.fastq.gz --read2-stdout 2> /gpfs/project/projects/spike/AG_Borkhardt/Logs/035_rejoin_samples/Keimbahn/KB0479_f.log
Submitted job 102 with external jobid '3379568.hpc-batch'.

[Thu May 12 03:25:23 2022]
rule add_UMI_R3:
    input: /gpfs/project/projects/spike/AG_Borkhardt/Intermediate/035_rejoin_samples/Keimbahn/KB0476_m_R3.fastq.gz, /gpfs/project/projects/spike/AG_Borkhardt/Intermediate/035_rejoin_samples/Keimbahn/KB0476_m_R2.fastq.gz
    output: /gpfs/project/projects/spike/AG_Borkhardt/Intermediate/035_rejoin_samples/Keimbahn/KB0476_m_R3_UMI.fastq.gz
    log: /gpfs/project/projects/spike/AG_Borkhardt/Logs/035_rejoin_samples/Keimbahn/KB0476_m.log
    jobid: 101
    benchmark: /gpfs/project/projects/spike/AG_Borkhardt/Benchmarks/035_rejoin_samples/Keimbahn/KB0476_m.benchmark
    reason: Missing output files: /gpfs/project/projects/spike/AG_Borkhardt/Intermediate/035_rejoin_samples/Keimbahn/KB0476_m_R3_UMI.fastq.gz
    wildcards: prefix=/gpfs/project/projects/spike/AG_Borkhardt/, sample=Keimbahn/KB0476_m

conda activate /home/yasinl/miniconda3/envs/UMI; sleep 10s;umi_tools extract --bc-pattern=NNNNNNNNNN --stdin /gpfs/project/projects/spike/AG_Borkhardt/Intermediate/035_rejoin_samples/Keimbahn/KB0476_m_R2.fastq.gz --read2-in /gpfs/project/projects/spike/AG_Borkhardt/Intermediate/035_rejoin_samples/Keimbahn/KB0476_m_R3.fastq.gz --stdout /gpfs/project/projects/spike/AG_Borkhardt/Intermediate/035_rejoin_samples/Keimbahn/KB0476_m_R3_UMI.fastq.gz --read2-stdout 2> /gpfs/project/projects/spike/AG_Borkhardt/Logs/035_rejoin_samples/Keimbahn/KB0476_m.log
Submitted job 101 with external jobid '3379569.hpc-batch'.

[Thu May 12 03:25:23 2022]
rule add_UMI_R1:
    input: /gpfs/project/projects/spike/AG_Borkhardt/Intermediate/035_rejoin_samples/Keimbahn/KB0476_f_R1.fastq.gz, /gpfs/project/projects/spike/AG_Borkhardt/Intermediate/035_rejoin_samples/Keimbahn/KB0476_f_R2.fastq.gz
    output: /gpfs/project/projects/spike/AG_Borkhardt/Intermediate/035_rejoin_samples/Keimbahn/KB0476_f_R1_UMI.fastq.gz
    log: /gpfs/project/projects/spike/AG_Borkhardt/Logs/035_rejoin_samples/Keimbahn/KB0476_f.log
    jobid: 104
    benchmark: /gpfs/project/projects/spike/AG_Borkhardt/Benchmarks/035_rejoin_samples/Keimbahn/KB0476_f.benchmark
    reason: Missing output files: /gpfs/project/projects/spike/AG_Borkhardt/Intermediate/035_rejoin_samples/Keimbahn/KB0476_f_R1_UMI.fastq.gz
    wildcards: prefix=/gpfs/project/projects/spike/AG_Borkhardt/, sample=Keimbahn/KB0476_f

conda activate /home/yasinl/miniconda3/envs/UMI; sleep 10s;umi_tools extract --bc-pattern=NNNNNNNNNN --stdin /gpfs/project/projects/spike/AG_Borkhardt/Intermediate/035_rejoin_samples/Keimbahn/KB0476_f_R2.fastq.gz --read2-in /gpfs/project/projects/spike/AG_Borkhardt/Intermediate/035_rejoin_samples/Keimbahn/KB0476_f_R1.fastq.gz --stdout /gpfs/project/projects/spike/AG_Borkhardt/Intermediate/035_rejoin_samples/Keimbahn/KB0476_f_R1_UMI.fastq.gz --read2-stdout 2> /gpfs/project/projects/spike/AG_Borkhardt/Logs/035_rejoin_samples/Keimbahn/KB0476_f.log
Submitted job 104 with external jobid '3379570.hpc-batch'.

[Thu May 12 03:25:23 2022]
rule add_UMI_R3:
    input: /gpfs/project/projects/spike/AG_Borkhardt/Intermediate/035_rejoin_samples/Keimbahn/KB0315_m_R3.fastq.gz, /gpfs/project/projects/spike/AG_Borkhardt/Intermediate/035_rejoin_samples/Keimbahn/KB0315_m_R2.fastq.gz
    output: /gpfs/project/projects/spike/AG_Borkhardt/Intermediate/035_rejoin_samples/Keimbahn/KB0315_m_R3_UMI.fastq.gz
    log: /gpfs/project/projects/spike/AG_Borkhardt/Logs/035_rejoin_samples/Keimbahn/KB0315_m.log
    jobid: 99
    benchmark: /gpfs/project/projects/spike/AG_Borkhardt/Benchmarks/035_rejoin_samples/Keimbahn/KB0315_m.benchmark
    reason: Missing output files: /gpfs/project/projects/spike/AG_Borkhardt/Intermediate/035_rejoin_samples/Keimbahn/KB0315_m_R3_UMI.fastq.gz
    wildcards: prefix=/gpfs/project/projects/spike/AG_Borkhardt/, sample=Keimbahn/KB0315_m

conda activate /home/yasinl/miniconda3/envs/UMI; sleep 10s;umi_tools extract --bc-pattern=NNNNNNNNNN --stdin /gpfs/project/projects/spike/AG_Borkhardt/Intermediate/035_rejoin_samples/Keimbahn/KB0315_m_R2.fastq.gz --read2-in /gpfs/project/projects/spike/AG_Borkhardt/Intermediate/035_rejoin_samples/Keimbahn/KB0315_m_R3.fastq.gz --stdout /gpfs/project/projects/spike/AG_Borkhardt/Intermediate/035_rejoin_samples/Keimbahn/KB0315_m_R3_UMI.fastq.gz --read2-stdout 2> /gpfs/project/projects/spike/AG_Borkhardt/Logs/035_rejoin_samples/Keimbahn/KB0315_m.log
Submitted job 99 with external jobid '3379571.hpc-batch'.

[Thu May 12 03:25:23 2022]
rule add_UMI_R3:
    input: /gpfs/project/projects/spike/AG_Borkhardt/Intermediate/035_rejoin_samples/Keimbahn/KB0479_f_R3.fastq.gz, /gpfs/project/projects/spike/AG_Borkhardt/Intermediate/035_rejoin_samples/Keimbahn/KB0479_f_R2.fastq.gz
    output: /gpfs/project/projects/spike/AG_Borkhardt/Intermediate/035_rejoin_samples/Keimbahn/KB0479_f_R3_UMI.fastq.gz
    log: /gpfs/project/projects/spike/AG_Borkhardt/Logs/035_rejoin_samples/Keimbahn/KB0479_f.log
    jobid: 103
    benchmark: /gpfs/project/projects/spike/AG_Borkhardt/Benchmarks/035_rejoin_samples/Keimbahn/KB0479_f.benchmark
    reason: Missing output files: /gpfs/project/projects/spike/AG_Borkhardt/Intermediate/035_rejoin_samples/Keimbahn/KB0479_f_R3_UMI.fastq.gz
    wildcards: prefix=/gpfs/project/projects/spike/AG_Borkhardt/, sample=Keimbahn/KB0479_f

conda activate /home/yasinl/miniconda3/envs/UMI; sleep 10s;umi_tools extract --bc-pattern=NNNNNNNNNN --stdin /gpfs/project/projects/spike/AG_Borkhardt/Intermediate/035_rejoin_samples/Keimbahn/KB0479_f_R2.fastq.gz --read2-in /gpfs/project/projects/spike/AG_Borkhardt/Intermediate/035_rejoin_samples/Keimbahn/KB0479_f_R3.fastq.gz --stdout /gpfs/project/projects/spike/AG_Borkhardt/Intermediate/035_rejoin_samples/Keimbahn/KB0479_f_R3_UMI.fastq.gz --read2-stdout 2> /gpfs/project/projects/spike/AG_Borkhardt/Logs/035_rejoin_samples/Keimbahn/KB0479_f.log
Submitted job 103 with external jobid '3379572.hpc-batch'.
[Thu May 12 04:38:35 2022]
Finished job 94.
1 of 107 steps (0.93%) done
[Thu May 12 04:39:42 2022]
Finished job 92.
2 of 107 steps (2%) done
[Thu May 12 04:39:49 2022]
Finished job 93.
3 of 107 steps (3%) done

[Thu May 12 04:39:49 2022]
rule trim:
    input: /gpfs/project/projects/spike/AG_Borkhardt/Intermediate/035_rejoin_samples/Keimbahn/KB0315_c_R1_UMI.fastq.gz, /gpfs/project/projects/spike/AG_Borkhardt/Intermediate/035_rejoin_samples/Keimbahn/KB0315_c_R3_UMI.fastq.gz
    output: /gpfs/project/projects/spike/AG_Borkhardt/Intermediate/040_trim/Paired/Keimbahn/KB0315_c_R1_UMI.fastq.gz, /gpfs/project/projects/spike/AG_Borkhardt/Intermediate/040_trim/Paired/Keimbahn/KB0315_c_R2_UMI.fastq.gz
    log: /gpfs/project/projects/spike/AG_Borkhardt/Logs/040_trim/Keimbahn/KB0315_c.log
    jobid: 82
    benchmark: /gpfs/project/projects/spike/AG_Borkhardt/Benchmarks/040_trim/Keimbahn/KB0315_c.benchmark
    reason: Missing output files: /gpfs/project/projects/spike/AG_Borkhardt/Intermediate/040_trim/Paired/Keimbahn/KB0315_c_R2_UMI.fastq.gz, /gpfs/project/projects/spike/AG_Borkhardt/Intermediate/040_trim/Paired/Keimbahn/KB0315_c_R1_UMI.fastq.gz; Input files updated by another job: /gpfs/project/projects/spike/AG_Borkhardt/Intermediate/035_rejoin_samples/Keimbahn/KB0315_c_R1_UMI.fastq.gz, /gpfs/project/projects/spike/AG_Borkhardt/Intermediate/035_rejoin_samples/Keimbahn/KB0315_c_R3_UMI.fastq.gz
    wildcards: prefix=/gpfs/project/projects/spike/AG_Borkhardt/, sample=Keimbahn/KB0315_c
    threads: 16

mkdir -p `dirname /gpfs/project/projects/spike/AG_Borkhardt/Intermediate/040_trim/Unpaired/Keimbahn/KB0315_c_R1.fastq.gz` 2> /gpfs/project/projects/spike/AG_Borkhardt/Logs/040_trim/Keimbahn/KB0315_c.log & java -Xmx4g -XX:ParallelGCThreads=16 -jar ${CONDA_PREFIX}/share/trimmomatic-0.39-1/trimmomatic.jar PE -threads 16 -phred33 /gpfs/project/projects/spike/AG_Borkhardt/Intermediate/035_rejoin_samples/Keimbahn/KB0315_c_R1_UMI.fastq.gz /gpfs/project/projects/spike/AG_Borkhardt/Intermediate/035_rejoin_samples/Keimbahn/KB0315_c_R3_UMI.fastq.gz /gpfs/project/projects/spike/AG_Borkhardt/Intermediate/040_trim/Paired/Keimbahn/KB0315_c_R1_UMI.fastq.gz /gpfs/project/projects/spike/AG_Borkhardt/Intermediate/040_trim/Unpaired/Keimbahn/KB0315_c_R1.fastq.gz /gpfs/project/projects/spike/AG_Borkhardt/Intermediate/040_trim/Paired/Keimbahn/KB0315_c_R2_UMI.fastq.gz /gpfs/project/projects/spike/AG_Borkhardt/Intermediate/040_trim/Unpaired/Keimbahn/KB0315_c_R2.fastq.gz ILLUMINACLIP:${CONDA_PREFIX}/share/trimmomatic-0.39-1/adapters/TruSeq3-PE.fa:2:30:10 CROP:149 LEADING:10 TRAILING:10 SLIDINGWINDOW:4:15 MINLEN:54 >> /gpfs/project/projects/spike/AG_Borkhardt/Logs/040_trim/Keimbahn/KB0315_c.log 2>&1
Submitted job 82 with external jobid '3381220.hpc-batch'.
[Thu May 12 04:40:52 2022]
Error in rule trim:
    jobid: 82
    output: /gpfs/project/projects/spike/AG_Borkhardt/Intermediate/040_trim/Paired/Keimbahn/KB0315_c_R1_UMI.fastq.gz, /gpfs/project/projects/spike/AG_Borkhardt/Intermediate/040_trim/Paired/Keimbahn/KB0315_c_R2_UMI.fastq.gz
    log: /gpfs/project/projects/spike/AG_Borkhardt/Logs/040_trim/Keimbahn/KB0315_c.log (check log file(s) for error message)
    conda-env: /home/yasinl/V7_Nextseq_Hg38/.snakemake/conda/1088f784
    shell:
        mkdir -p `dirname /gpfs/project/projects/spike/AG_Borkhardt/Intermediate/040_trim/Unpaired/Keimbahn/KB0315_c_R1.fastq.gz` 2> /gpfs/project/projects/spike/AG_Borkhardt/Logs/040_trim/Keimbahn/KB0315_c.log & java -Xmx4g -XX:ParallelGCThreads=16 -jar ${CONDA_PREFIX}/share/trimmomatic-0.39-1/trimmomatic.jar PE -threads 16 -phred33 /gpfs/project/projects/spike/AG_Borkhardt/Intermediate/035_rejoin_samples/Keimbahn/KB0315_c_R1_UMI.fastq.gz /gpfs/project/projects/spike/AG_Borkhardt/Intermediate/035_rejoin_samples/Keimbahn/KB0315_c_R3_UMI.fastq.gz /gpfs/project/projects/spike/AG_Borkhardt/Intermediate/040_trim/Paired/Keimbahn/KB0315_c_R1_UMI.fastq.gz /gpfs/project/projects/spike/AG_Borkhardt/Intermediate/040_trim/Unpaired/Keimbahn/KB0315_c_R1.fastq.gz /gpfs/project/projects/spike/AG_Borkhardt/Intermediate/040_trim/Paired/Keimbahn/KB0315_c_R2_UMI.fastq.gz /gpfs/project/projects/spike/AG_Borkhardt/Intermediate/040_trim/Unpaired/Keimbahn/KB0315_c_R2.fastq.gz ILLUMINACLIP:${CONDA_PREFIX}/share/trimmomatic-0.39-1/adapters/TruSeq3-PE.fa:2:30:10 CROP:149 LEADING:10 TRAILING:10 SLIDINGWINDOW:4:15 MINLEN:54 >> /gpfs/project/projects/spike/AG_Borkhardt/Logs/040_trim/Keimbahn/KB0315_c.log 2>&1
        (exited with non-zero exit code)
    cluster_jobid: 3381220.hpc-batch

Error executing rule trim on cluster (jobid: 82, external: 3381220.hpc-batch, jobscript: /home/yasinl/V7_Nextseq_Hg38/.snakemake/tmp.144s_uid/snakejob.trim.82.sh). For error details see the cluster log and the log files of the involved rule(s).
Job failed, going on with independent jobs.
[Thu May 12 04:41:34 2022]
Finished job 95.
4 of 107 steps (4%) done

[Thu May 12 04:41:34 2022]
rule trim:
    input: /gpfs/project/projects/spike/AG_Borkhardt/Intermediate/035_rejoin_samples/Keimbahn/KB0472_f_R1_UMI.fastq.gz, /gpfs/project/projects/spike/AG_Borkhardt/Intermediate/035_rejoin_samples/Keimbahn/KB0472_f_R3_UMI.fastq.gz
    output: /gpfs/project/projects/spike/AG_Borkhardt/Intermediate/040_trim/Paired/Keimbahn/KB0472_f_R1_UMI.fastq.gz, /gpfs/project/projects/spike/AG_Borkhardt/Intermediate/040_trim/Paired/Keimbahn/KB0472_f_R2_UMI.fastq.gz
    log: /gpfs/project/projects/spike/AG_Borkhardt/Logs/040_trim/Keimbahn/KB0472_f.log
    jobid: 83
    benchmark: /gpfs/project/projects/spike/AG_Borkhardt/Benchmarks/040_trim/Keimbahn/KB0472_f.benchmark
    reason: Missing output files: /gpfs/project/projects/spike/AG_Borkhardt/Intermediate/040_trim/Paired/Keimbahn/KB0472_f_R2_UMI.fastq.gz, /gpfs/project/projects/spike/AG_Borkhardt/Intermediate/040_trim/Paired/Keimbahn/KB0472_f_R1_UMI.fastq.gz; Input files updated by another job: /gpfs/project/projects/spike/AG_Borkhardt/Intermediate/035_rejoin_samples/Keimbahn/KB0472_f_R3_UMI.fastq.gz, /gpfs/project/projects/spike/AG_Borkhardt/Intermediate/035_rejoin_samples/Keimbahn/KB0472_f_R1_UMI.fastq.gz
    wildcards: prefix=/gpfs/project/projects/spike/AG_Borkhardt/, sample=Keimbahn/KB0472_f
    threads: 16

mkdir -p `dirname /gpfs/project/projects/spike/AG_Borkhardt/Intermediate/040_trim/Unpaired/Keimbahn/KB0472_f_R1.fastq.gz` 2> /gpfs/project/projects/spike/AG_Borkhardt/Logs/040_trim/Keimbahn/KB0472_f.log & java -Xmx4g -XX:ParallelGCThreads=16 -jar ${CONDA_PREFIX}/share/trimmomatic-0.39-1/trimmomatic.jar PE -threads 16 -phred33 /gpfs/project/projects/spike/AG_Borkhardt/Intermediate/035_rejoin_samples/Keimbahn/KB0472_f_R1_UMI.fastq.gz /gpfs/project/projects/spike/AG_Borkhardt/Intermediate/035_rejoin_samples/Keimbahn/KB0472_f_R3_UMI.fastq.gz /gpfs/project/projects/spike/AG_Borkhardt/Intermediate/040_trim/Paired/Keimbahn/KB0472_f_R1_UMI.fastq.gz /gpfs/project/projects/spike/AG_Borkhardt/Intermediate/040_trim/Unpaired/Keimbahn/KB0472_f_R1.fastq.gz /gpfs/project/projects/spike/AG_Borkhardt/Intermediate/040_trim/Paired/Keimbahn/KB0472_f_R2_UMI.fastq.gz /gpfs/project/projects/spike/AG_Borkhardt/Intermediate/040_trim/Unpaired/Keimbahn/KB0472_f_R2.fastq.gz ILLUMINACLIP:${CONDA_PREFIX}/share/trimmomatic-0.39-1/adapters/TruSeq3-PE.fa:2:30:10 CROP:149 LEADING:10 TRAILING:10 SLIDINGWINDOW:4:15 MINLEN:54 >> /gpfs/project/projects/spike/AG_Borkhardt/Logs/040_trim/Keimbahn/KB0472_f.log 2>&1
Submitted job 83 with external jobid '3381224.hpc-batch'.
[Thu May 12 04:42:31 2022]
Error in rule trim:
    jobid: 83
    output: /gpfs/project/projects/spike/AG_Borkhardt/Intermediate/040_trim/Paired/Keimbahn/KB0472_f_R1_UMI.fastq.gz, /gpfs/project/projects/spike/AG_Borkhardt/Intermediate/040_trim/Paired/Keimbahn/KB0472_f_R2_UMI.fastq.gz
    log: /gpfs/project/projects/spike/AG_Borkhardt/Logs/040_trim/Keimbahn/KB0472_f.log (check log file(s) for error message)
    conda-env: /home/yasinl/V7_Nextseq_Hg38/.snakemake/conda/1088f784
    shell:
        mkdir -p `dirname /gpfs/project/projects/spike/AG_Borkhardt/Intermediate/040_trim/Unpaired/Keimbahn/KB0472_f_R1.fastq.gz` 2> /gpfs/project/projects/spike/AG_Borkhardt/Logs/040_trim/Keimbahn/KB0472_f.log & java -Xmx4g -XX:ParallelGCThreads=16 -jar ${CONDA_PREFIX}/share/trimmomatic-0.39-1/trimmomatic.jar PE -threads 16 -phred33 /gpfs/project/projects/spike/AG_Borkhardt/Intermediate/035_rejoin_samples/Keimbahn/KB0472_f_R1_UMI.fastq.gz /gpfs/project/projects/spike/AG_Borkhardt/Intermediate/035_rejoin_samples/Keimbahn/KB0472_f_R3_UMI.fastq.gz /gpfs/project/projects/spike/AG_Borkhardt/Intermediate/040_trim/Paired/Keimbahn/KB0472_f_R1_UMI.fastq.gz /gpfs/project/projects/spike/AG_Borkhardt/Intermediate/040_trim/Unpaired/Keimbahn/KB0472_f_R1.fastq.gz /gpfs/project/projects/spike/AG_Borkhardt/Intermediate/040_trim/Paired/Keimbahn/KB0472_f_R2_UMI.fastq.gz /gpfs/project/projects/spike/AG_Borkhardt/Intermediate/040_trim/Unpaired/Keimbahn/KB0472_f_R2.fastq.gz ILLUMINACLIP:${CONDA_PREFIX}/share/trimmomatic-0.39-1/adapters/TruSeq3-PE.fa:2:30:10 CROP:149 LEADING:10 TRAILING:10 SLIDINGWINDOW:4:15 MINLEN:54 >> /gpfs/project/projects/spike/AG_Borkhardt/Logs/040_trim/Keimbahn/KB0472_f.log 2>&1
        (exited with non-zero exit code)
    cluster_jobid: 3381224.hpc-batch

Error executing rule trim on cluster (jobid: 83, external: 3381224.hpc-batch, jobscript: /home/yasinl/V7_Nextseq_Hg38/.snakemake/tmp.144s_uid/snakejob.trim.83.sh). For error details see the cluster log and the log files of the involved rule(s).
Job failed, going on with independent jobs.
[Thu May 12 04:42:48 2022]
Finished job 104.
5 of 107 steps (5%) done
[Thu May 12 04:45:43 2022]
Finished job 102.
6 of 107 steps (6%) done
[Thu May 12 04:46:10 2022]
Finished job 105.
7 of 107 steps (7%) done

[Thu May 12 04:46:10 2022]
rule trim:
    input: /gpfs/project/projects/spike/AG_Borkhardt/Intermediate/035_rejoin_samples/Keimbahn/KB0476_f_R1_UMI.fastq.gz, /gpfs/project/projects/spike/AG_Borkhardt/Intermediate/035_rejoin_samples/Keimbahn/KB0476_f_R3_UMI.fastq.gz
    output: /gpfs/project/projects/spike/AG_Borkhardt/Intermediate/040_trim/Paired/Keimbahn/KB0476_f_R1_UMI.fastq.gz, /gpfs/project/projects/spike/AG_Borkhardt/Intermediate/040_trim/Paired/Keimbahn/KB0476_f_R2_UMI.fastq.gz
    log: /gpfs/project/projects/spike/AG_Borkhardt/Logs/040_trim/Keimbahn/KB0476_f.log
    jobid: 88
    benchmark: /gpfs/project/projects/spike/AG_Borkhardt/Benchmarks/040_trim/Keimbahn/KB0476_f.benchmark
    reason: Missing output files: /gpfs/project/projects/spike/AG_Borkhardt/Intermediate/040_trim/Paired/Keimbahn/KB0476_f_R2_UMI.fastq.gz, /gpfs/project/projects/spike/AG_Borkhardt/Intermediate/040_trim/Paired/Keimbahn/KB0476_f_R1_UMI.fastq.gz; Input files updated by another job: /gpfs/project/projects/spike/AG_Borkhardt/Intermediate/035_rejoin_samples/Keimbahn/KB0476_f_R3_UMI.fastq.gz, /gpfs/project/projects/spike/AG_Borkhardt/Intermediate/035_rejoin_samples/Keimbahn/KB0476_f_R1_UMI.fastq.gz
    wildcards: prefix=/gpfs/project/projects/spike/AG_Borkhardt/, sample=Keimbahn/KB0476_f
    threads: 16

mkdir -p `dirname /gpfs/project/projects/spike/AG_Borkhardt/Intermediate/040_trim/Unpaired/Keimbahn/KB0476_f_R1.fastq.gz` 2> /gpfs/project/projects/spike/AG_Borkhardt/Logs/040_trim/Keimbahn/KB0476_f.log & java -Xmx4g -XX:ParallelGCThreads=16 -jar ${CONDA_PREFIX}/share/trimmomatic-0.39-1/trimmomatic.jar PE -threads 16 -phred33 /gpfs/project/projects/spike/AG_Borkhardt/Intermediate/035_rejoin_samples/Keimbahn/KB0476_f_R1_UMI.fastq.gz /gpfs/project/projects/spike/AG_Borkhardt/Intermediate/035_rejoin_samples/Keimbahn/KB0476_f_R3_UMI.fastq.gz /gpfs/project/projects/spike/AG_Borkhardt/Intermediate/040_trim/Paired/Keimbahn/KB0476_f_R1_UMI.fastq.gz /gpfs/project/projects/spike/AG_Borkhardt/Intermediate/040_trim/Unpaired/Keimbahn/KB0476_f_R1.fastq.gz /gpfs/project/projects/spike/AG_Borkhardt/Intermediate/040_trim/Paired/Keimbahn/KB0476_f_R2_UMI.fastq.gz /gpfs/project/projects/spike/AG_Borkhardt/Intermediate/040_trim/Unpaired/Keimbahn/KB0476_f_R2.fastq.gz ILLUMINACLIP:${CONDA_PREFIX}/share/trimmomatic-0.39-1/adapters/TruSeq3-PE.fa:2:30:10 CROP:149 LEADING:10 TRAILING:10 SLIDINGWINDOW:4:15 MINLEN:54 >> /gpfs/project/projects/spike/AG_Borkhardt/Logs/040_trim/Keimbahn/KB0476_f.log 2>&1
Submitted job 88 with external jobid '3381238.hpc-batch'.
[Thu May 12 04:46:55 2022]
Error in rule trim:
    jobid: 88
    output: /gpfs/project/projects/spike/AG_Borkhardt/Intermediate/040_trim/Paired/Keimbahn/KB0476_f_R1_UMI.fastq.gz, /gpfs/project/projects/spike/AG_Borkhardt/Intermediate/040_trim/Paired/Keimbahn/KB0476_f_R2_UMI.fastq.gz
    log: /gpfs/project/projects/spike/AG_Borkhardt/Logs/040_trim/Keimbahn/KB0476_f.log (check log file(s) for error message)
    conda-env: /home/yasinl/V7_Nextseq_Hg38/.snakemake/conda/1088f784
    shell:
        mkdir -p `dirname /gpfs/project/projects/spike/AG_Borkhardt/Intermediate/040_trim/Unpaired/Keimbahn/KB0476_f_R1.fastq.gz` 2> /gpfs/project/projects/spike/AG_Borkhardt/Logs/040_trim/Keimbahn/KB0476_f.log & java -Xmx4g -XX:ParallelGCThreads=16 -jar ${CONDA_PREFIX}/share/trimmomatic-0.39-1/trimmomatic.jar PE -threads 16 -phred33 /gpfs/project/projects/spike/AG_Borkhardt/Intermediate/035_rejoin_samples/Keimbahn/KB0476_f_R1_UMI.fastq.gz /gpfs/project/projects/spike/AG_Borkhardt/Intermediate/035_rejoin_samples/Keimbahn/KB0476_f_R3_UMI.fastq.gz /gpfs/project/projects/spike/AG_Borkhardt/Intermediate/040_trim/Paired/Keimbahn/KB0476_f_R1_UMI.fastq.gz /gpfs/project/projects/spike/AG_Borkhardt/Intermediate/040_trim/Unpaired/Keimbahn/KB0476_f_R1.fastq.gz /gpfs/project/projects/spike/AG_Borkhardt/Intermediate/040_trim/Paired/Keimbahn/KB0476_f_R2_UMI.fastq.gz /gpfs/project/projects/spike/AG_Borkhardt/Intermediate/040_trim/Unpaired/Keimbahn/KB0476_f_R2.fastq.gz ILLUMINACLIP:${CONDA_PREFIX}/share/trimmomatic-0.39-1/adapters/TruSeq3-PE.fa:2:30:10 CROP:149 LEADING:10 TRAILING:10 SLIDINGWINDOW:4:15 MINLEN:54 >> /gpfs/project/projects/spike/AG_Borkhardt/Logs/040_trim/Keimbahn/KB0476_f.log 2>&1
        (exited with non-zero exit code)
    cluster_jobid: 3381238.hpc-batch

Error executing rule trim on cluster (jobid: 88, external: 3381238.hpc-batch, jobscript: /home/yasinl/V7_Nextseq_Hg38/.snakemake/tmp.144s_uid/snakejob.trim.88.sh). For error details see the cluster log and the log files of the involved rule(s).
Job failed, going on with independent jobs.
[Thu May 12 04:47:04 2022]
Finished job 100.
8 of 107 steps (7%) done
[Thu May 12 04:49:37 2022]
Finished job 103.
9 of 107 steps (8%) done

[Thu May 12 04:49:37 2022]
rule trim:
    input: /gpfs/project/projects/spike/AG_Borkhardt/Intermediate/035_rejoin_samples/Keimbahn/KB0479_f_R1_UMI.fastq.gz, /gpfs/project/projects/spike/AG_Borkhardt/Intermediate/035_rejoin_samples/Keimbahn/KB0479_f_R3_UMI.fastq.gz
    output: /gpfs/project/projects/spike/AG_Borkhardt/Intermediate/040_trim/Paired/Keimbahn/KB0479_f_R1_UMI.fastq.gz, /gpfs/project/projects/spike/AG_Borkhardt/Intermediate/040_trim/Paired/Keimbahn/KB0479_f_R2_UMI.fastq.gz
    log: /gpfs/project/projects/spike/AG_Borkhardt/Logs/040_trim/Keimbahn/KB0479_f.log
    jobid: 87
    benchmark: /gpfs/project/projects/spike/AG_Borkhardt/Benchmarks/040_trim/Keimbahn/KB0479_f.benchmark
    reason: Missing output files: /gpfs/project/projects/spike/AG_Borkhardt/Intermediate/040_trim/Paired/Keimbahn/KB0479_f_R2_UMI.fastq.gz, /gpfs/project/projects/spike/AG_Borkhardt/Intermediate/040_trim/Paired/Keimbahn/KB0479_f_R1_UMI.fastq.gz; Input files updated by another job: /gpfs/project/projects/spike/AG_Borkhardt/Intermediate/035_rejoin_samples/Keimbahn/KB0479_f_R1_UMI.fastq.gz, /gpfs/project/projects/spike/AG_Borkhardt/Intermediate/035_rejoin_samples/Keimbahn/KB0479_f_R3_UMI.fastq.gz
    wildcards: prefix=/gpfs/project/projects/spike/AG_Borkhardt/, sample=Keimbahn/KB0479_f
    threads: 16

mkdir -p `dirname /gpfs/project/projects/spike/AG_Borkhardt/Intermediate/040_trim/Unpaired/Keimbahn/KB0479_f_R1.fastq.gz` 2> /gpfs/project/projects/spike/AG_Borkhardt/Logs/040_trim/Keimbahn/KB0479_f.log & java -Xmx4g -XX:ParallelGCThreads=16 -jar ${CONDA_PREFIX}/share/trimmomatic-0.39-1/trimmomatic.jar PE -threads 16 -phred33 /gpfs/project/projects/spike/AG_Borkhardt/Intermediate/035_rejoin_samples/Keimbahn/KB0479_f_R1_UMI.fastq.gz /gpfs/project/projects/spike/AG_Borkhardt/Intermediate/035_rejoin_samples/Keimbahn/KB0479_f_R3_UMI.fastq.gz /gpfs/project/projects/spike/AG_Borkhardt/Intermediate/040_trim/Paired/Keimbahn/KB0479_f_R1_UMI.fastq.gz /gpfs/project/projects/spike/AG_Borkhardt/Intermediate/040_trim/Unpaired/Keimbahn/KB0479_f_R1.fastq.gz /gpfs/project/projects/spike/AG_Borkhardt/Intermediate/040_trim/Paired/Keimbahn/KB0479_f_R2_UMI.fastq.gz /gpfs/project/projects/spike/AG_Borkhardt/Intermediate/040_trim/Unpaired/Keimbahn/KB0479_f_R2.fastq.gz ILLUMINACLIP:${CONDA_PREFIX}/share/trimmomatic-0.39-1/adapters/TruSeq3-PE.fa:2:30:10 CROP:149 LEADING:10 TRAILING:10 SLIDINGWINDOW:4:15 MINLEN:54 >> /gpfs/project/projects/spike/AG_Borkhardt/Logs/040_trim/Keimbahn/KB0479_f.log 2>&1
Submitted job 87 with external jobid '3381256.hpc-batch'.
[Thu May 12 04:49:57 2022]
Finished job 98.
10 of 107 steps (9%) done
[Thu May 12 04:50:22 2022]
Finished job 101.
11 of 107 steps (10%) done

[Thu May 12 04:50:22 2022]
rule trim:
    input: /gpfs/project/projects/spike/AG_Borkhardt/Intermediate/035_rejoin_samples/Keimbahn/KB0476_m_R1_UMI.fastq.gz, /gpfs/project/projects/spike/AG_Borkhardt/Intermediate/035_rejoin_samples/Keimbahn/KB0476_m_R3_UMI.fastq.gz
    output: /gpfs/project/projects/spike/AG_Borkhardt/Intermediate/040_trim/Paired/Keimbahn/KB0476_m_R1_UMI.fastq.gz, /gpfs/project/projects/spike/AG_Borkhardt/Intermediate/040_trim/Paired/Keimbahn/KB0476_m_R2_UMI.fastq.gz
    log: /gpfs/project/projects/spike/AG_Borkhardt/Logs/040_trim/Keimbahn/KB0476_m.log
    jobid: 86
    benchmark: /gpfs/project/projects/spike/AG_Borkhardt/Benchmarks/040_trim/Keimbahn/KB0476_m.benchmark
    reason: Missing output files: /gpfs/project/projects/spike/AG_Borkhardt/Intermediate/040_trim/Paired/Keimbahn/KB0476_m_R2_UMI.fastq.gz, /gpfs/project/projects/spike/AG_Borkhardt/Intermediate/040_trim/Paired/Keimbahn/KB0476_m_R1_UMI.fastq.gz; Input files updated by another job: /gpfs/project/projects/spike/AG_Borkhardt/Intermediate/035_rejoin_samples/Keimbahn/KB0476_m_R1_UMI.fastq.gz, /gpfs/project/projects/spike/AG_Borkhardt/Intermediate/035_rejoin_samples/Keimbahn/KB0476_m_R3_UMI.fastq.gz
    wildcards: prefix=/gpfs/project/projects/spike/AG_Borkhardt/, sample=Keimbahn/KB0476_m
    threads: 16

mkdir -p `dirname /gpfs/project/projects/spike/AG_Borkhardt/Intermediate/040_trim/Unpaired/Keimbahn/KB0476_m_R1.fastq.gz` 2> /gpfs/project/projects/spike/AG_Borkhardt/Logs/040_trim/Keimbahn/KB0476_m.log & java -Xmx4g -XX:ParallelGCThreads=16 -jar ${CONDA_PREFIX}/share/trimmomatic-0.39-1/trimmomatic.jar PE -threads 16 -phred33 /gpfs/project/projects/spike/AG_Borkhardt/Intermediate/035_rejoin_samples/Keimbahn/KB0476_m_R1_UMI.fastq.gz /gpfs/project/projects/spike/AG_Borkhardt/Intermediate/035_rejoin_samples/Keimbahn/KB0476_m_R3_UMI.fastq.gz /gpfs/project/projects/spike/AG_Borkhardt/Intermediate/040_trim/Paired/Keimbahn/KB0476_m_R1_UMI.fastq.gz /gpfs/project/projects/spike/AG_Borkhardt/Intermediate/040_trim/Unpaired/Keimbahn/KB0476_m_R1.fastq.gz /gpfs/project/projects/spike/AG_Borkhardt/Intermediate/040_trim/Paired/Keimbahn/KB0476_m_R2_UMI.fastq.gz /gpfs/project/projects/spike/AG_Borkhardt/Intermediate/040_trim/Unpaired/Keimbahn/KB0476_m_R2.fastq.gz ILLUMINACLIP:${CONDA_PREFIX}/share/trimmomatic-0.39-1/adapters/TruSeq3-PE.fa:2:30:10 CROP:149 LEADING:10 TRAILING:10 SLIDINGWINDOW:4:15 MINLEN:54 >> /gpfs/project/projects/spike/AG_Borkhardt/Logs/040_trim/Keimbahn/KB0476_m.log 2>&1
Submitted job 86 with external jobid '3381257.hpc-batch'.
[Thu May 12 04:50:25 2022]
Error in rule trim:
    jobid: 87
    output: /gpfs/project/projects/spike/AG_Borkhardt/Intermediate/040_trim/Paired/Keimbahn/KB0479_f_R1_UMI.fastq.gz, /gpfs/project/projects/spike/AG_Borkhardt/Intermediate/040_trim/Paired/Keimbahn/KB0479_f_R2_UMI.fastq.gz
    log: /gpfs/project/projects/spike/AG_Borkhardt/Logs/040_trim/Keimbahn/KB0479_f.log (check log file(s) for error message)
    conda-env: /home/yasinl/V7_Nextseq_Hg38/.snakemake/conda/1088f784
    shell:
        mkdir -p `dirname /gpfs/project/projects/spike/AG_Borkhardt/Intermediate/040_trim/Unpaired/Keimbahn/KB0479_f_R1.fastq.gz` 2> /gpfs/project/projects/spike/AG_Borkhardt/Logs/040_trim/Keimbahn/KB0479_f.log & java -Xmx4g -XX:ParallelGCThreads=16 -jar ${CONDA_PREFIX}/share/trimmomatic-0.39-1/trimmomatic.jar PE -threads 16 -phred33 /gpfs/project/projects/spike/AG_Borkhardt/Intermediate/035_rejoin_samples/Keimbahn/KB0479_f_R1_UMI.fastq.gz /gpfs/project/projects/spike/AG_Borkhardt/Intermediate/035_rejoin_samples/Keimbahn/KB0479_f_R3_UMI.fastq.gz /gpfs/project/projects/spike/AG_Borkhardt/Intermediate/040_trim/Paired/Keimbahn/KB0479_f_R1_UMI.fastq.gz /gpfs/project/projects/spike/AG_Borkhardt/Intermediate/040_trim/Unpaired/Keimbahn/KB0479_f_R1.fastq.gz /gpfs/project/projects/spike/AG_Borkhardt/Intermediate/040_trim/Paired/Keimbahn/KB0479_f_R2_UMI.fastq.gz /gpfs/project/projects/spike/AG_Borkhardt/Intermediate/040_trim/Unpaired/Keimbahn/KB0479_f_R2.fastq.gz ILLUMINACLIP:${CONDA_PREFIX}/share/trimmomatic-0.39-1/adapters/TruSeq3-PE.fa:2:30:10 CROP:149 LEADING:10 TRAILING:10 SLIDINGWINDOW:4:15 MINLEN:54 >> /gpfs/project/projects/spike/AG_Borkhardt/Logs/040_trim/Keimbahn/KB0479_f.log 2>&1
        (exited with non-zero exit code)
    cluster_jobid: 3381256.hpc-batch

Error executing rule trim on cluster (jobid: 87, external: 3381256.hpc-batch, jobscript: /home/yasinl/V7_Nextseq_Hg38/.snakemake/tmp.144s_uid/snakejob.trim.87.sh). For error details see the cluster log and the log files of the involved rule(s).
Job failed, going on with independent jobs.
[Thu May 12 04:50:58 2022]
Error in rule trim:
    jobid: 86
    output: /gpfs/project/projects/spike/AG_Borkhardt/Intermediate/040_trim/Paired/Keimbahn/KB0476_m_R1_UMI.fastq.gz, /gpfs/project/projects/spike/AG_Borkhardt/Intermediate/040_trim/Paired/Keimbahn/KB0476_m_R2_UMI.fastq.gz
    log: /gpfs/project/projects/spike/AG_Borkhardt/Logs/040_trim/Keimbahn/KB0476_m.log (check log file(s) for error message)
    conda-env: /home/yasinl/V7_Nextseq_Hg38/.snakemake/conda/1088f784
    shell:
        mkdir -p `dirname /gpfs/project/projects/spike/AG_Borkhardt/Intermediate/040_trim/Unpaired/Keimbahn/KB0476_m_R1.fastq.gz` 2> /gpfs/project/projects/spike/AG_Borkhardt/Logs/040_trim/Keimbahn/KB0476_m.log & java -Xmx4g -XX:ParallelGCThreads=16 -jar ${CONDA_PREFIX}/share/trimmomatic-0.39-1/trimmomatic.jar PE -threads 16 -phred33 /gpfs/project/projects/spike/AG_Borkhardt/Intermediate/035_rejoin_samples/Keimbahn/KB0476_m_R1_UMI.fastq.gz /gpfs/project/projects/spike/AG_Borkhardt/Intermediate/035_rejoin_samples/Keimbahn/KB0476_m_R3_UMI.fastq.gz /gpfs/project/projects/spike/AG_Borkhardt/Intermediate/040_trim/Paired/Keimbahn/KB0476_m_R1_UMI.fastq.gz /gpfs/project/projects/spike/AG_Borkhardt/Intermediate/040_trim/Unpaired/Keimbahn/KB0476_m_R1.fastq.gz /gpfs/project/projects/spike/AG_Borkhardt/Intermediate/040_trim/Paired/Keimbahn/KB0476_m_R2_UMI.fastq.gz /gpfs/project/projects/spike/AG_Borkhardt/Intermediate/040_trim/Unpaired/Keimbahn/KB0476_m_R2.fastq.gz ILLUMINACLIP:${CONDA_PREFIX}/share/trimmomatic-0.39-1/adapters/TruSeq3-PE.fa:2:30:10 CROP:149 LEADING:10 TRAILING:10 SLIDINGWINDOW:4:15 MINLEN:54 >> /gpfs/project/projects/spike/AG_Borkhardt/Logs/040_trim/Keimbahn/KB0476_m.log 2>&1
        (exited with non-zero exit code)
    cluster_jobid: 3381257.hpc-batch

Error executing rule trim on cluster (jobid: 86, external: 3381257.hpc-batch, jobscript: /home/yasinl/V7_Nextseq_Hg38/.snakemake/tmp.144s_uid/snakejob.trim.86.sh). For error details see the cluster log and the log files of the involved rule(s).
Job failed, going on with independent jobs.
[Thu May 12 04:52:26 2022]
Finished job 99.
12 of 107 steps (11%) done

[Thu May 12 04:52:26 2022]
rule trim:
    input: /gpfs/project/projects/spike/AG_Borkhardt/Intermediate/035_rejoin_samples/Keimbahn/KB0315_m_R1_UMI.fastq.gz, /gpfs/project/projects/spike/AG_Borkhardt/Intermediate/035_rejoin_samples/Keimbahn/KB0315_m_R3_UMI.fastq.gz
    output: /gpfs/project/projects/spike/AG_Borkhardt/Intermediate/040_trim/Paired/Keimbahn/KB0315_m_R1_UMI.fastq.gz, /gpfs/project/projects/spike/AG_Borkhardt/Intermediate/040_trim/Paired/Keimbahn/KB0315_m_R2_UMI.fastq.gz
    log: /gpfs/project/projects/spike/AG_Borkhardt/Logs/040_trim/Keimbahn/KB0315_m.log
    jobid: 85
    benchmark: /gpfs/project/projects/spike/AG_Borkhardt/Benchmarks/040_trim/Keimbahn/KB0315_m.benchmark
    reason: Missing output files: /gpfs/project/projects/spike/AG_Borkhardt/Intermediate/040_trim/Paired/Keimbahn/KB0315_m_R1_UMI.fastq.gz, /gpfs/project/projects/spike/AG_Borkhardt/Intermediate/040_trim/Paired/Keimbahn/KB0315_m_R2_UMI.fastq.gz; Input files updated by another job: /gpfs/project/projects/spike/AG_Borkhardt/Intermediate/035_rejoin_samples/Keimbahn/KB0315_m_R3_UMI.fastq.gz, /gpfs/project/projects/spike/AG_Borkhardt/Intermediate/035_rejoin_samples/Keimbahn/KB0315_m_R1_UMI.fastq.gz
    wildcards: prefix=/gpfs/project/projects/spike/AG_Borkhardt/, sample=Keimbahn/KB0315_m
    threads: 16

mkdir -p `dirname /gpfs/project/projects/spike/AG_Borkhardt/Intermediate/040_trim/Unpaired/Keimbahn/KB0315_m_R1.fastq.gz` 2> /gpfs/project/projects/spike/AG_Borkhardt/Logs/040_trim/Keimbahn/KB0315_m.log & java -Xmx4g -XX:ParallelGCThreads=16 -jar ${CONDA_PREFIX}/share/trimmomatic-0.39-1/trimmomatic.jar PE -threads 16 -phred33 /gpfs/project/projects/spike/AG_Borkhardt/Intermediate/035_rejoin_samples/Keimbahn/KB0315_m_R1_UMI.fastq.gz /gpfs/project/projects/spike/AG_Borkhardt/Intermediate/035_rejoin_samples/Keimbahn/KB0315_m_R3_UMI.fastq.gz /gpfs/project/projects/spike/AG_Borkhardt/Intermediate/040_trim/Paired/Keimbahn/KB0315_m_R1_UMI.fastq.gz /gpfs/project/projects/spike/AG_Borkhardt/Intermediate/040_trim/Unpaired/Keimbahn/KB0315_m_R1.fastq.gz /gpfs/project/projects/spike/AG_Borkhardt/Intermediate/040_trim/Paired/Keimbahn/KB0315_m_R2_UMI.fastq.gz /gpfs/project/projects/spike/AG_Borkhardt/Intermediate/040_trim/Unpaired/Keimbahn/KB0315_m_R2.fastq.gz ILLUMINACLIP:${CONDA_PREFIX}/share/trimmomatic-0.39-1/adapters/TruSeq3-PE.fa:2:30:10 CROP:149 LEADING:10 TRAILING:10 SLIDINGWINDOW:4:15 MINLEN:54 >> /gpfs/project/projects/spike/AG_Borkhardt/Logs/040_trim/Keimbahn/KB0315_m.log 2>&1
Submitted job 85 with external jobid '3381266.hpc-batch'.
[Thu May 12 04:53:05 2022]
Error in rule trim:
    jobid: 85
    output: /gpfs/project/projects/spike/AG_Borkhardt/Intermediate/040_trim/Paired/Keimbahn/KB0315_m_R1_UMI.fastq.gz, /gpfs/project/projects/spike/AG_Borkhardt/Intermediate/040_trim/Paired/Keimbahn/KB0315_m_R2_UMI.fastq.gz
    log: /gpfs/project/projects/spike/AG_Borkhardt/Logs/040_trim/Keimbahn/KB0315_m.log (check log file(s) for error message)
    conda-env: /home/yasinl/V7_Nextseq_Hg38/.snakemake/conda/1088f784
    shell:
        mkdir -p `dirname /gpfs/project/projects/spike/AG_Borkhardt/Intermediate/040_trim/Unpaired/Keimbahn/KB0315_m_R1.fastq.gz` 2> /gpfs/project/projects/spike/AG_Borkhardt/Logs/040_trim/Keimbahn/KB0315_m.log & java -Xmx4g -XX:ParallelGCThreads=16 -jar ${CONDA_PREFIX}/share/trimmomatic-0.39-1/trimmomatic.jar PE -threads 16 -phred33 /gpfs/project/projects/spike/AG_Borkhardt/Intermediate/035_rejoin_samples/Keimbahn/KB0315_m_R1_UMI.fastq.gz /gpfs/project/projects/spike/AG_Borkhardt/Intermediate/035_rejoin_samples/Keimbahn/KB0315_m_R3_UMI.fastq.gz /gpfs/project/projects/spike/AG_Borkhardt/Intermediate/040_trim/Paired/Keimbahn/KB0315_m_R1_UMI.fastq.gz /gpfs/project/projects/spike/AG_Borkhardt/Intermediate/040_trim/Unpaired/Keimbahn/KB0315_m_R1.fastq.gz /gpfs/project/projects/spike/AG_Borkhardt/Intermediate/040_trim/Paired/Keimbahn/KB0315_m_R2_UMI.fastq.gz /gpfs/project/projects/spike/AG_Borkhardt/Intermediate/040_trim/Unpaired/Keimbahn/KB0315_m_R2.fastq.gz ILLUMINACLIP:${CONDA_PREFIX}/share/trimmomatic-0.39-1/adapters/TruSeq3-PE.fa:2:30:10 CROP:149 LEADING:10 TRAILING:10 SLIDINGWINDOW:4:15 MINLEN:54 >> /gpfs/project/projects/spike/AG_Borkhardt/Logs/040_trim/Keimbahn/KB0315_m.log 2>&1
        (exited with non-zero exit code)
    cluster_jobid: 3381266.hpc-batch

Error executing rule trim on cluster (jobid: 85, external: 3381266.hpc-batch, jobscript: /home/yasinl/V7_Nextseq_Hg38/.snakemake/tmp.144s_uid/snakejob.trim.85.sh). For error details see the cluster log and the log files of the involved rule(s).
Job failed, going on with independent jobs.
[Thu May 12 04:54:49 2022]
Finished job 106.
13 of 107 steps (12%) done

[Thu May 12 04:54:49 2022]
rule trim:
    input: /gpfs/project/projects/spike/AG_Borkhardt/Intermediate/035_rejoin_samples/Keimbahn/KB0476_c_R1_UMI.fastq.gz, /gpfs/project/projects/spike/AG_Borkhardt/Intermediate/035_rejoin_samples/Keimbahn/KB0476_c_R3_UMI.fastq.gz
    output: /gpfs/project/projects/spike/AG_Borkhardt/Intermediate/040_trim/Paired/Keimbahn/KB0476_c_R1_UMI.fastq.gz, /gpfs/project/projects/spike/AG_Borkhardt/Intermediate/040_trim/Paired/Keimbahn/KB0476_c_R2_UMI.fastq.gz
    log: /gpfs/project/projects/spike/AG_Borkhardt/Logs/040_trim/Keimbahn/KB0476_c.log
    jobid: 89
    benchmark: /gpfs/project/projects/spike/AG_Borkhardt/Benchmarks/040_trim/Keimbahn/KB0476_c.benchmark
    reason: Missing output files: /gpfs/project/projects/spike/AG_Borkhardt/Intermediate/040_trim/Paired/Keimbahn/KB0476_c_R1_UMI.fastq.gz, /gpfs/project/projects/spike/AG_Borkhardt/Intermediate/040_trim/Paired/Keimbahn/KB0476_c_R2_UMI.fastq.gz; Input files updated by another job: /gpfs/project/projects/spike/AG_Borkhardt/Intermediate/035_rejoin_samples/Keimbahn/KB0476_c_R1_UMI.fastq.gz
    wildcards: prefix=/gpfs/project/projects/spike/AG_Borkhardt/, sample=Keimbahn/KB0476_c
    threads: 16

mkdir -p `dirname /gpfs/project/projects/spike/AG_Borkhardt/Intermediate/040_trim/Unpaired/Keimbahn/KB0476_c_R1.fastq.gz` 2> /gpfs/project/projects/spike/AG_Borkhardt/Logs/040_trim/Keimbahn/KB0476_c.log & java -Xmx4g -XX:ParallelGCThreads=16 -jar ${CONDA_PREFIX}/share/trimmomatic-0.39-1/trimmomatic.jar PE -threads 16 -phred33 /gpfs/project/projects/spike/AG_Borkhardt/Intermediate/035_rejoin_samples/Keimbahn/KB0476_c_R1_UMI.fastq.gz /gpfs/project/projects/spike/AG_Borkhardt/Intermediate/035_rejoin_samples/Keimbahn/KB0476_c_R3_UMI.fastq.gz /gpfs/project/projects/spike/AG_Borkhardt/Intermediate/040_trim/Paired/Keimbahn/KB0476_c_R1_UMI.fastq.gz /gpfs/project/projects/spike/AG_Borkhardt/Intermediate/040_trim/Unpaired/Keimbahn/KB0476_c_R1.fastq.gz /gpfs/project/projects/spike/AG_Borkhardt/Intermediate/040_trim/Paired/Keimbahn/KB0476_c_R2_UMI.fastq.gz /gpfs/project/projects/spike/AG_Borkhardt/Intermediate/040_trim/Unpaired/Keimbahn/KB0476_c_R2.fastq.gz ILLUMINACLIP:${CONDA_PREFIX}/share/trimmomatic-0.39-1/adapters/TruSeq3-PE.fa:2:30:10 CROP:149 LEADING:10 TRAILING:10 SLIDINGWINDOW:4:15 MINLEN:54 >> /gpfs/project/projects/spike/AG_Borkhardt/Logs/040_trim/Keimbahn/KB0476_c.log 2>&1
Submitted job 89 with external jobid '3381278.hpc-batch'.
[Thu May 12 04:55:24 2022]
Error in rule trim:
    jobid: 89
    output: /gpfs/project/projects/spike/AG_Borkhardt/Intermediate/040_trim/Paired/Keimbahn/KB0476_c_R1_UMI.fastq.gz, /gpfs/project/projects/spike/AG_Borkhardt/Intermediate/040_trim/Paired/Keimbahn/KB0476_c_R2_UMI.fastq.gz
    log: /gpfs/project/projects/spike/AG_Borkhardt/Logs/040_trim/Keimbahn/KB0476_c.log (check log file(s) for error message)
    conda-env: /home/yasinl/V7_Nextseq_Hg38/.snakemake/conda/1088f784
    shell:
        mkdir -p `dirname /gpfs/project/projects/spike/AG_Borkhardt/Intermediate/040_trim/Unpaired/Keimbahn/KB0476_c_R1.fastq.gz` 2> /gpfs/project/projects/spike/AG_Borkhardt/Logs/040_trim/Keimbahn/KB0476_c.log & java -Xmx4g -XX:ParallelGCThreads=16 -jar ${CONDA_PREFIX}/share/trimmomatic-0.39-1/trimmomatic.jar PE -threads 16 -phred33 /gpfs/project/projects/spike/AG_Borkhardt/Intermediate/035_rejoin_samples/Keimbahn/KB0476_c_R1_UMI.fastq.gz /gpfs/project/projects/spike/AG_Borkhardt/Intermediate/035_rejoin_samples/Keimbahn/KB0476_c_R3_UMI.fastq.gz /gpfs/project/projects/spike/AG_Borkhardt/Intermediate/040_trim/Paired/Keimbahn/KB0476_c_R1_UMI.fastq.gz /gpfs/project/projects/spike/AG_Borkhardt/Intermediate/040_trim/Unpaired/Keimbahn/KB0476_c_R1.fastq.gz /gpfs/project/projects/spike/AG_Borkhardt/Intermediate/040_trim/Paired/Keimbahn/KB0476_c_R2_UMI.fastq.gz /gpfs/project/projects/spike/AG_Borkhardt/Intermediate/040_trim/Unpaired/Keimbahn/KB0476_c_R2.fastq.gz ILLUMINACLIP:${CONDA_PREFIX}/share/trimmomatic-0.39-1/adapters/TruSeq3-PE.fa:2:30:10 CROP:149 LEADING:10 TRAILING:10 SLIDINGWINDOW:4:15 MINLEN:54 >> /gpfs/project/projects/spike/AG_Borkhardt/Logs/040_trim/Keimbahn/KB0476_c.log 2>&1
        (exited with non-zero exit code)
    cluster_jobid: 3381278.hpc-batch

Error executing rule trim on cluster (jobid: 89, external: 3381278.hpc-batch, jobscript: /home/yasinl/V7_Nextseq_Hg38/.snakemake/tmp.144s_uid/snakejob.trim.89.sh). For error details see the cluster log and the log files of the involved rule(s).
Job failed, going on with independent jobs.
[Thu May 12 05:02:54 2022]
Finished job 96.
14 of 107 steps (13%) done
[Thu May 12 05:03:06 2022]
Finished job 90.
15 of 107 steps (14%) done
[Thu May 12 05:06:13 2022]
Finished job 97.
16 of 107 steps (15%) done

[Thu May 12 05:06:13 2022]
rule trim:
    input: /gpfs/project/projects/spike/AG_Borkhardt/Intermediate/035_rejoin_samples/Keimbahn/KB0472_m_R1_UMI.fastq.gz, /gpfs/project/projects/spike/AG_Borkhardt/Intermediate/035_rejoin_samples/Keimbahn/KB0472_m_R3_UMI.fastq.gz
    output: /gpfs/project/projects/spike/AG_Borkhardt/Intermediate/040_trim/Paired/Keimbahn/KB0472_m_R1_UMI.fastq.gz, /gpfs/project/projects/spike/AG_Borkhardt/Intermediate/040_trim/Paired/Keimbahn/KB0472_m_R2_UMI.fastq.gz
    log: /gpfs/project/projects/spike/AG_Borkhardt/Logs/040_trim/Keimbahn/KB0472_m.log
    jobid: 84
    benchmark: /gpfs/project/projects/spike/AG_Borkhardt/Benchmarks/040_trim/Keimbahn/KB0472_m.benchmark
    reason: Missing output files: /gpfs/project/projects/spike/AG_Borkhardt/Intermediate/040_trim/Paired/Keimbahn/KB0472_m_R1_UMI.fastq.gz, /gpfs/project/projects/spike/AG_Borkhardt/Intermediate/040_trim/Paired/Keimbahn/KB0472_m_R2_UMI.fastq.gz; Input files updated by another job: /gpfs/project/projects/spike/AG_Borkhardt/Intermediate/035_rejoin_samples/Keimbahn/KB0472_m_R3_UMI.fastq.gz, /gpfs/project/projects/spike/AG_Borkhardt/Intermediate/035_rejoin_samples/Keimbahn/KB0472_m_R1_UMI.fastq.gz
    wildcards: prefix=/gpfs/project/projects/spike/AG_Borkhardt/, sample=Keimbahn/KB0472_m
    threads: 16

mkdir -p `dirname /gpfs/project/projects/spike/AG_Borkhardt/Intermediate/040_trim/Unpaired/Keimbahn/KB0472_m_R1.fastq.gz` 2> /gpfs/project/projects/spike/AG_Borkhardt/Logs/040_trim/Keimbahn/KB0472_m.log & java -Xmx4g -XX:ParallelGCThreads=16 -jar ${CONDA_PREFIX}/share/trimmomatic-0.39-1/trimmomatic.jar PE -threads 16 -phred33 /gpfs/project/projects/spike/AG_Borkhardt/Intermediate/035_rejoin_samples/Keimbahn/KB0472_m_R1_UMI.fastq.gz /gpfs/project/projects/spike/AG_Borkhardt/Intermediate/035_rejoin_samples/Keimbahn/KB0472_m_R3_UMI.fastq.gz /gpfs/project/projects/spike/AG_Borkhardt/Intermediate/040_trim/Paired/Keimbahn/KB0472_m_R1_UMI.fastq.gz /gpfs/project/projects/spike/AG_Borkhardt/Intermediate/040_trim/Unpaired/Keimbahn/KB0472_m_R1.fastq.gz /gpfs/project/projects/spike/AG_Borkhardt/Intermediate/040_trim/Paired/Keimbahn/KB0472_m_R2_UMI.fastq.gz /gpfs/project/projects/spike/AG_Borkhardt/Intermediate/040_trim/Unpaired/Keimbahn/KB0472_m_R2.fastq.gz ILLUMINACLIP:${CONDA_PREFIX}/share/trimmomatic-0.39-1/adapters/TruSeq3-PE.fa:2:30:10 CROP:149 LEADING:10 TRAILING:10 SLIDINGWINDOW:4:15 MINLEN:54 >> /gpfs/project/projects/spike/AG_Borkhardt/Logs/040_trim/Keimbahn/KB0472_m.log 2>&1
Submitted job 84 with external jobid '3381341.hpc-batch'.
[Thu May 12 05:06:28 2022]
Finished job 91.
17 of 107 steps (16%) done

[Thu May 12 05:06:28 2022]
rule trim:
    input: /gpfs/project/projects/spike/AG_Borkhardt/Intermediate/035_rejoin_samples/Keimbahn/KB0472_c_R1_UMI.fastq.gz, /gpfs/project/projects/spike/AG_Borkhardt/Intermediate/035_rejoin_samples/Keimbahn/KB0472_c_R3_UMI.fastq.gz
    output: /gpfs/project/projects/spike/AG_Borkhardt/Intermediate/040_trim/Paired/Keimbahn/KB0472_c_R1_UMI.fastq.gz, /gpfs/project/projects/spike/AG_Borkhardt/Intermediate/040_trim/Paired/Keimbahn/KB0472_c_R2_UMI.fastq.gz
    log: /gpfs/project/projects/spike/AG_Borkhardt/Logs/040_trim/Keimbahn/KB0472_c.log
    jobid: 81
    benchmark: /gpfs/project/projects/spike/AG_Borkhardt/Benchmarks/040_trim/Keimbahn/KB0472_c.benchmark
    reason: Missing output files: /gpfs/project/projects/spike/AG_Borkhardt/Intermediate/040_trim/Paired/Keimbahn/KB0472_c_R2_UMI.fastq.gz, /gpfs/project/projects/spike/AG_Borkhardt/Intermediate/040_trim/Paired/Keimbahn/KB0472_c_R1_UMI.fastq.gz; Input files updated by another job: /gpfs/project/projects/spike/AG_Borkhardt/Intermediate/035_rejoin_samples/Keimbahn/KB0472_c_R1_UMI.fastq.gz, /gpfs/project/projects/spike/AG_Borkhardt/Intermediate/035_rejoin_samples/Keimbahn/KB0472_c_R3_UMI.fastq.gz
    wildcards: prefix=/gpfs/project/projects/spike/AG_Borkhardt/, sample=Keimbahn/KB0472_c
    threads: 16

mkdir -p `dirname /gpfs/project/projects/spike/AG_Borkhardt/Intermediate/040_trim/Unpaired/Keimbahn/KB0472_c_R1.fastq.gz` 2> /gpfs/project/projects/spike/AG_Borkhardt/Logs/040_trim/Keimbahn/KB0472_c.log & java -Xmx4g -XX:ParallelGCThreads=16 -jar ${CONDA_PREFIX}/share/trimmomatic-0.39-1/trimmomatic.jar PE -threads 16 -phred33 /gpfs/project/projects/spike/AG_Borkhardt/Intermediate/035_rejoin_samples/Keimbahn/KB0472_c_R1_UMI.fastq.gz /gpfs/project/projects/spike/AG_Borkhardt/Intermediate/035_rejoin_samples/Keimbahn/KB0472_c_R3_UMI.fastq.gz /gpfs/project/projects/spike/AG_Borkhardt/Intermediate/040_trim/Paired/Keimbahn/KB0472_c_R1_UMI.fastq.gz /gpfs/project/projects/spike/AG_Borkhardt/Intermediate/040_trim/Unpaired/Keimbahn/KB0472_c_R1.fastq.gz /gpfs/project/projects/spike/AG_Borkhardt/Intermediate/040_trim/Paired/Keimbahn/KB0472_c_R2_UMI.fastq.gz /gpfs/project/projects/spike/AG_Borkhardt/Intermediate/040_trim/Unpaired/Keimbahn/KB0472_c_R2.fastq.gz ILLUMINACLIP:${CONDA_PREFIX}/share/trimmomatic-0.39-1/adapters/TruSeq3-PE.fa:2:30:10 CROP:149 LEADING:10 TRAILING:10 SLIDINGWINDOW:4:15 MINLEN:54 >> /gpfs/project/projects/spike/AG_Borkhardt/Logs/040_trim/Keimbahn/KB0472_c.log 2>&1
Submitted job 81 with external jobid '3381342.hpc-batch'.
[Thu May 12 05:06:53 2022]
Error in rule trim:
    jobid: 84
    output: /gpfs/project/projects/spike/AG_Borkhardt/Intermediate/040_trim/Paired/Keimbahn/KB0472_m_R1_UMI.fastq.gz, /gpfs/project/projects/spike/AG_Borkhardt/Intermediate/040_trim/Paired/Keimbahn/KB0472_m_R2_UMI.fastq.gz
    log: /gpfs/project/projects/spike/AG_Borkhardt/Logs/040_trim/Keimbahn/KB0472_m.log (check log file(s) for error message)
    conda-env: /home/yasinl/V7_Nextseq_Hg38/.snakemake/conda/1088f784
    shell:
        mkdir -p `dirname /gpfs/project/projects/spike/AG_Borkhardt/Intermediate/040_trim/Unpaired/Keimbahn/KB0472_m_R1.fastq.gz` 2> /gpfs/project/projects/spike/AG_Borkhardt/Logs/040_trim/Keimbahn/KB0472_m.log & java -Xmx4g -XX:ParallelGCThreads=16 -jar ${CONDA_PREFIX}/share/trimmomatic-0.39-1/trimmomatic.jar PE -threads 16 -phred33 /gpfs/project/projects/spike/AG_Borkhardt/Intermediate/035_rejoin_samples/Keimbahn/KB0472_m_R1_UMI.fastq.gz /gpfs/project/projects/spike/AG_Borkhardt/Intermediate/035_rejoin_samples/Keimbahn/KB0472_m_R3_UMI.fastq.gz /gpfs/project/projects/spike/AG_Borkhardt/Intermediate/040_trim/Paired/Keimbahn/KB0472_m_R1_UMI.fastq.gz /gpfs/project/projects/spike/AG_Borkhardt/Intermediate/040_trim/Unpaired/Keimbahn/KB0472_m_R1.fastq.gz /gpfs/project/projects/spike/AG_Borkhardt/Intermediate/040_trim/Paired/Keimbahn/KB0472_m_R2_UMI.fastq.gz /gpfs/project/projects/spike/AG_Borkhardt/Intermediate/040_trim/Unpaired/Keimbahn/KB0472_m_R2.fastq.gz ILLUMINACLIP:${CONDA_PREFIX}/share/trimmomatic-0.39-1/adapters/TruSeq3-PE.fa:2:30:10 CROP:149 LEADING:10 TRAILING:10 SLIDINGWINDOW:4:15 MINLEN:54 >> /gpfs/project/projects/spike/AG_Borkhardt/Logs/040_trim/Keimbahn/KB0472_m.log 2>&1
        (exited with non-zero exit code)
    cluster_jobid: 3381341.hpc-batch

Error executing rule trim on cluster (jobid: 84, external: 3381341.hpc-batch, jobscript: /home/yasinl/V7_Nextseq_Hg38/.snakemake/tmp.144s_uid/snakejob.trim.84.sh). For error details see the cluster log and the log files of the involved rule(s).
Job failed, going on with independent jobs.
[Thu May 12 05:07:17 2022]
Error in rule trim:
    jobid: 81
    output: /gpfs/project/projects/spike/AG_Borkhardt/Intermediate/040_trim/Paired/Keimbahn/KB0472_c_R1_UMI.fastq.gz, /gpfs/project/projects/spike/AG_Borkhardt/Intermediate/040_trim/Paired/Keimbahn/KB0472_c_R2_UMI.fastq.gz
    log: /gpfs/project/projects/spike/AG_Borkhardt/Logs/040_trim/Keimbahn/KB0472_c.log (check log file(s) for error message)
    conda-env: /home/yasinl/V7_Nextseq_Hg38/.snakemake/conda/1088f784
    shell:
        mkdir -p `dirname /gpfs/project/projects/spike/AG_Borkhardt/Intermediate/040_trim/Unpaired/Keimbahn/KB0472_c_R1.fastq.gz` 2> /gpfs/project/projects/spike/AG_Borkhardt/Logs/040_trim/Keimbahn/KB0472_c.log & java -Xmx4g -XX:ParallelGCThreads=16 -jar ${CONDA_PREFIX}/share/trimmomatic-0.39-1/trimmomatic.jar PE -threads 16 -phred33 /gpfs/project/projects/spike/AG_Borkhardt/Intermediate/035_rejoin_samples/Keimbahn/KB0472_c_R1_UMI.fastq.gz /gpfs/project/projects/spike/AG_Borkhardt/Intermediate/035_rejoin_samples/Keimbahn/KB0472_c_R3_UMI.fastq.gz /gpfs/project/projects/spike/AG_Borkhardt/Intermediate/040_trim/Paired/Keimbahn/KB0472_c_R1_UMI.fastq.gz /gpfs/project/projects/spike/AG_Borkhardt/Intermediate/040_trim/Unpaired/Keimbahn/KB0472_c_R1.fastq.gz /gpfs/project/projects/spike/AG_Borkhardt/Intermediate/040_trim/Paired/Keimbahn/KB0472_c_R2_UMI.fastq.gz /gpfs/project/projects/spike/AG_Borkhardt/Intermediate/040_trim/Unpaired/Keimbahn/KB0472_c_R2.fastq.gz ILLUMINACLIP:${CONDA_PREFIX}/share/trimmomatic-0.39-1/adapters/TruSeq3-PE.fa:2:30:10 CROP:149 LEADING:10 TRAILING:10 SLIDINGWINDOW:4:15 MINLEN:54 >> /gpfs/project/projects/spike/AG_Borkhardt/Logs/040_trim/Keimbahn/KB0472_c.log 2>&1
        (exited with non-zero exit code)
    cluster_jobid: 3381342.hpc-batch

Error executing rule trim on cluster (jobid: 81, external: 3381342.hpc-batch, jobscript: /home/yasinl/V7_Nextseq_Hg38/.snakemake/tmp.144s_uid/snakejob.trim.81.sh). For error details see the cluster log and the log files of the involved rule(s).
Job failed, going on with independent jobs.
Exiting because a job execution failed. Look above for error message
Complete log: /home/yasinl/V7_Nextseq_Hg38/.snakemake/log/2022-05-12T032458.093135.snakemake.log
